文件：ad.c         编译器版本 HGASM 0202 页次1


   1  0000              ; Generated by holtek-gcc v3.19, Thu Jul 21 09:11:03 2022
   2  0000              ; 
   3  0000              ; Configuration:
   4  0000              ;       without long instruction
   5  0000              ;       Multi-ROM, Multi-RAM
   6  0000              ;       bits_per_rom_unit:16
   7  0000              ;       with mp1
   8  0000              ;       with tbhp, address(0x9)
   9  0000              ;          Use tabrd-const
  10  0000              ;       
  11  0000              ;       
  12  0000              ;       
  13  0000              ; use 'tabrdc' instead of 'tabrd'
  14  0000              ;       
  15  0000              
  16  0000              #pragma translator "holtek-gcc 4.6.4" "3.19" "build 20130711"
  17  0000              ; Rebuild 718
  18  0000              
  19  0000              ir equ [2]
  20  0000              mp equ [3]
  21  0000              sbp equ [1]
  22  0000              acc equ [5]
  23  0000              bp equ [4]
  24  0000              tblp equ [7]
  25  0000              tbhp equ [9]
  26  0000              status equ [10]
  27  0000              c equ [10].0
  28  0000              ac equ [10].1
  29  0000              z equ [10].2
  30  0000              ov equ [10].3
  31  0000              intc equ [11]
  32  0000              
  33  0000              extern ra:byte
  34  0000              extern rb:byte
  35  0000              extern rc:byte
  36  0000              extern rd:byte
  37  0000              extern re:byte
  38  0000              extern rf:byte
  39  0000              extern rg:byte
  40  0000              extern rh:byte
  41  0000              extern _Crom2Prom:near
  42  0000              extern _Crom2PromNext:near
  43  0000              
  44  0000              RAMBANK 0 @HCCINIT, @HCCINIT0
  45  0000              
  46  0000              RAMBANK 0 @BITDATASEC, @BITDATASEC1
  47  0000              @HCCINIT	.section 'data'
  48  0000              @HCCINIT0	.section 'data'
  49  0000              @BITDATASEC	 .section 'data'
  50  0000              @BITDATASEC1	 .section 'data'
  51  0000              
  52  0000              #pragma debug scope 1 1
  53  0000              	extern __DELAY3:near
  54  0000              	extern __DELAYX3:near
  55  0000              	extern __DELAYX6:near
  56  0000              	extern __DELAYY5:near
  57  0000              	extern __DELAYY3:near
  58  0000              	extern _builtin_holtek_delay_2:byte
  59  0000              public _AD_Delay
文件：ad.ASM       编译器版本 HGASM 0202 页次2

  60  0000              #pragma debug scope 2 1

   9  0000              #line 9 "f:\work\血糖仪\a_bh45f67-旧版\4g\美国客户\make_lib\v1.0.01（5000套出货)-02\g-777g-usa-bg95eseye-2022-2-20\ad.c"
   9  0000              _AD_Delay .section 'code'
   9  0000              _AD_Delay proc
   9  0000  0003        	ret
   9  0001              _AD_Delay endp
   9  0001              #line 9 "f:\work\血糖仪\a_bh45f67-旧版\4g\美国客户\make_lib\v1.0.01（5000套出货)-02\g-777g-usa-bg95eseye-2022-2-20\ad.c"
   9  0001              #pragma debug scope 1 1
   9  0001              ___bgc equ [110]
   9  0001              ___opc1 equ [126]
   9  0001              public _OP_set
   9  0001              #pragma debug scope 3 1
  17  0001              #line 17 "f:\work\血糖仪\a_bh45f67-旧版\4g\美国客户\make_lib\v1.0.01（5000套出货)-02\g-777g-usa-bg95eseye-2022-2-20\ad.c"
  17  0000              _OP_set .section 'code'
  17  0000              _OP_set proc
  18  0000              #line 18 "f:\work\血糖仪\a_bh45f67-旧版\4g\美国客户\make_lib\v1.0.01（5000套出货)-02\g-777g-usa-bg95eseye-2022-2-20\ad.c"
  18  0000  0F10        	mov a,16
  18  0001  00EE        	mov [110],a
  19  0002              #line 19 "f:\work\血糖仪\a_bh45f67-旧版\4g\美国客户\make_lib\v1.0.01（5000套出货)-02\g-777g-usa-bg95eseye-2022-2-20\ad.c"
  19  0002  0F60        	mov a,96
  19  0003  05FE        	orm a,[126]
  19  0004  0003        	ret
  19  0005              _OP_set endp
  19  0005              #line 19 "f:\work\血糖仪\a_bh45f67-旧版\4g\美国客户\make_lib\v1.0.01（5000套出货)-02\g-777g-usa-bg95eseye-2022-2-20\ad.c"
  19  0005              #pragma debug scope 1 1
  19  0005              ___adcr1 equ [69]
  19  0005              ___adcr2 equ [70]
  19  0005              public _AD_set
  19  0005              #pragma debug scope 4 1
  22  0005              #line 22 "f:\work\血糖仪\a_bh45f67-旧版\4g\美国客户\make_lib\v1.0.01（5000套出货)-02\g-777g-usa-bg95eseye-2022-2-20\ad.c"
  22  0000              _AD_set .section 'code'
  22  0000              _AD_set proc
  24  0000              #line 24 "f:\work\血糖仪\a_bh45f67-旧版\4g\美国客户\make_lib\v1.0.01（5000套出货)-02\g-777g-usa-bg95eseye-2022-2-20\ad.c"
  24  0000  0F04        	mov a,4
  24  0001  00C5        	mov [69],a
  25  0002              #line 25 "f:\work\血糖仪\a_bh45f67-旧版\4g\美国客户\make_lib\v1.0.01（5000套出货)-02\g-777g-usa-bg95eseye-2022-2-20\ad.c"
  25  0002  0F08        	mov a,8
  25  0003  00C6        	mov [70],a
  25  0004  0003        	ret
  25  0005              _AD_set endp
  25  0005              #line 25 "f:\work\血糖仪\a_bh45f67-旧版\4g\美国客户\make_lib\v1.0.01（5000套出货)-02\g-777g-usa-bg95eseye-2022-2-20\ad.c"
  25  0005              #pragma debug scope 1 1
  25  0005              ___adcr0 equ [68]
  25  0005              ___adrh equ [67]
  25  0005              _AD_value equ [1010]
  25  0005              ___adrl equ [61]
  25  0005              public _test_OP
  25  0005              #pragma debug scope 5 1
  28  0005              #line 28 "f:\work\血糖仪\a_bh45f67-旧版\4g\美国客户\make_lib\v1.0.01（5000套出货)-02\g-777g-usa-bg95eseye-2022-2-20\ad.c"
  28  0000              _test_OP .section 'code'
  28  0000              _test_OP proc
  28  0000  0008[           local _test_OP_2 db 8 dup(?)	; 0,8
            00
            ]
  28  0008              #pragma debug variable 14 5 _test_OP_2+0 "a"
  28  0000  0F40        	mov a,64
  28  0001  0080     E  	mov ra,a
  30  0002              #line 30 "f:\work\血糖仪\a_bh45f67-旧版\4g\美国客户\make_lib\v1.0.01（5000套出货)-02\g-777g-usa-bg95eseye-2022-2-20\ad.c"
  30  0002  1F00     R  	clr _test_OP_2[0]
文件：ad.c         编译器版本 HGASM 0202 页次3

  30  0003  1F00     R  	clr _test_OP_2[1]
  30  0004  1F00     R  	clr _test_OP_2[2]
  30  0005  1F00     R  	clr _test_OP_2[3]
  30  0006              _L8:
  34  0006              #line 34 "f:\work\血糖仪\a_bh45f67-旧版\4g\美国客户\make_lib\v1.0.01（5000套出货)-02\g-777g-usa-bg95eseye-2022-2-20\ad.c"
  34  0006  37C4        	clr [68].7
  35  0007              #line 35 "f:\work\血糖仪\a_bh45f67-旧版\4g\美国客户\make_lib\v1.0.01（5000套出货)-02\g-777g-usa-bg95eseye-2022-2-20\ad.c"
  35  0007  33C4        	set [68].7
  36  0008              #line 36 "f:\work\血糖仪\a_bh45f67-旧版\4g\美国客户\make_lib\v1.0.01（5000套出货)-02\g-777g-usa-bg95eseye-2022-2-20\ad.c"
  36  0008  37C4        	clr [68].7
  36  0009              _L5:
  37  0009              #line 37 "f:\work\血糖仪\a_bh45f67-旧版\4g\美国客户\make_lib\v1.0.01（5000套出货)-02\g-777g-usa-bg95eseye-2022-2-20\ad.c"
  37  0009  3B44        	snz [68].6
  37  000A  2800     R  	jmp _L10
  39  000B              #line 39 "f:\work\血糖仪\a_bh45f67-旧版\4g\美国客户\make_lib\v1.0.01（5000套出货)-02\g-777g-usa-bg95eseye-2022-2-20\ad.c"
  39  000B              ;# 39 "f:\work\血糖仪\a_bh45f67-旧版\4g\美国客户\make_lib\v1.0.01（5000套出货)-02\g-777g-usa-bg95eseye-2022-2-20\ad.c" 1
  39  000B  0001        	clr wdt
  39  000C  2800     R  	jmp _L5
  39  000D              _L10:
  42  000D              #line 42 "f:\work\血糖仪\a_bh45f67-旧版\4g\美国客户\make_lib\v1.0.01（5000套出货)-02\g-777g-usa-bg95eseye-2022-2-20\ad.c"
  42  000D  0743        	mov a,[67]
  42  000E  0080     E  	mov rd,a
  42  000F  1F00     E  	clr re
  42  0010  1F00     E  	clr rf
  42  0011  1F00     E  	clr rg
  42  0012  0FF2        	mov a,low offset _AD_value
  42  0013  0083        	mov mp,a
  42  0014  0F03        	mov a,high offset _AD_value
  42  0015  0081        	mov sbp,a
  42  0016  0701        	mov a,sbp
  42  0017  0D00     R  	or a,bank _test_OP
  42  0018  0084        	mov bp,a
  42  0019  0700     E  	mov a,rd
  42  001A  0082        	mov ir,a
  42  001B  1483        	inc mp
  42  001C  0700     E  	mov a,re
  42  001D  0082        	mov ir,a
  42  001E  1483        	inc mp
  42  001F  0700     E  	mov a,rf
  42  0020  0082        	mov ir,a
  42  0021  1483        	inc mp
  42  0022  0700     E  	mov a,rg
  42  0023  0082        	mov ir,a
  43  0024              #line 43 "f:\work\血糖仪\a_bh45f67-旧版\4g\美国客户\make_lib\v1.0.01（5000套出货)-02\g-777g-usa-bg95eseye-2022-2-20\ad.c"
  43  0024  0FF2        	mov a,low offset _AD_value
  43  0025  0083        	mov mp,a
  43  0026  0F03        	mov a,high offset _AD_value
  43  0027  0081        	mov sbp,a
  43  0028  0701        	mov a,sbp
  43  0029  0D00     R  	or a,bank _test_OP
  43  002A  0084        	mov bp,a
  43  002B  0702        	mov a,ir
  43  002C  0080     E  	mov rd,a
  43  002D  1483        	inc mp
  43  002E  0702        	mov a,ir
  43  002F  0080     E  	mov re,a
  43  0030  1483        	inc mp
  43  0031  0702        	mov a,ir
  43  0032  0080     E  	mov rf,a
  43  0033  1483        	inc mp
文件：ad.c         编译器版本 HGASM 0202 页次4

  43  0034  0702        	mov a,ir
  43  0035  0080     E  	mov rg,a
  43  0036  0700     E  	mov a,rf
  43  0037  0080     E  	mov rg,a
  43  0038  0700     E  	mov a,re
  43  0039  0080     E  	mov rf,a
  43  003A  0700     E  	mov a,rd
  43  003B  0080     E  	mov re,a
  43  003C  1F00     E  	clr rd
  43  003D  0FF2        	mov a,low offset _AD_value
  43  003E  0083        	mov mp,a
  43  003F  0F03        	mov a,high offset _AD_value
  43  0040  0081        	mov sbp,a
  43  0041  0701        	mov a,sbp
  43  0042  0D00     R  	or a,bank _test_OP
  43  0043  0084        	mov bp,a
  43  0044  0700     E  	mov a,rd
  43  0045  0082        	mov ir,a
  43  0046  1483        	inc mp
  43  0047  0700     E  	mov a,re
  43  0048  0082        	mov ir,a
  43  0049  1483        	inc mp
  43  004A  0700     E  	mov a,rf
  43  004B  0082        	mov ir,a
  43  004C  1483        	inc mp
  43  004D  0700     E  	mov a,rg
  43  004E  0082        	mov ir,a
  44  004F              #line 44 "f:\work\血糖仪\a_bh45f67-旧版\4g\美国客户\make_lib\v1.0.01（5000套出货)-02\g-777g-usa-bg95eseye-2022-2-20\ad.c"
  44  004F  0FF2        	mov a,low offset _AD_value
  44  0050  0083        	mov mp,a
  44  0051  0F03        	mov a,high offset _AD_value
  44  0052  0081        	mov sbp,a
  44  0053  0701        	mov a,sbp
  44  0054  0D00     R  	or a,bank _test_OP
  44  0055  0084        	mov bp,a
  44  0056  0702        	mov a,ir
  44  0057  0080     E  	mov rd,a
  44  0058  1483        	inc mp
  44  0059  0702        	mov a,ir
  44  005A  0080     E  	mov re,a
  44  005B  1483        	inc mp
  44  005C  0702        	mov a,ir
  44  005D  0080     E  	mov rf,a
  44  005E  1483        	inc mp
  44  005F  0702        	mov a,ir
  44  0060  0080     E  	mov rg,a
  44  0061  073D        	mov a,[61]
  44  0062  0080     R  	mov _test_OP_2[4],a
  44  0063  1F00     R  	clr _test_OP_2[5]
  44  0064  1F00     R  	clr _test_OP_2[6]
  44  0065  1F00     R  	clr _test_OP_2[7]
  44  0066  0700     R  	mov a,_test_OP_2[7]
  44  0067  0580     E  	orm a,rg
  44  0068  0700     R  	mov a,_test_OP_2[6]
  44  0069  0580     E  	orm a,rf
  44  006A  0700     R  	mov a,_test_OP_2[5]
  44  006B  0580     E  	orm a,re
  44  006C  0700     R  	mov a,_test_OP_2[4]
  44  006D  0580     E  	orm a,rd
  44  006E  0FF2        	mov a,low offset _AD_value
文件：ad.c         编译器版本 HGASM 0202 页次5

  44  006F  0083        	mov mp,a
  44  0070  0F03        	mov a,high offset _AD_value
  44  0071  0081        	mov sbp,a
  44  0072  0701        	mov a,sbp
  44  0073  0D00     R  	or a,bank _test_OP
  44  0074  0084        	mov bp,a
  44  0075  0700     E  	mov a,rd
  44  0076  0082        	mov ir,a
  44  0077  1483        	inc mp
  44  0078  0700     E  	mov a,re
  44  0079  0082        	mov ir,a
  44  007A  1483        	inc mp
  44  007B  0700     E  	mov a,rf
  44  007C  0082        	mov ir,a
  44  007D  1483        	inc mp
  44  007E  0700     E  	mov a,rg
  44  007F  0082        	mov ir,a
  45  0080              #line 45 "f:\work\血糖仪\a_bh45f67-旧版\4g\美国客户\make_lib\v1.0.01（5000套出货)-02\g-777g-usa-bg95eseye-2022-2-20\ad.c"
  45  0080  0FF2        	mov a,low offset _AD_value
  45  0081  0083        	mov mp,a
  45  0082  0F03        	mov a,high offset _AD_value
  45  0083  0081        	mov sbp,a
  45  0084  0701        	mov a,sbp
  45  0085  0D00     R  	or a,bank _test_OP
  45  0086  0084        	mov bp,a
  45  0087  0702        	mov a,ir
  45  0088  0080     E  	mov rd,a
  45  0089  1483        	inc mp
  45  008A  0702        	mov a,ir
  45  008B  0080     E  	mov re,a
  45  008C  1483        	inc mp
  45  008D  0702        	mov a,ir
  45  008E  0080     E  	mov rf,a
  45  008F  1483        	inc mp
  45  0090  0702        	mov a,ir
  45  0091  0080     E  	mov rg,a
  45  0092  0F04        	mov a,4
  45  0093              _LI1:
  45  0093  340A        	clr c
  45  0094  1B80     E  	rrc rg
  45  0095  1B80     E  	rrc rf
  45  0096  1B80     E  	rrc re
  45  0097  1B80     E  	rrc rd
  45  0098  1785        	sdz acc
  45  0099  2800     R  	jmp _LI1
  45  009A  0FF2        	mov a,low offset _AD_value
  45  009B  0083        	mov mp,a
  45  009C  0F03        	mov a,high offset _AD_value
  45  009D  0081        	mov sbp,a
  45  009E  0701        	mov a,sbp
  45  009F  0D00     R  	or a,bank _test_OP
  45  00A0  0084        	mov bp,a
  45  00A1  0700     E  	mov a,rd
  45  00A2  0082        	mov ir,a
  45  00A3  1483        	inc mp
  45  00A4  0700     E  	mov a,re
  45  00A5  0082        	mov ir,a
  45  00A6  1483        	inc mp
  45  00A7  0700     E  	mov a,rf
  45  00A8  0082        	mov ir,a
文件：ad.c         编译器版本 HGASM 0202 页次6

  45  00A9  1483        	inc mp
  45  00AA  0700     E  	mov a,rg
  45  00AB  0082        	mov ir,a
  46  00AC              #line 46 "f:\work\血糖仪\a_bh45f67-旧版\4g\美国客户\make_lib\v1.0.01（5000套出货)-02\g-777g-usa-bg95eseye-2022-2-20\ad.c"
  46  00AC  0FF2        	mov a,low offset _AD_value
  46  00AD  0083        	mov mp,a
  46  00AE  0F03        	mov a,high offset _AD_value
  46  00AF  0081        	mov sbp,a
  46  00B0  0701        	mov a,sbp
  46  00B1  0D00     R  	or a,bank _test_OP
  46  00B2  0084        	mov bp,a
  46  00B3  0702        	mov a,ir
  46  00B4  0080     E  	mov rd,a
  46  00B5  1483        	inc mp
  46  00B6  0702        	mov a,ir
  46  00B7  0080     E  	mov re,a
  46  00B8  1483        	inc mp
  46  00B9  0702        	mov a,ir
  46  00BA  0080     E  	mov rf,a
  46  00BB  1483        	inc mp
  46  00BC  0702        	mov a,ir
  46  00BD  0080     E  	mov rg,a
  46  00BE  0700     E  	mov a,rd
  46  00BF  0380     R  	addm a,_test_OP_2[0]
  46  00C0  0700     E  	mov a,re
  46  00C1  1380     R  	adcm a,_test_OP_2[1]
  46  00C2  0700     E  	mov a,rf
  46  00C3  1380     R  	adcm a,_test_OP_2[2]
  46  00C4  0700     E  	mov a,rg
  46  00C5  1380     R  	adcm a,_test_OP_2[3]
  46  00C6  1780     E  	sdz ra
  46  00C7  2800     R  	jmp _L8
  48  00C8              #line 48 "f:\work\血糖仪\a_bh45f67-旧版\4g\美国客户\make_lib\v1.0.01（5000套出货)-02\g-777g-usa-bg95eseye-2022-2-20\ad.c"
  48  00C8  0700     R  	mov a,_test_OP_2[0]
  48  00C9  0080     E  	mov rd,a
  48  00CA  0700     R  	mov a,_test_OP_2[1]
  48  00CB  0080     E  	mov re,a
  48  00CC  0700     R  	mov a,_test_OP_2[2]
  48  00CD  0080     E  	mov rf,a
  48  00CE  0700     R  	mov a,_test_OP_2[3]
  48  00CF  0080     E  	mov rg,a
  48  00D0  0F06        	mov a,6
  48  00D1              _LI2:
  48  00D1  340A        	clr c
  48  00D2  1B80     E  	rrc rg
  48  00D3  1B80     E  	rrc rf
  48  00D4  1B80     E  	rrc re
  48  00D5  1B80     E  	rrc rd
  48  00D6  1785        	sdz acc
  48  00D7  2800     R  	jmp _LI2
  48  00D8  0FF2        	mov a,low offset _AD_value
  48  00D9  0083        	mov mp,a
  48  00DA  0F03        	mov a,high offset _AD_value
  48  00DB  0081        	mov sbp,a
  48  00DC  0701        	mov a,sbp
  48  00DD  0D00     R  	or a,bank _test_OP
  48  00DE  0084        	mov bp,a
  48  00DF  0700     E  	mov a,rd
  48  00E0  0082        	mov ir,a
  48  00E1  1483        	inc mp
文件：ad.c         编译器版本 HGASM 0202 页次7

  48  00E2  0700     E  	mov a,re
  48  00E3  0082        	mov ir,a
  48  00E4  1483        	inc mp
  48  00E5  0700     E  	mov a,rf
  48  00E6  0082        	mov ir,a
  48  00E7  1483        	inc mp
  48  00E8  0700     E  	mov a,rg
  48  00E9  0082        	mov ir,a
  48  00EA  0003        	ret
  48  00EB              _test_OP endp
  48  00EB              #line 48 "f:\work\血糖仪\a_bh45f67-旧版\4g\美国客户\make_lib\v1.0.01（5000套出货)-02\g-777g-usa-bg95eseye-2022-2-20\ad.c"
  48  00EB              #pragma debug scope 1 1
  48  00EB              ___pbc equ [30]
  48  00EB              ___pb equ [29]
  48  00EB              ___pbpu equ [28]
  48  00EB              ___tsc equ [114]
  48  00EB              _Pub_temp equ [1016]
  48  00EB              _Blood_glucose equ [963]
  48  00EB              _SystemFlags equ [896]
  48  00EB              public _get_lowPwd
  48  00EB              #pragma debug scope 6 1
  52  00EB              #line 52 "f:\work\血糖仪\a_bh45f67-旧版\4g\美国客户\make_lib\v1.0.01（5000套出货)-02\g-777g-usa-bg95eseye-2022-2-20\ad.c"
  52  0000              _get_lowPwd .section 'code'
  52  0000              _get_lowPwd proc
  52  0000              public _get_lowPwd_2
  52  0000  000A[           local _get_lowPwd_2 db 10 dup(?)	; 1,9
            00
            ]
  52  0000  0080     E  	mov ra,a
  52  0001  0080     R  	mov _get_lowPwd_2[1],a
  52  0002              #pragma debug variable 8 6 _get_lowPwd_2+1 "Channel"
  52  0002              #pragma debug variable 8 6 _get_lowPwd_2+0 "flag"
  56  0002              #line 56 "f:\work\血糖仪\a_bh45f67-旧版\4g\美国客户\make_lib\v1.0.01（5000套出货)-02\g-777g-usa-bg95eseye-2022-2-20\ad.c"
  56  0002  0FF2        	mov a,low offset _AD_value
  56  0003  0083        	mov mp,a
  56  0004  0F03        	mov a,high offset _AD_value
  56  0005  0081        	mov sbp,a
  56  0006  0701        	mov a,sbp
  56  0007  0D00     R  	or a,bank _get_lowPwd
  56  0008  0084        	mov bp,a
  56  0009  1F02        	clr ir
  56  000A  1483        	inc mp
  56  000B  1F02        	clr ir
  56  000C  1483        	inc mp
  56  000D  1F02        	clr ir
  56  000E  1483        	inc mp
  56  000F  1F02        	clr ir
  58  0010              #line 58 "f:\work\血糖仪\a_bh45f67-旧版\4g\美国客户\make_lib\v1.0.01（5000套出货)-02\g-777g-usa-bg95eseye-2022-2-20\ad.c"
  58  0010  1700     E  	sdza ra
  58  0011  2800     R  	jmp _LI3
  58  0012  2800     R  	jmp _L13
  58  0013              _LI3:
  58  0013              #line 58 "f:\work\血糖仪\a_bh45f67-旧版\4g\美国客户\make_lib\v1.0.01（5000套出货)-02\g-777g-usa-bg95eseye-2022-2-20\ad.c"
  58  0013  0700     R  	mov a,_get_lowPwd_2[1]
  58  0014  0A02        	sub a,2
  58  0015  3D0A        	sz z
  58  0016  2800     R  	jmp _L14
  58  0017  0700     R  	mov a,_get_lowPwd_2[1]
  58  0018  0A03        	sub a,3
  58  0019  390A        	snz z
文件：ad.c         编译器版本 HGASM 0202 页次8

  58  001A  2800     R  	jmp _L11
 140  001B              #line 140 "f:\work\血糖仪\a_bh45f67-旧版\4g\美国客户\make_lib\v1.0.01（5000套出货)-02\g-777g-usa-bg95eseye-2022-2-20\ad.c"
 140  001B              	fcall _AD_set
 141  0022              #line 141 "f:\work\血糖仪\a_bh45f67-旧版\4g\美国客户\make_lib\v1.0.01（5000套出货)-02\g-777g-usa-bg95eseye-2022-2-20\ad.c"
 141  0022  3144        	set [68].2
 142  0023              #line 142 "f:\work\血糖仪\a_bh45f67-旧版\4g\美国客户\make_lib\v1.0.01（5000套出货)-02\g-777g-usa-bg95eseye-2022-2-20\ad.c"
 142  0023  34C4        	clr [68].1
 143  0024              #line 143 "f:\work\血糖仪\a_bh45f67-旧版\4g\美国客户\make_lib\v1.0.01（5000套出货)-02\g-777g-usa-bg95eseye-2022-2-20\ad.c"
 143  0024  3444        	clr [68].0
 144  0025              #line 144 "f:\work\血糖仪\a_bh45f67-旧版\4g\美国客户\make_lib\v1.0.01（5000套出货)-02\g-777g-usa-bg95eseye-2022-2-20\ad.c"
 144  0025  0F01        	mov a,1
 144  0026  00F2        	mov [114],a
 145  0027              #line 145 "f:\work\血糖仪\a_bh45f67-旧版\4g\美国客户\make_lib\v1.0.01（5000套出货)-02\g-777g-usa-bg95eseye-2022-2-20\ad.c"
 145  0027  309E        	set [30].1
 146  0028              #line 146 "f:\work\血糖仪\a_bh45f67-旧版\4g\美国客户\make_lib\v1.0.01（5000套出货)-02\g-777g-usa-bg95eseye-2022-2-20\ad.c"
 146  0028  309D        	set [29].1
 147  0029              #line 147 "f:\work\血糖仪\a_bh45f67-旧版\4g\美国客户\make_lib\v1.0.01（5000套出货)-02\g-777g-usa-bg95eseye-2022-2-20\ad.c"
 147  0029  349C        	clr [28].1
 150  002A              #line 150 "f:\work\血糖仪\a_bh45f67-旧版\4g\美国客户\make_lib\v1.0.01（5000套出货)-02\g-777g-usa-bg95eseye-2022-2-20\ad.c"
 150  002A  1F00     R  	clr _get_lowPwd_2[2]
 150  002B  1F00     R  	clr _get_lowPwd_2[3]
 150  002C  1F00     R  	clr _get_lowPwd_2[4]
 150  002D  1F00     R  	clr _get_lowPwd_2[5]
 151  002E              #line 151 "f:\work\血糖仪\a_bh45f67-旧版\4g\美国客户\make_lib\v1.0.01（5000套出货)-02\g-777g-usa-bg95eseye-2022-2-20\ad.c"
 151  002E  1F00     E  	clr ra
 151  002F  2800     R  	jmp _L29
 151  0030              _L13:
  62  0030              #line 62 "f:\work\血糖仪\a_bh45f67-旧版\4g\美国客户\make_lib\v1.0.01（5000套出货)-02\g-777g-usa-bg95eseye-2022-2-20\ad.c"
  62  0030              	fcall _AD_set
  63  0037              #line 63 "f:\work\血糖仪\a_bh45f67-旧版\4g\美国客户\make_lib\v1.0.01（5000套出货)-02\g-777g-usa-bg95eseye-2022-2-20\ad.c"
  63  0037  351E        	clr [30].2
  64  0038              #line 64 "f:\work\血糖仪\a_bh45f67-旧版\4g\美国客户\make_lib\v1.0.01（5000套出货)-02\g-777g-usa-bg95eseye-2022-2-20\ad.c"
  64  0038  311D        	set [29].2
  65  0039              #line 65 "f:\work\血糖仪\a_bh45f67-旧版\4g\美国客户\make_lib\v1.0.01（5000套出货)-02\g-777g-usa-bg95eseye-2022-2-20\ad.c"
  65  0039  319E        	set [30].3
  66  003A              #line 66 "f:\work\血糖仪\a_bh45f67-旧版\4g\美国客户\make_lib\v1.0.01（5000套出货)-02\g-777g-usa-bg95eseye-2022-2-20\ad.c"
  66  003A  319D        	set [29].3
  67  003B              #line 67 "f:\work\血糖仪\a_bh45f67-旧版\4g\美国客户\make_lib\v1.0.01（5000套出货)-02\g-777g-usa-bg95eseye-2022-2-20\ad.c"
  67  003B  359C        	clr [28].3
  68  003C              #line 68 "f:\work\血糖仪\a_bh45f67-旧版\4g\美国客户\make_lib\v1.0.01（5000套出货)-02\g-777g-usa-bg95eseye-2022-2-20\ad.c"
  68  003C  3544        	clr [68].2
  69  003D              #line 69 "f:\work\血糖仪\a_bh45f67-旧版\4g\美国客户\make_lib\v1.0.01（5000套出货)-02\g-777g-usa-bg95eseye-2022-2-20\ad.c"
  69  003D  34C4        	clr [68].1
  70  003E              #line 70 "f:\work\血糖仪\a_bh45f67-旧版\4g\美国客户\make_lib\v1.0.01（5000套出货)-02\g-777g-usa-bg95eseye-2022-2-20\ad.c"
  70  003E  3044        	set [68].0
  71  003F              #line 71 "f:\work\血糖仪\a_bh45f67-旧版\4g\美国客户\make_lib\v1.0.01（5000套出货)-02\g-777g-usa-bg95eseye-2022-2-20\ad.c"
  71  003F  0F0A        	mov a,10
  71  0040  0080     E  	mov _me_delay_ms_2[0],a
  71  0041  1F00     E  	clr _me_delay_ms_2[1]
  71  0042              	fcall _me_delay_ms
  54  0049              #line 54 "f:\work\血糖仪\a_bh45f67-旧版\4g\美国客户\make_lib\v1.0.01（5000套出货)-02\g-777g-usa-bg95eseye-2022-2-20\ad.c"
  54  0049  1F00     R  	clr _get_lowPwd_2[2]
  54  004A  1F00     R  	clr _get_lowPwd_2[3]
  54  004B  1F00     R  	clr _get_lowPwd_2[4]
  54  004C  1F00     R  	clr _get_lowPwd_2[5]
  72  004D              #line 72 "f:\work\血糖仪\a_bh45f67-旧版\4g\美国客户\make_lib\v1.0.01（5000套出货)-02\g-777g-usa-bg95eseye-2022-2-20\ad.c"
  72  004D  1F00     E  	clr ra
  72  004E              _L16:
  74  004E              #line 74 "f:\work\血糖仪\a_bh45f67-旧版\4g\美国客户\make_lib\v1.0.01（5000套出货)-02\g-777g-usa-bg95eseye-2022-2-20\ad.c"
  74  004E  37C4        	clr [68].7
文件：ad.c         编译器版本 HGASM 0202 页次9

  75  004F              #line 75 "f:\work\血糖仪\a_bh45f67-旧版\4g\美国客户\make_lib\v1.0.01（5000套出货)-02\g-777g-usa-bg95eseye-2022-2-20\ad.c"
  75  004F  33C4        	set [68].7
  76  0050              #line 76 "f:\work\血糖仪\a_bh45f67-旧版\4g\美国客户\make_lib\v1.0.01（5000套出货)-02\g-777g-usa-bg95eseye-2022-2-20\ad.c"
  76  0050  37C4        	clr [68].7
  76  0051              _L17:
  77  0051              #line 77 "f:\work\血糖仪\a_bh45f67-旧版\4g\美国客户\make_lib\v1.0.01（5000套出货)-02\g-777g-usa-bg95eseye-2022-2-20\ad.c"
  77  0051  3B44        	snz [68].6
  77  0052  2800     R  	jmp _L41
  79  0053              #line 79 "f:\work\血糖仪\a_bh45f67-旧版\4g\美国客户\make_lib\v1.0.01（5000套出货)-02\g-777g-usa-bg95eseye-2022-2-20\ad.c"
  79  0053              ;# 79 "f:\work\血糖仪\a_bh45f67-旧版\4g\美国客户\make_lib\v1.0.01（5000套出货)-02\g-777g-usa-bg95eseye-2022-2-20\ad.c" 1
  79  0053  0001        	clr wdt
  79  0054  2800     R  	jmp _L17
  79  0055              _L41:
  82  0055              #line 82 "f:\work\血糖仪\a_bh45f67-旧版\4g\美国客户\make_lib\v1.0.01（5000套出货)-02\g-777g-usa-bg95eseye-2022-2-20\ad.c"
  82  0055  0743        	mov a,[67]
  82  0056  0080     E  	mov rd,a
  82  0057  1F00     E  	clr re
  82  0058  1F00     E  	clr rf
  82  0059  1F00     E  	clr rg
  82  005A  0FF2        	mov a,low offset _AD_value
  82  005B  0083        	mov mp,a
  82  005C  0F03        	mov a,high offset _AD_value
  82  005D  0081        	mov sbp,a
  82  005E  0701        	mov a,sbp
  82  005F  0D00     R  	or a,bank _get_lowPwd
  82  0060  0084        	mov bp,a
  82  0061  0700     E  	mov a,rd
  82  0062  0082        	mov ir,a
  82  0063  1483        	inc mp
  82  0064  0700     E  	mov a,re
  82  0065  0082        	mov ir,a
  82  0066  1483        	inc mp
  82  0067  0700     E  	mov a,rf
  82  0068  0082        	mov ir,a
  82  0069  1483        	inc mp
  82  006A  0700     E  	mov a,rg
  82  006B  0082        	mov ir,a
  83  006C              #line 83 "f:\work\血糖仪\a_bh45f67-旧版\4g\美国客户\make_lib\v1.0.01（5000套出货)-02\g-777g-usa-bg95eseye-2022-2-20\ad.c"
  83  006C  0FF2        	mov a,low offset _AD_value
  83  006D  0083        	mov mp,a
  83  006E  0F03        	mov a,high offset _AD_value
  83  006F  0081        	mov sbp,a
  83  0070  0701        	mov a,sbp
  83  0071  0D00     R  	or a,bank _get_lowPwd
  83  0072  0084        	mov bp,a
  83  0073  0702        	mov a,ir
  83  0074  0080     E  	mov rd,a
  83  0075  1483        	inc mp
  83  0076  0702        	mov a,ir
  83  0077  0080     E  	mov re,a
  83  0078  1483        	inc mp
  83  0079  0702        	mov a,ir
  83  007A  0080     E  	mov rf,a
  83  007B  1483        	inc mp
  83  007C  0702        	mov a,ir
  83  007D  0080     E  	mov rg,a
  83  007E  0700     E  	mov a,rf
  83  007F  0080     E  	mov rg,a
  83  0080  0700     E  	mov a,re
  83  0081  0080     E  	mov rf,a
文件：ad.c         编译器版本 HGASM 0202 页次10

  83  0082  0700     E  	mov a,rd
  83  0083  0080     E  	mov re,a
  83  0084  1F00     E  	clr rd
  83  0085  0FF2        	mov a,low offset _AD_value
  83  0086  0083        	mov mp,a
  83  0087  0F03        	mov a,high offset _AD_value
  83  0088  0081        	mov sbp,a
  83  0089  0701        	mov a,sbp
  83  008A  0D00     R  	or a,bank _get_lowPwd
  83  008B  0084        	mov bp,a
  83  008C  0700     E  	mov a,rd
  83  008D  0082        	mov ir,a
  83  008E  1483        	inc mp
  83  008F  0700     E  	mov a,re
  83  0090  0082        	mov ir,a
  83  0091  1483        	inc mp
  83  0092  0700     E  	mov a,rf
  83  0093  0082        	mov ir,a
  83  0094  1483        	inc mp
  83  0095  0700     E  	mov a,rg
  83  0096  0082        	mov ir,a
  84  0097              #line 84 "f:\work\血糖仪\a_bh45f67-旧版\4g\美国客户\make_lib\v1.0.01（5000套出货)-02\g-777g-usa-bg95eseye-2022-2-20\ad.c"
  84  0097  0FF2        	mov a,low offset _AD_value
  84  0098  0083        	mov mp,a
  84  0099  0F03        	mov a,high offset _AD_value
  84  009A  0081        	mov sbp,a
  84  009B  0701        	mov a,sbp
  84  009C  0D00     R  	or a,bank _get_lowPwd
  84  009D  0084        	mov bp,a
  84  009E  0702        	mov a,ir
  84  009F  0080     E  	mov rd,a
  84  00A0  1483        	inc mp
  84  00A1  0702        	mov a,ir
  84  00A2  0080     E  	mov re,a
  84  00A3  1483        	inc mp
  84  00A4  0702        	mov a,ir
  84  00A5  0080     E  	mov rf,a
  84  00A6  1483        	inc mp
  84  00A7  0702        	mov a,ir
  84  00A8  0080     E  	mov rg,a
  84  00A9  073D        	mov a,[61]
  84  00AA  0080     R  	mov _get_lowPwd_2[6],a
  84  00AB  1F00     R  	clr _get_lowPwd_2[7]
  84  00AC  1F00     R  	clr _get_lowPwd_2[8]
  84  00AD  1F00     R  	clr _get_lowPwd_2[9]
  84  00AE  0700     R  	mov a,_get_lowPwd_2[9]
  84  00AF  0580     E  	orm a,rg
  84  00B0  0700     R  	mov a,_get_lowPwd_2[8]
  84  00B1  0580     E  	orm a,rf
  84  00B2  0700     R  	mov a,_get_lowPwd_2[7]
  84  00B3  0580     E  	orm a,re
  84  00B4  0700     R  	mov a,_get_lowPwd_2[6]
  84  00B5  0580     E  	orm a,rd
  84  00B6  0FF2        	mov a,low offset _AD_value
  84  00B7  0083        	mov mp,a
  84  00B8  0F03        	mov a,high offset _AD_value
  84  00B9  0081        	mov sbp,a
  84  00BA  0701        	mov a,sbp
  84  00BB  0D00     R  	or a,bank _get_lowPwd
  84  00BC  0084        	mov bp,a
文件：ad.c         编译器版本 HGASM 0202 页次11

  84  00BD  0700     E  	mov a,rd
  84  00BE  0082        	mov ir,a
  84  00BF  1483        	inc mp
  84  00C0  0700     E  	mov a,re
  84  00C1  0082        	mov ir,a
  84  00C2  1483        	inc mp
  84  00C3  0700     E  	mov a,rf
  84  00C4  0082        	mov ir,a
  84  00C5  1483        	inc mp
  84  00C6  0700     E  	mov a,rg
  84  00C7  0082        	mov ir,a
  85  00C8              #line 85 "f:\work\血糖仪\a_bh45f67-旧版\4g\美国客户\make_lib\v1.0.01（5000套出货)-02\g-777g-usa-bg95eseye-2022-2-20\ad.c"
  85  00C8  0FF2        	mov a,low offset _AD_value
  85  00C9  0083        	mov mp,a
  85  00CA  0F03        	mov a,high offset _AD_value
  85  00CB  0081        	mov sbp,a
  85  00CC  0701        	mov a,sbp
  85  00CD  0D00     R  	or a,bank _get_lowPwd
  85  00CE  0084        	mov bp,a
  85  00CF  0702        	mov a,ir
  85  00D0  0080     E  	mov rd,a
  85  00D1  1483        	inc mp
  85  00D2  0702        	mov a,ir
  85  00D3  0080     E  	mov re,a
  85  00D4  1483        	inc mp
  85  00D5  0702        	mov a,ir
  85  00D6  0080     E  	mov rf,a
  85  00D7  1483        	inc mp
  85  00D8  0702        	mov a,ir
  85  00D9  0080     E  	mov rg,a
  85  00DA  0F04        	mov a,4
  85  00DB              _LI4:
  85  00DB  340A        	clr c
  85  00DC  1B80     E  	rrc rg
  85  00DD  1B80     E  	rrc rf
  85  00DE  1B80     E  	rrc re
  85  00DF  1B80     E  	rrc rd
  85  00E0  1785        	sdz acc
  85  00E1  2800     R  	jmp _LI4
  85  00E2  0FF2        	mov a,low offset _AD_value
  85  00E3  0083        	mov mp,a
  85  00E4  0F03        	mov a,high offset _AD_value
  85  00E5  0081        	mov sbp,a
  85  00E6  0701        	mov a,sbp
  85  00E7  0D00     R  	or a,bank _get_lowPwd
  85  00E8  0084        	mov bp,a
  85  00E9  0700     E  	mov a,rd
  85  00EA  0082        	mov ir,a
  85  00EB  1483        	inc mp
  85  00EC  0700     E  	mov a,re
  85  00ED  0082        	mov ir,a
  85  00EE  1483        	inc mp
  85  00EF  0700     E  	mov a,rf
  85  00F0  0082        	mov ir,a
  85  00F1  1483        	inc mp
  85  00F2  0700     E  	mov a,rg
  85  00F3  0082        	mov ir,a
  87  00F4              #line 87 "f:\work\血糖仪\a_bh45f67-旧版\4g\美国客户\make_lib\v1.0.01（5000套出货)-02\g-777g-usa-bg95eseye-2022-2-20\ad.c"
  87  00F4  0F03        	mov a,3
  87  00F5  0200     E  	sub a,ra
文件：ad.c         编译器版本 HGASM 0202 页次12

  87  00F6  3C0A        	sz c
  87  00F7  2800     R  	jmp _L19
  88  00F8              #line 88 "f:\work\血糖仪\a_bh45f67-旧版\4g\美国客户\make_lib\v1.0.01（5000套出货)-02\g-777g-usa-bg95eseye-2022-2-20\ad.c"
  88  00F8  0FF2        	mov a,low offset _AD_value
  88  00F9  0083        	mov mp,a
  88  00FA  0F03        	mov a,high offset _AD_value
  88  00FB  0081        	mov sbp,a
  88  00FC  0701        	mov a,sbp
  88  00FD  0D00     R  	or a,bank _get_lowPwd
  88  00FE  0084        	mov bp,a
  88  00FF  0702        	mov a,ir
  88  0100  0080     E  	mov rd,a
  88  0101  1483        	inc mp
  88  0102  0702        	mov a,ir
  88  0103  0080     E  	mov re,a
  88  0104  1483        	inc mp
  88  0105  0702        	mov a,ir
  88  0106  0080     E  	mov rf,a
  88  0107  1483        	inc mp
  88  0108  0702        	mov a,ir
  88  0109  0080     E  	mov rg,a
  88  010A  0700     E  	mov a,rd
  88  010B  0380     R  	addm a,_get_lowPwd_2[2]
  88  010C  0700     E  	mov a,re
  88  010D  1380     R  	adcm a,_get_lowPwd_2[3]
  88  010E  0700     E  	mov a,rf
  88  010F  1380     R  	adcm a,_get_lowPwd_2[4]
  88  0110  0700     E  	mov a,rg
  88  0111  1380     R  	adcm a,_get_lowPwd_2[5]
  88  0112              _L19:
  72  0112              #line 72 "f:\work\血糖仪\a_bh45f67-旧版\4g\美国客户\make_lib\v1.0.01（5000套出货)-02\g-777g-usa-bg95eseye-2022-2-20\ad.c"
  72  0112  1480     E  	inc ra
  72  0113  0700     E  	mov a,ra
  72  0114  0A80        	sub a,128
  72  0115  390A        	snz z
  72  0116  2800     R  	jmp _L16
  91  0117              #line 91 "f:\work\血糖仪\a_bh45f67-旧版\4g\美国客户\make_lib\v1.0.01（5000套出货)-02\g-777g-usa-bg95eseye-2022-2-20\ad.c"
  91  0117  351D        	clr [29].2
  92  0118              #line 92 "f:\work\血糖仪\a_bh45f67-旧版\4g\美国客户\make_lib\v1.0.01（5000套出货)-02\g-777g-usa-bg95eseye-2022-2-20\ad.c"
  92  0118  1F00     E  	clr _builtin_holtek_udivmodsi4_2[12]
  92  0119  0700     R  	mov a,_get_lowPwd_2[2]  
  92  011A  0080     E  	mov _builtin_holtek_udivmodsi4_2[0],a  
  92  011B  0700     R  	mov a,_get_lowPwd_2[3]  
  92  011C  0080     E  	mov _builtin_holtek_udivmodsi4_2[1],a
  92  011D  0700     R  	mov a,_get_lowPwd_2[4]  
  92  011E  0080     E  	mov _builtin_holtek_udivmodsi4_2[2],a  
  92  011F  0700     R  	mov a,_get_lowPwd_2[5]  
  92  0120  0080     E  	mov _builtin_holtek_udivmodsi4_2[3],a
  92  0121  0F7C        	mov a,124  
  92  0122  0080     E  	mov _builtin_holtek_udivmodsi4_2[4],a  
  92  0123  0F00        	mov a,0  
  92  0124  0080     E  	mov _builtin_holtek_udivmodsi4_2[5],a
  92  0125  1F00     E  	clr _builtin_holtek_udivmodsi4_2[6]
  92  0126  1F00     E  	clr _builtin_holtek_udivmodsi4_2[7]
  92  0127              	fcall _builtin_holtek_udivmodsi4
  92  012E  0700     E  	mov a,_builtin_holtek_udivmodsi4_2[0]  
  92  012F  0080     E  	mov rd,a  
  92  0130  0700     E  	mov a,_builtin_holtek_udivmodsi4_2[1]  
  92  0131  0080     E  	mov re,a
  92  0132  0700     E  	mov a,_builtin_holtek_udivmodsi4_2[2]  
文件：ad.c         编译器版本 HGASM 0202 页次13

  92  0133  0080     E  	mov rf,a  
  92  0134  0700     E  	mov a,_builtin_holtek_udivmodsi4_2[3]  
  92  0135  0080     E  	mov rg,a
  92  0136  2800     R  	jmp _L40
  92  0137              _L14:
  97  0137              #line 97 "f:\work\血糖仪\a_bh45f67-旧版\4g\美国客户\make_lib\v1.0.01（5000套出货)-02\g-777g-usa-bg95eseye-2022-2-20\ad.c"
  97  0137              	fcall _AD_set
  98  013E              #line 98 "f:\work\血糖仪\a_bh45f67-旧版\4g\美国客户\make_lib\v1.0.01（5000套出货)-02\g-777g-usa-bg95eseye-2022-2-20\ad.c"
  98  013E  3544        	clr [68].2
  99  013F              #line 99 "f:\work\血糖仪\a_bh45f67-旧版\4g\美国客户\make_lib\v1.0.01（5000套出货)-02\g-777g-usa-bg95eseye-2022-2-20\ad.c"
  99  013F  30C4        	set [68].1
 100  0140              #line 100 "f:\work\血糖仪\a_bh45f67-旧版\4g\美国客户\make_lib\v1.0.01（5000套出货)-02\g-777g-usa-bg95eseye-2022-2-20\ad.c"
 100  0140  3444        	clr [68].0
 101  0141              #line 101 "f:\work\血糖仪\a_bh45f67-旧版\4g\美国客户\make_lib\v1.0.01（5000套出货)-02\g-777g-usa-bg95eseye-2022-2-20\ad.c"
 101  0141  321E        	set [30].4
 102  0142              #line 102 "f:\work\血糖仪\a_bh45f67-旧版\4g\美国客户\make_lib\v1.0.01（5000套出货)-02\g-777g-usa-bg95eseye-2022-2-20\ad.c"
 102  0142  361D        	clr [29].4
 103  0143              #line 103 "f:\work\血糖仪\a_bh45f67-旧版\4g\美国客户\make_lib\v1.0.01（5000套出货)-02\g-777g-usa-bg95eseye-2022-2-20\ad.c"
 103  0143  361C        	clr [28].4
 104  0144              #line 104 "f:\work\血糖仪\a_bh45f67-旧版\4g\美国客户\make_lib\v1.0.01（5000套出货)-02\g-777g-usa-bg95eseye-2022-2-20\ad.c"
 104  0144  0F0A        	mov a,10
 104  0145  0080     E  	mov _me_delay_ms_2[0],a
 104  0146  1F00     E  	clr _me_delay_ms_2[1]
 104  0147              	fcall _me_delay_ms
 104  014E  0F14        	mov a,20
 104  014F  0080     E  	mov ra,a
 104  0150              _L24:
 108  0150              #line 108 "f:\work\血糖仪\a_bh45f67-旧版\4g\美国客户\make_lib\v1.0.01（5000套出货)-02\g-777g-usa-bg95eseye-2022-2-20\ad.c"
 108  0150  37C4        	clr [68].7
 109  0151              #line 109 "f:\work\血糖仪\a_bh45f67-旧版\4g\美国客户\make_lib\v1.0.01（5000套出货)-02\g-777g-usa-bg95eseye-2022-2-20\ad.c"
 109  0151  33C4        	set [68].7
 110  0152              #line 110 "f:\work\血糖仪\a_bh45f67-旧版\4g\美国客户\make_lib\v1.0.01（5000套出货)-02\g-777g-usa-bg95eseye-2022-2-20\ad.c"
 110  0152  37C4        	clr [68].7
 110  0153              _L21:
 111  0153              #line 111 "f:\work\血糖仪\a_bh45f67-旧版\4g\美国客户\make_lib\v1.0.01（5000套出货)-02\g-777g-usa-bg95eseye-2022-2-20\ad.c"
 111  0153  3B44        	snz [68].6
 111  0154  2800     R  	jmp _L42
 113  0155              #line 113 "f:\work\血糖仪\a_bh45f67-旧版\4g\美国客户\make_lib\v1.0.01（5000套出货)-02\g-777g-usa-bg95eseye-2022-2-20\ad.c"
 113  0155              ;# 113 "f:\work\血糖仪\a_bh45f67-旧版\4g\美国客户\make_lib\v1.0.01（5000套出货)-02\g-777g-usa-bg95eseye-2022-2-20\ad.c" 1
 113  0155  0001        	clr wdt
 113  0156  2800     R  	jmp _L21
 113  0157              _L42:
 113  0157  1780     E  	sdz ra
 113  0158  2800     R  	jmp _L24
 105  0159              #line 105 "f:\work\血糖仪\a_bh45f67-旧版\4g\美国客户\make_lib\v1.0.01（5000套出货)-02\g-777g-usa-bg95eseye-2022-2-20\ad.c"
 105  0159  0F32        	mov a,50
 105  015A  0080     E  	mov ra,a
 105  015B  1F00     R  	clr _get_lowPwd_2[2]
 105  015C  1F00     R  	clr _get_lowPwd_2[3]
 105  015D  1F00     R  	clr _get_lowPwd_2[4]
 105  015E  1F00     R  	clr _get_lowPwd_2[5]
 105  015F              _L28:
 119  015F              #line 119 "f:\work\血糖仪\a_bh45f67-旧版\4g\美国客户\make_lib\v1.0.01（5000套出货)-02\g-777g-usa-bg95eseye-2022-2-20\ad.c"
 119  015F  37C4        	clr [68].7
 120  0160              #line 120 "f:\work\血糖仪\a_bh45f67-旧版\4g\美国客户\make_lib\v1.0.01（5000套出货)-02\g-777g-usa-bg95eseye-2022-2-20\ad.c"
 120  0160  33C4        	set [68].7
 121  0161              #line 121 "f:\work\血糖仪\a_bh45f67-旧版\4g\美国客户\make_lib\v1.0.01（5000套出货)-02\g-777g-usa-bg95eseye-2022-2-20\ad.c"
 121  0161  37C4        	clr [68].7
 121  0162              _L25:
 122  0162              #line 122 "f:\work\血糖仪\a_bh45f67-旧版\4g\美国客户\make_lib\v1.0.01（5000套出货)-02\g-777g-usa-bg95eseye-2022-2-20\ad.c"
文件：ad.c         编译器版本 HGASM 0202 页次14

 122  0162  3B44        	snz [68].6
 122  0163  2800     R  	jmp _L43
 124  0164              #line 124 "f:\work\血糖仪\a_bh45f67-旧版\4g\美国客户\make_lib\v1.0.01（5000套出货)-02\g-777g-usa-bg95eseye-2022-2-20\ad.c"
 124  0164              ;# 124 "f:\work\血糖仪\a_bh45f67-旧版\4g\美国客户\make_lib\v1.0.01（5000套出货)-02\g-777g-usa-bg95eseye-2022-2-20\ad.c" 1
 124  0164  0001        	clr wdt
 124  0165  2800     R  	jmp _L25
 124  0166              _L43:
 127  0166              #line 127 "f:\work\血糖仪\a_bh45f67-旧版\4g\美国客户\make_lib\v1.0.01（5000套出货)-02\g-777g-usa-bg95eseye-2022-2-20\ad.c"
 127  0166  0743        	mov a,[67]
 127  0167  0080     E  	mov rd,a
 127  0168  1F00     E  	clr re
 127  0169  1F00     E  	clr rf
 127  016A  1F00     E  	clr rg
 127  016B  0FF2        	mov a,low offset _AD_value
 127  016C  0083        	mov mp,a
 127  016D  0F03        	mov a,high offset _AD_value
 127  016E  0081        	mov sbp,a
 127  016F  0701        	mov a,sbp
 127  0170  0D00     R  	or a,bank _get_lowPwd
 127  0171  0084        	mov bp,a
 127  0172  0700     E  	mov a,rd
 127  0173  0082        	mov ir,a
 127  0174  1483        	inc mp
 127  0175  0700     E  	mov a,re
 127  0176  0082        	mov ir,a
 127  0177  1483        	inc mp
 127  0178  0700     E  	mov a,rf
 127  0179  0082        	mov ir,a
 127  017A  1483        	inc mp
 127  017B  0700     E  	mov a,rg
 127  017C  0082        	mov ir,a
 128  017D              #line 128 "f:\work\血糖仪\a_bh45f67-旧版\4g\美国客户\make_lib\v1.0.01（5000套出货)-02\g-777g-usa-bg95eseye-2022-2-20\ad.c"
 128  017D  0FF2        	mov a,low offset _AD_value
 128  017E  0083        	mov mp,a
 128  017F  0F03        	mov a,high offset _AD_value
 128  0180  0081        	mov sbp,a
 128  0181  0701        	mov a,sbp
 128  0182  0D00     R  	or a,bank _get_lowPwd
 128  0183  0084        	mov bp,a
 128  0184  0702        	mov a,ir
 128  0185  0080     E  	mov rd,a
 128  0186  1483        	inc mp
 128  0187  0702        	mov a,ir
 128  0188  0080     E  	mov re,a
 128  0189  1483        	inc mp
 128  018A  0702        	mov a,ir
 128  018B  0080     E  	mov rf,a
 128  018C  1483        	inc mp
 128  018D  0702        	mov a,ir
 128  018E  0080     E  	mov rg,a
 128  018F  0700     E  	mov a,rf
 128  0190  0080     E  	mov rg,a
 128  0191  0700     E  	mov a,re
 128  0192  0080     E  	mov rf,a
 128  0193  0700     E  	mov a,rd
 128  0194  0080     E  	mov re,a
 128  0195  1F00     E  	clr rd
 128  0196  0FF2        	mov a,low offset _AD_value
 128  0197  0083        	mov mp,a
 128  0198  0F03        	mov a,high offset _AD_value
文件：ad.c         编译器版本 HGASM 0202 页次15

 128  0199  0081        	mov sbp,a
 128  019A  0701        	mov a,sbp
 128  019B  0D00     R  	or a,bank _get_lowPwd
 128  019C  0084        	mov bp,a
 128  019D  0700     E  	mov a,rd
 128  019E  0082        	mov ir,a
 128  019F  1483        	inc mp
 128  01A0  0700     E  	mov a,re
 128  01A1  0082        	mov ir,a
 128  01A2  1483        	inc mp
 128  01A3  0700     E  	mov a,rf
 128  01A4  0082        	mov ir,a
 128  01A5  1483        	inc mp
 128  01A6  0700     E  	mov a,rg
 128  01A7  0082        	mov ir,a
 129  01A8              #line 129 "f:\work\血糖仪\a_bh45f67-旧版\4g\美国客户\make_lib\v1.0.01（5000套出货)-02\g-777g-usa-bg95eseye-2022-2-20\ad.c"
 129  01A8  0FF2        	mov a,low offset _AD_value
 129  01A9  0083        	mov mp,a
 129  01AA  0F03        	mov a,high offset _AD_value
 129  01AB  0081        	mov sbp,a
 129  01AC  0701        	mov a,sbp
 129  01AD  0D00     R  	or a,bank _get_lowPwd
 129  01AE  0084        	mov bp,a
 129  01AF  0702        	mov a,ir
 129  01B0  0080     E  	mov rd,a
 129  01B1  1483        	inc mp
 129  01B2  0702        	mov a,ir
 129  01B3  0080     E  	mov re,a
 129  01B4  1483        	inc mp
 129  01B5  0702        	mov a,ir
 129  01B6  0080     E  	mov rf,a
 129  01B7  1483        	inc mp
 129  01B8  0702        	mov a,ir
 129  01B9  0080     E  	mov rg,a
 129  01BA  073D        	mov a,[61]
 129  01BB  0080     R  	mov _get_lowPwd_2[6],a
 129  01BC  1F00     R  	clr _get_lowPwd_2[7]
 129  01BD  1F00     R  	clr _get_lowPwd_2[8]
 129  01BE  1F00     R  	clr _get_lowPwd_2[9]
 129  01BF  0700     R  	mov a,_get_lowPwd_2[9]
 129  01C0  0580     E  	orm a,rg
 129  01C1  0700     R  	mov a,_get_lowPwd_2[8]
 129  01C2  0580     E  	orm a,rf
 129  01C3  0700     R  	mov a,_get_lowPwd_2[7]
 129  01C4  0580     E  	orm a,re
 129  01C5  0700     R  	mov a,_get_lowPwd_2[6]
 129  01C6  0580     E  	orm a,rd
 129  01C7  0FF2        	mov a,low offset _AD_value
 129  01C8  0083        	mov mp,a
 129  01C9  0F03        	mov a,high offset _AD_value
 129  01CA  0081        	mov sbp,a
 129  01CB  0701        	mov a,sbp
 129  01CC  0D00     R  	or a,bank _get_lowPwd
 129  01CD  0084        	mov bp,a
 129  01CE  0700     E  	mov a,rd
 129  01CF  0082        	mov ir,a
 129  01D0  1483        	inc mp
 129  01D1  0700     E  	mov a,re
 129  01D2  0082        	mov ir,a
 129  01D3  1483        	inc mp
文件：ad.c         编译器版本 HGASM 0202 页次16

 129  01D4  0700     E  	mov a,rf
 129  01D5  0082        	mov ir,a
 129  01D6  1483        	inc mp
 129  01D7  0700     E  	mov a,rg
 129  01D8  0082        	mov ir,a
 130  01D9              #line 130 "f:\work\血糖仪\a_bh45f67-旧版\4g\美国客户\make_lib\v1.0.01（5000套出货)-02\g-777g-usa-bg95eseye-2022-2-20\ad.c"
 130  01D9  0FF2        	mov a,low offset _AD_value
 130  01DA  0083        	mov mp,a
 130  01DB  0F03        	mov a,high offset _AD_value
 130  01DC  0081        	mov sbp,a
 130  01DD  0701        	mov a,sbp
 130  01DE  0D00     R  	or a,bank _get_lowPwd
 130  01DF  0084        	mov bp,a
 130  01E0  0702        	mov a,ir
 130  01E1  0080     E  	mov rd,a
 130  01E2  1483        	inc mp
 130  01E3  0702        	mov a,ir
 130  01E4  0080     E  	mov re,a
 130  01E5  1483        	inc mp
 130  01E6  0702        	mov a,ir
 130  01E7  0080     E  	mov rf,a
 130  01E8  1483        	inc mp
 130  01E9  0702        	mov a,ir
 130  01EA  0080     E  	mov rg,a
 130  01EB  0F04        	mov a,4
 130  01EC              _LI5:
 130  01EC  340A        	clr c
 130  01ED  1B80     E  	rrc rg
 130  01EE  1B80     E  	rrc rf
 130  01EF  1B80     E  	rrc re
 130  01F0  1B80     E  	rrc rd
 130  01F1  1785        	sdz acc
 130  01F2  2800     R  	jmp _LI5
 130  01F3  0FF2        	mov a,low offset _AD_value
 130  01F4  0083        	mov mp,a
 130  01F5  0F03        	mov a,high offset _AD_value
 130  01F6  0081        	mov sbp,a
 130  01F7  0701        	mov a,sbp
 130  01F8  0D00     R  	or a,bank _get_lowPwd
 130  01F9  0084        	mov bp,a
 130  01FA  0700     E  	mov a,rd
 130  01FB  0082        	mov ir,a
 130  01FC  1483        	inc mp
 130  01FD  0700     E  	mov a,re
 130  01FE  0082        	mov ir,a
 130  01FF  1483        	inc mp
 130  0200  0700     E  	mov a,rf
 130  0201  0082        	mov ir,a
 130  0202  1483        	inc mp
 130  0203  0700     E  	mov a,rg
 130  0204  0082        	mov ir,a
 131  0205              #line 131 "f:\work\血糖仪\a_bh45f67-旧版\4g\美国客户\make_lib\v1.0.01（5000套出货)-02\g-777g-usa-bg95eseye-2022-2-20\ad.c"
 131  0205  0FF2        	mov a,low offset _AD_value
 131  0206  0083        	mov mp,a
 131  0207  0F03        	mov a,high offset _AD_value
 131  0208  0081        	mov sbp,a
 131  0209  0701        	mov a,sbp
 131  020A  0D00     R  	or a,bank _get_lowPwd
 131  020B  0084        	mov bp,a
 131  020C  0702        	mov a,ir
文件：ad.c         编译器版本 HGASM 0202 页次17

 131  020D  0080     E  	mov rd,a
 131  020E  1483        	inc mp
 131  020F  0702        	mov a,ir
 131  0210  0080     E  	mov re,a
 131  0211  1483        	inc mp
 131  0212  0702        	mov a,ir
 131  0213  0080     E  	mov rf,a
 131  0214  1483        	inc mp
 131  0215  0702        	mov a,ir
 131  0216  0080     E  	mov rg,a
 131  0217  0700     E  	mov a,rd
 131  0218  0380     R  	addm a,_get_lowPwd_2[2]
 131  0219  0700     E  	mov a,re
 131  021A  1380     R  	adcm a,_get_lowPwd_2[3]
 131  021B  0700     E  	mov a,rf
 131  021C  1380     R  	adcm a,_get_lowPwd_2[4]
 131  021D  0700     E  	mov a,rg
 131  021E  1380     R  	adcm a,_get_lowPwd_2[5]
 131  021F  1780     E  	sdz ra
 131  0220  2800     R  	jmp _L28
 134  0221              #line 134 "f:\work\血糖仪\a_bh45f67-旧版\4g\美国客户\make_lib\v1.0.01（5000套出货)-02\g-777g-usa-bg95eseye-2022-2-20\ad.c"
 134  0221  1F00     E  	clr _builtin_holtek_udivmodsi4_2[12]
 134  0222  0700     R  	mov a,_get_lowPwd_2[2]  
 134  0223  0080     E  	mov _builtin_holtek_udivmodsi4_2[0],a  
 134  0224  0700     R  	mov a,_get_lowPwd_2[3]  
 134  0225  0080     E  	mov _builtin_holtek_udivmodsi4_2[1],a
 134  0226  0700     R  	mov a,_get_lowPwd_2[4]  
 134  0227  0080     E  	mov _builtin_holtek_udivmodsi4_2[2],a  
 134  0228  0700     R  	mov a,_get_lowPwd_2[5]  
 134  0229  0080     E  	mov _builtin_holtek_udivmodsi4_2[3],a
 134  022A  0F32        	mov a,50  
 134  022B  0080     E  	mov _builtin_holtek_udivmodsi4_2[4],a  
 134  022C  0F00        	mov a,0  
 134  022D  0080     E  	mov _builtin_holtek_udivmodsi4_2[5],a
 134  022E  1F00     E  	clr _builtin_holtek_udivmodsi4_2[6]
 134  022F  1F00     E  	clr _builtin_holtek_udivmodsi4_2[7]
 134  0230              	fcall _builtin_holtek_udivmodsi4
 134  0237  0700     E  	mov a,_builtin_holtek_udivmodsi4_2[0]  
 134  0238  0080     E  	mov rd,a  
 134  0239  0700     E  	mov a,_builtin_holtek_udivmodsi4_2[1]  
 134  023A  0080     E  	mov re,a
 134  023B  0700     E  	mov a,_builtin_holtek_udivmodsi4_2[2]  
 134  023C  0080     E  	mov rf,a  
 134  023D  0700     E  	mov a,_builtin_holtek_udivmodsi4_2[3]  
 134  023E  0080     E  	mov rg,a
 134  023F  0FF2        	mov a,low offset _AD_value
 134  0240  0083        	mov mp,a
 134  0241  0F03        	mov a,high offset _AD_value
 134  0242  0081        	mov sbp,a
 134  0243  0701        	mov a,sbp
 134  0244  0D00     R  	or a,bank _get_lowPwd
 134  0245  0084        	mov bp,a
 134  0246  0700     E  	mov a,rd
 134  0247  0082        	mov ir,a
 134  0248  1483        	inc mp
 134  0249  0700     E  	mov a,re
 134  024A  0082        	mov ir,a
 134  024B  1483        	inc mp
 134  024C  0700     E  	mov a,rf
 134  024D  0082        	mov ir,a
文件：ad.c         编译器版本 HGASM 0202 页次18

 134  024E  1483        	inc mp
 134  024F  0700     E  	mov a,rg
 134  0250  0082        	mov ir,a
 135  0251              #line 135 "f:\work\血糖仪\a_bh45f67-旧版\4g\美国客户\make_lib\v1.0.01（5000套出货)-02\g-777g-usa-bg95eseye-2022-2-20\ad.c"
 135  0251  0FF2        	mov a,low offset _AD_value
 135  0252  0083        	mov mp,a
 135  0253  0F03        	mov a,high offset _AD_value
 135  0254  0081        	mov sbp,a
 135  0255  0701        	mov a,sbp
 135  0256  0D00     R  	or a,bank _get_lowPwd
 135  0257  0084        	mov bp,a
 135  0258  0702        	mov a,ir
 135  0259  0080     E  	mov rd,a
 135  025A  1483        	inc mp
 135  025B  0702        	mov a,ir
 135  025C  0080     E  	mov re,a
 135  025D  1483        	inc mp
 135  025E  0702        	mov a,ir
 135  025F  0080     E  	mov rf,a
 135  0260  1483        	inc mp
 135  0261  0702        	mov a,ir
 135  0262  0080     E  	mov rg,a
 135  0263  0FF6        	mov a,246
 135  0264  0380     E  	addm a,rd
 135  0265  0FFF        	mov a,255
 135  0266  1380     E  	adcm a,re
 135  0267  1380     E  	adcm a,rf
 135  0268  1380     E  	adcm a,rg
 135  0269              _L40:
 135  0269  0FF2        	mov a,low offset _AD_value
 135  026A  0083        	mov mp,a
 135  026B  0F03        	mov a,high offset _AD_value
 135  026C  0081        	mov sbp,a
 135  026D  2800     R  	jmp _L38
 135  026E              _L45:
 161  026E              #line 161 "f:\work\血糖仪\a_bh45f67-旧版\4g\美国客户\make_lib\v1.0.01（5000套出货)-02\g-777g-usa-bg95eseye-2022-2-20\ad.c"
 161  026E  0743        	mov a,[67]
 161  026F  0080     E  	mov rd,a
 161  0270  1F00     E  	clr re
 161  0271  1F00     E  	clr rf
 161  0272  1F00     E  	clr rg
 161  0273  0FF2        	mov a,low offset _AD_value
 161  0274  0083        	mov mp,a
 161  0275  0F03        	mov a,high offset _AD_value
 161  0276  0081        	mov sbp,a
 161  0277  0701        	mov a,sbp
 161  0278  0D00     R  	or a,bank _get_lowPwd
 161  0279  0084        	mov bp,a
 161  027A  0700     E  	mov a,rd
 161  027B  0082        	mov ir,a
 161  027C  1483        	inc mp
 161  027D  0700     E  	mov a,re
 161  027E  0082        	mov ir,a
 161  027F  1483        	inc mp
 161  0280  0700     E  	mov a,rf
 161  0281  0082        	mov ir,a
 161  0282  1483        	inc mp
 161  0283  0700     E  	mov a,rg
 161  0284  0082        	mov ir,a
 162  0285              #line 162 "f:\work\血糖仪\a_bh45f67-旧版\4g\美国客户\make_lib\v1.0.01（5000套出货)-02\g-777g-usa-bg95eseye-2022-2-20\ad.c"
文件：ad.c         编译器版本 HGASM 0202 页次19

 162  0285  0FF2        	mov a,low offset _AD_value
 162  0286  0083        	mov mp,a
 162  0287  0F03        	mov a,high offset _AD_value
 162  0288  0081        	mov sbp,a
 162  0289  0701        	mov a,sbp
 162  028A  0D00     R  	or a,bank _get_lowPwd
 162  028B  0084        	mov bp,a
 162  028C  0702        	mov a,ir
 162  028D  0080     E  	mov rd,a
 162  028E  1483        	inc mp
 162  028F  0702        	mov a,ir
 162  0290  0080     E  	mov re,a
 162  0291  1483        	inc mp
 162  0292  0702        	mov a,ir
 162  0293  0080     E  	mov rf,a
 162  0294  1483        	inc mp
 162  0295  0702        	mov a,ir
 162  0296  0080     E  	mov rg,a
 162  0297  0700     E  	mov a,rf
 162  0298  0080     E  	mov rg,a
 162  0299  0700     E  	mov a,re
 162  029A  0080     E  	mov rf,a
 162  029B  0700     E  	mov a,rd
 162  029C  0080     E  	mov re,a
 162  029D  1F00     E  	clr rd
 162  029E  0FF2        	mov a,low offset _AD_value
 162  029F  0083        	mov mp,a
 162  02A0  0F03        	mov a,high offset _AD_value
 162  02A1  0081        	mov sbp,a
 162  02A2  0701        	mov a,sbp
 162  02A3  0D00     R  	or a,bank _get_lowPwd
 162  02A4  0084        	mov bp,a
 162  02A5  0700     E  	mov a,rd
 162  02A6  0082        	mov ir,a
 162  02A7  1483        	inc mp
 162  02A8  0700     E  	mov a,re
 162  02A9  0082        	mov ir,a
 162  02AA  1483        	inc mp
 162  02AB  0700     E  	mov a,rf
 162  02AC  0082        	mov ir,a
 162  02AD  1483        	inc mp
 162  02AE  0700     E  	mov a,rg
 162  02AF  0082        	mov ir,a
 163  02B0              #line 163 "f:\work\血糖仪\a_bh45f67-旧版\4g\美国客户\make_lib\v1.0.01（5000套出货)-02\g-777g-usa-bg95eseye-2022-2-20\ad.c"
 163  02B0  0FF2        	mov a,low offset _AD_value
 163  02B1  0083        	mov mp,a
 163  02B2  0F03        	mov a,high offset _AD_value
 163  02B3  0081        	mov sbp,a
 163  02B4  0701        	mov a,sbp
 163  02B5  0D00     R  	or a,bank _get_lowPwd
 163  02B6  0084        	mov bp,a
 163  02B7  0702        	mov a,ir
 163  02B8  0080     E  	mov rd,a
 163  02B9  1483        	inc mp
 163  02BA  0702        	mov a,ir
 163  02BB  0080     E  	mov re,a
 163  02BC  1483        	inc mp
 163  02BD  0702        	mov a,ir
 163  02BE  0080     E  	mov rf,a
 163  02BF  1483        	inc mp
文件：ad.c         编译器版本 HGASM 0202 页次20

 163  02C0  0702        	mov a,ir
 163  02C1  0080     E  	mov rg,a
 163  02C2  073D        	mov a,[61]
 163  02C3  0080     R  	mov _get_lowPwd_2[6],a
 163  02C4  1F00     R  	clr _get_lowPwd_2[7]
 163  02C5  1F00     R  	clr _get_lowPwd_2[8]
 163  02C6  1F00     R  	clr _get_lowPwd_2[9]
 163  02C7  0700     R  	mov a,_get_lowPwd_2[9]
 163  02C8  0580     E  	orm a,rg
 163  02C9  0700     R  	mov a,_get_lowPwd_2[8]
 163  02CA  0580     E  	orm a,rf
 163  02CB  0700     R  	mov a,_get_lowPwd_2[7]
 163  02CC  0580     E  	orm a,re
 163  02CD  0700     R  	mov a,_get_lowPwd_2[6]
 163  02CE  0580     E  	orm a,rd
 163  02CF  0FF2        	mov a,low offset _AD_value
 163  02D0  0083        	mov mp,a
 163  02D1  0F03        	mov a,high offset _AD_value
 163  02D2  0081        	mov sbp,a
 163  02D3  0701        	mov a,sbp
 163  02D4  0D00     R  	or a,bank _get_lowPwd
 163  02D5  0084        	mov bp,a
 163  02D6  0700     E  	mov a,rd
 163  02D7  0082        	mov ir,a
 163  02D8  1483        	inc mp
 163  02D9  0700     E  	mov a,re
 163  02DA  0082        	mov ir,a
 163  02DB  1483        	inc mp
 163  02DC  0700     E  	mov a,rf
 163  02DD  0082        	mov ir,a
 163  02DE  1483        	inc mp
 163  02DF  0700     E  	mov a,rg
 163  02E0  0082        	mov ir,a
 164  02E1              #line 164 "f:\work\血糖仪\a_bh45f67-旧版\4g\美国客户\make_lib\v1.0.01（5000套出货)-02\g-777g-usa-bg95eseye-2022-2-20\ad.c"
 164  02E1  0FF2        	mov a,low offset _AD_value
 164  02E2  0083        	mov mp,a
 164  02E3  0F03        	mov a,high offset _AD_value
 164  02E4  0081        	mov sbp,a
 164  02E5  0701        	mov a,sbp
 164  02E6  0D00     R  	or a,bank _get_lowPwd
 164  02E7  0084        	mov bp,a
 164  02E8  0702        	mov a,ir
 164  02E9  0080     E  	mov rd,a
 164  02EA  1483        	inc mp
 164  02EB  0702        	mov a,ir
 164  02EC  0080     E  	mov re,a
 164  02ED  1483        	inc mp
 164  02EE  0702        	mov a,ir
 164  02EF  0080     E  	mov rf,a
 164  02F0  1483        	inc mp
 164  02F1  0702        	mov a,ir
 164  02F2  0080     E  	mov rg,a
 164  02F3  0F04        	mov a,4
 164  02F4              _LI6:
 164  02F4  340A        	clr c
 164  02F5  1B80     E  	rrc rg
 164  02F6  1B80     E  	rrc rf
 164  02F7  1B80     E  	rrc re
 164  02F8  1B80     E  	rrc rd
 164  02F9  1785        	sdz acc
文件：ad.c         编译器版本 HGASM 0202 页次21

 164  02FA  2800     R  	jmp _LI6
 164  02FB  0FF2        	mov a,low offset _AD_value
 164  02FC  0083        	mov mp,a
 164  02FD  0F03        	mov a,high offset _AD_value
 164  02FE  0081        	mov sbp,a
 164  02FF  0701        	mov a,sbp
 164  0300  0D00     R  	or a,bank _get_lowPwd
 164  0301  0084        	mov bp,a
 164  0302  0700     E  	mov a,rd
 164  0303  0082        	mov ir,a
 164  0304  1483        	inc mp
 164  0305  0700     E  	mov a,re
 164  0306  0082        	mov ir,a
 164  0307  1483        	inc mp
 164  0308  0700     E  	mov a,rf
 164  0309  0082        	mov ir,a
 164  030A  1483        	inc mp
 164  030B  0700     E  	mov a,rg
 164  030C  0082        	mov ir,a
 165  030D              #line 165 "f:\work\血糖仪\a_bh45f67-旧版\4g\美国客户\make_lib\v1.0.01（5000套出货)-02\g-777g-usa-bg95eseye-2022-2-20\ad.c"
 165  030D  0F03        	mov a,3
 165  030E  0200     E  	sub a,ra
 165  030F  3C0A        	sz c
 165  0310  2800     R  	jmp _L32
 167  0311              #line 167 "f:\work\血糖仪\a_bh45f67-旧版\4g\美国客户\make_lib\v1.0.01（5000套出货)-02\g-777g-usa-bg95eseye-2022-2-20\ad.c"
 167  0311  0FF2        	mov a,low offset _AD_value
 167  0312  0083        	mov mp,a
 167  0313  0F03        	mov a,high offset _AD_value
 167  0314  0081        	mov sbp,a
 167  0315  0701        	mov a,sbp
 167  0316  0D00     R  	or a,bank _get_lowPwd
 167  0317  0084        	mov bp,a
 167  0318  0702        	mov a,ir
 167  0319  0080     E  	mov rd,a
 167  031A  1483        	inc mp
 167  031B  0702        	mov a,ir
 167  031C  0080     E  	mov re,a
 167  031D  1483        	inc mp
 167  031E  0702        	mov a,ir
 167  031F  0080     E  	mov rf,a
 167  0320  1483        	inc mp
 167  0321  0702        	mov a,ir
 167  0322  0080     E  	mov rg,a
 167  0323  0700     E  	mov a,rd
 167  0324  0380     R  	addm a,_get_lowPwd_2[2]
 167  0325  0700     E  	mov a,re
 167  0326  1380     R  	adcm a,_get_lowPwd_2[3]
 167  0327  0700     E  	mov a,rf
 167  0328  1380     R  	adcm a,_get_lowPwd_2[4]
 167  0329  0700     E  	mov a,rg
 167  032A  1380     R  	adcm a,_get_lowPwd_2[5]
 167  032B              _L32:
 151  032B              #line 151 "f:\work\血糖仪\a_bh45f67-旧版\4g\美国客户\make_lib\v1.0.01（5000套出货)-02\g-777g-usa-bg95eseye-2022-2-20\ad.c"
 151  032B  1480     E  	inc ra
 151  032C  0700     E  	mov a,ra
 151  032D  0A80        	sub a,128
 151  032E  3D0A        	sz z
 151  032F  2800     R  	jmp _L44
 151  0330              _L29:
 153  0330              #line 153 "f:\work\血糖仪\a_bh45f67-旧版\4g\美国客户\make_lib\v1.0.01（5000套出货)-02\g-777g-usa-bg95eseye-2022-2-20\ad.c"
文件：ad.c         编译器版本 HGASM 0202 页次22

 153  0330  37C4        	clr [68].7
 154  0331              #line 154 "f:\work\血糖仪\a_bh45f67-旧版\4g\美国客户\make_lib\v1.0.01（5000套出货)-02\g-777g-usa-bg95eseye-2022-2-20\ad.c"
 154  0331  33C4        	set [68].7
 155  0332              #line 155 "f:\work\血糖仪\a_bh45f67-旧版\4g\美国客户\make_lib\v1.0.01（5000套出货)-02\g-777g-usa-bg95eseye-2022-2-20\ad.c"
 155  0332  37C4        	clr [68].7
 155  0333              _L30:
 156  0333              #line 156 "f:\work\血糖仪\a_bh45f67-旧版\4g\美国客户\make_lib\v1.0.01（5000套出货)-02\g-777g-usa-bg95eseye-2022-2-20\ad.c"
 156  0333  3B44        	snz [68].6
 156  0334  2800     R  	jmp _L45
 158  0335              #line 158 "f:\work\血糖仪\a_bh45f67-旧版\4g\美国客户\make_lib\v1.0.01（5000套出货)-02\g-777g-usa-bg95eseye-2022-2-20\ad.c"
 158  0335              ;# 158 "f:\work\血糖仪\a_bh45f67-旧版\4g\美国客户\make_lib\v1.0.01（5000套出货)-02\g-777g-usa-bg95eseye-2022-2-20\ad.c" 1
 158  0335  0001        	clr wdt
 158  0336  2800     R  	jmp _L30
 158  0337              _L44:
 171  0337              #line 171 "f:\work\血糖仪\a_bh45f67-旧版\4g\美国客户\make_lib\v1.0.01（5000套出货)-02\g-777g-usa-bg95eseye-2022-2-20\ad.c"
 171  0337  1F00     E  	clr _builtin_holtek_udivmodsi4_2[12]
 171  0338  0700     R  	mov a,_get_lowPwd_2[2]  
 171  0339  0080     E  	mov _builtin_holtek_udivmodsi4_2[0],a  
 171  033A  0700     R  	mov a,_get_lowPwd_2[3]  
 171  033B  0080     E  	mov _builtin_holtek_udivmodsi4_2[1],a
 171  033C  0700     R  	mov a,_get_lowPwd_2[4]  
 171  033D  0080     E  	mov _builtin_holtek_udivmodsi4_2[2],a  
 171  033E  0700     R  	mov a,_get_lowPwd_2[5]  
 171  033F  0080     E  	mov _builtin_holtek_udivmodsi4_2[3],a
 171  0340  0F7C        	mov a,124  
 171  0341  0080     E  	mov _builtin_holtek_udivmodsi4_2[4],a  
 171  0342  0F00        	mov a,0  
 171  0343  0080     E  	mov _builtin_holtek_udivmodsi4_2[5],a
 171  0344  1F00     E  	clr _builtin_holtek_udivmodsi4_2[6]
 171  0345  1F00     E  	clr _builtin_holtek_udivmodsi4_2[7]
 171  0346              	fcall _builtin_holtek_udivmodsi4
 171  034D  0700     E  	mov a,_builtin_holtek_udivmodsi4_2[0]  
 171  034E  0080     E  	mov rd,a  
 171  034F  0700     E  	mov a,_builtin_holtek_udivmodsi4_2[1]  
 171  0350  0080     E  	mov re,a
 171  0351  0700     E  	mov a,_builtin_holtek_udivmodsi4_2[2]  
 171  0352  0080     E  	mov rf,a  
 171  0353  0700     E  	mov a,_builtin_holtek_udivmodsi4_2[3]  
 171  0354  0080     E  	mov rg,a
 171  0355  0FF2        	mov a,low offset _AD_value
 171  0356  0083        	mov mp,a
 171  0357  0F03        	mov a,high offset _AD_value
 171  0358  0081        	mov sbp,a
 171  0359  0701        	mov a,sbp
 171  035A  0D00     R  	or a,bank _get_lowPwd
 171  035B  0084        	mov bp,a
 171  035C  0700     E  	mov a,rd
 171  035D  0082        	mov ir,a
 171  035E  1483        	inc mp
 171  035F  0700     E  	mov a,re
 171  0360  0082        	mov ir,a
 171  0361  1483        	inc mp
 171  0362  0700     E  	mov a,rf
 171  0363  0082        	mov ir,a
 171  0364  1483        	inc mp
 171  0365  0700     E  	mov a,rg
 171  0366  0082        	mov ir,a
 173  0367              #line 173 "f:\work\血糖仪\a_bh45f67-旧版\4g\美国客户\make_lib\v1.0.01（5000套出货)-02\g-777g-usa-bg95eseye-2022-2-20\ad.c"
 173  0367  1080     R  	sz _get_lowPwd_2[0]
 173  0368  2800     R  	jmp _LI7
文件：ad.c         编译器版本 HGASM 0202 页次23

 173  0369  2800     R  	jmp _L34
 173  036A              _LI7:
 175  036A              #line 175 "f:\work\血糖仪\a_bh45f67-旧版\4g\美国客户\make_lib\v1.0.01（5000套出货)-02\g-777g-usa-bg95eseye-2022-2-20\ad.c"
 175  036A  0FF2        	mov a,low offset _AD_value
 175  036B  0083        	mov mp,a
 175  036C  0F03        	mov a,high offset _AD_value
 175  036D  0081        	mov sbp,a
 175  036E  0701        	mov a,sbp
 175  036F  0D00     R  	or a,bank _get_lowPwd
 175  0370  0084        	mov bp,a
 175  0371  0702        	mov a,ir
 175  0372  0080     E  	mov rd,a
 175  0373  1483        	inc mp
 175  0374  0702        	mov a,ir
 175  0375  0080     E  	mov re,a
 175  0376  1483        	inc mp
 175  0377  0702        	mov a,ir
 175  0378  0080     E  	mov rf,a
 175  0379  1483        	inc mp
 175  037A  0702        	mov a,ir
 175  037B  0080     E  	mov rg,a
 175  037C  0FF8        	mov a,low offset _Pub_temp
 175  037D  0083        	mov mp,a
 175  037E  0F03        	mov a,high offset _Pub_temp
 175  037F  0081        	mov sbp,a
 175  0380  0701        	mov a,sbp
 175  0381  0D00     R  	or a,bank _get_lowPwd
 175  0382  0084        	mov bp,a
 175  0383  0702        	mov a,ir
 175  0384  0080     E  	mov rb,a
 175  0385  1483        	inc mp
 175  0386  0702        	mov a,ir
 175  0387  0080     E  	mov rc,a
 175  0388  0700     E  	mov a,rb
 175  0389  0080     R  	mov _get_lowPwd_2[2],a
 175  038A  0700     E  	mov a,rc
 175  038B  0080     R  	mov _get_lowPwd_2[3],a
 175  038C  1F00     R  	clr _get_lowPwd_2[4]
 175  038D  1F00     R  	clr _get_lowPwd_2[5]
 175  038E  0700     R  	mov a,_get_lowPwd_2[2]
 175  038F  0080     E  	mov _builtin_holtek_mulsi3_2[0],a
 175  0390  0700     R  	mov a,_get_lowPwd_2[3]
 175  0391  0080     E  	mov _builtin_holtek_mulsi3_2[1],a
 175  0392  0700     R  	mov a,_get_lowPwd_2[4]
 175  0393  0080     E  	mov _builtin_holtek_mulsi3_2[2],a
 175  0394  0700     R  	mov a,_get_lowPwd_2[5]
 175  0395  0080     E  	mov _builtin_holtek_mulsi3_2[3],a
 175  0396  0700     E  	mov a,rd
 175  0397  0080     E  	mov _builtin_holtek_mulsi3_2[4],a
 175  0398  0700     E  	mov a,re
 175  0399  0080     E  	mov _builtin_holtek_mulsi3_2[5],a
 175  039A  0700     E  	mov a,rf
 175  039B  0080     E  	mov _builtin_holtek_mulsi3_2[6],a
 175  039C  0700     E  	mov a,rg
 175  039D  0080     E  	mov _builtin_holtek_mulsi3_2[7],a
 175  039E              	fcall _builtin_holtek_mulsi3
 175  03A5  0700     E  	mov a,_builtin_holtek_mulsi3_2[8]
 175  03A6  0080     E  	mov rd,a
 175  03A7  0700     E  	mov a,_builtin_holtek_mulsi3_2[9]
 175  03A8  0080     E  	mov re,a
文件：ad.c         编译器版本 HGASM 0202 页次24

 175  03A9  0700     E  	mov a,_builtin_holtek_mulsi3_2[10]
 175  03AA  0080     E  	mov rf,a
 175  03AB  0700     E  	mov a,_builtin_holtek_mulsi3_2[11]
 175  03AC  0080     E  	mov rg,a
 176  03AD              #line 176 "f:\work\血糖仪\a_bh45f67-旧版\4g\美国客户\make_lib\v1.0.01（5000套出货)-02\g-777g-usa-bg95eseye-2022-2-20\ad.c"
 176  03AD  1F00     E  	clr _builtin_holtek_udivmodsi4_2[12]
 176  03AE  0700     E  	mov a,rd  
 176  03AF  0080     E  	mov _builtin_holtek_udivmodsi4_2[0],a  
 176  03B0  0700     E  	mov a,re  
 176  03B1  0080     E  	mov _builtin_holtek_udivmodsi4_2[1],a
 176  03B2  0700     E  	mov a,rf  
 176  03B3  0080     E  	mov _builtin_holtek_udivmodsi4_2[2],a  
 176  03B4  0700     E  	mov a,rg  
 176  03B5  0080     E  	mov _builtin_holtek_udivmodsi4_2[3],a
 176  03B6  0FE8        	mov a,232  
 176  03B7  0080     E  	mov _builtin_holtek_udivmodsi4_2[4],a  
 176  03B8  0F03        	mov a,3  
 176  03B9  0080     E  	mov _builtin_holtek_udivmodsi4_2[5],a
 176  03BA  1F00     E  	clr _builtin_holtek_udivmodsi4_2[6]
 176  03BB  1F00     E  	clr _builtin_holtek_udivmodsi4_2[7]
 176  03BC              	fcall _builtin_holtek_udivmodsi4
 176  03C3  0700     E  	mov a,_builtin_holtek_udivmodsi4_2[0]  
 176  03C4  0080     E  	mov rd,a  
 176  03C5  0700     E  	mov a,_builtin_holtek_udivmodsi4_2[1]  
 176  03C6  0080     E  	mov re,a
 176  03C7  0700     E  	mov a,_builtin_holtek_udivmodsi4_2[2]  
 176  03C8  0080     E  	mov rf,a  
 176  03C9  0700     E  	mov a,_builtin_holtek_udivmodsi4_2[3]  
 176  03CA  0080     E  	mov rg,a
 177  03CB              #line 177 "f:\work\血糖仪\a_bh45f67-旧版\4g\美国客户\make_lib\v1.0.01（5000套出货)-02\g-777g-usa-bg95eseye-2022-2-20\ad.c"
 177  03CB  0FF2        	mov a,low offset _AD_value
 177  03CC  0083        	mov mp,a
 177  03CD  0F03        	mov a,high offset _AD_value
 177  03CE  0081        	mov sbp,a
 177  03CF  0701        	mov a,sbp
 177  03D0  0D00     R  	or a,bank _get_lowPwd
 177  03D1  0084        	mov bp,a
 177  03D2  0700     E  	mov a,rd
 177  03D3  0082        	mov ir,a
 177  03D4  1483        	inc mp
 177  03D5  0700     E  	mov a,re
 177  03D6  0082        	mov ir,a
 177  03D7  1483        	inc mp
 177  03D8  0700     E  	mov a,rf
 177  03D9  0082        	mov ir,a
 177  03DA  1483        	inc mp
 177  03DB  0700     E  	mov a,rg
 177  03DC  0082        	mov ir,a
 177  03DD              _L34:
 180  03DD              #line 180 "f:\work\血糖仪\a_bh45f67-旧版\4g\美国客户\make_lib\v1.0.01（5000套出货)-02\g-777g-usa-bg95eseye-2022-2-20\ad.c"
 180  03DD  0FC3        	mov a,low offset _Blood_glucose
 180  03DE  0083        	mov mp,a
 180  03DF  0F03        	mov a,high offset _Blood_glucose
 180  03E0  0081        	mov sbp,a
 180  03E1  0701        	mov a,sbp
 180  03E2  0D00     R  	or a,bank _get_lowPwd
 180  03E3  0084        	mov bp,a
 180  03E4  1F02        	clr ir
 180  03E5  1483        	inc mp
 180  03E6  1F02        	clr ir
文件：ad.c         编译器版本 HGASM 0202 页次25

 180  03E7  1483        	inc mp
 180  03E8  1F02        	clr ir
 180  03E9  1483        	inc mp
 180  03EA  1F02        	clr ir
 181  03EB              #line 181 "f:\work\血糖仪\a_bh45f67-旧版\4g\美国客户\make_lib\v1.0.01（5000套出货)-02\g-777g-usa-bg95eseye-2022-2-20\ad.c"
 181  03EB  0FF2        	mov a,low offset _AD_value
 181  03EC  0083        	mov mp,a
 181  03ED  0F03        	mov a,high offset _AD_value
 181  03EE  0081        	mov sbp,a
 181  03EF  0701        	mov a,sbp
 181  03F0  0D00     R  	or a,bank _get_lowPwd
 181  03F1  0084        	mov bp,a
 181  03F2  0702        	mov a,ir
 181  03F3  0080     E  	mov rd,a
 181  03F4  1483        	inc mp
 181  03F5  0702        	mov a,ir
 181  03F6  0080     E  	mov re,a
 181  03F7  1483        	inc mp
 181  03F8  0702        	mov a,ir
 181  03F9  0080     E  	mov rf,a
 181  03FA  1483        	inc mp
 181  03FB  0702        	mov a,ir
 181  03FC  0080     E  	mov rg,a
 181  03FD  0F65        	mov a,101
 181  03FE  0200     E  	sub a,rd
 181  03FF  0F0F        	mov a,15
 181  0400  1200     E  	sbc a,re
 181  0401  0F00        	mov a,0
 181  0402  1200     E  	sbc a,rf
 181  0403  0F00        	mov a,0
 181  0404  1200     E  	sbc a,rg
 181  0405  3C0A        	sz c
 181  0406  2800     R  	jmp _L35
 183  0407              #line 183 "f:\work\血糖仪\a_bh45f67-旧版\4g\美国客户\make_lib\v1.0.01（5000套出货)-02\g-777g-usa-bg95eseye-2022-2-20\ad.c"
 183  0407  0FC3        	mov a,low offset _Blood_glucose
 183  0408  0083        	mov mp,a
 183  0409  0F03        	mov a,high offset _Blood_glucose
 183  040A  0081        	mov sbp,a
 183  040B  0701        	mov a,sbp
 183  040C  0D00     R  	or a,bank _get_lowPwd
 183  040D  0084        	mov bp,a
 183  040E  0F59        	mov a,89
 183  040F  0082        	mov ir,a
 183  0410  1483        	inc mp
 183  0411  0F02        	mov a,2
 183  0412  0082        	mov ir,a
 183  0413  1483        	inc mp
 183  0414  0F00        	mov a,0
 183  0415  0082        	mov ir,a
 183  0416  1483        	inc mp
 183  0417  0F00        	mov a,0
 183  0418  0082        	mov ir,a
 184  0419              #line 184 "f:\work\血糖仪\a_bh45f67-旧版\4g\美国客户\make_lib\v1.0.01（5000套出货)-02\g-777g-usa-bg95eseye-2022-2-20\ad.c"
 184  0419  2800     R  	jmp _L11
 184  041A              _L35:
 186  041A              #line 186 "f:\work\血糖仪\a_bh45f67-旧版\4g\美国客户\make_lib\v1.0.01（5000套出货)-02\g-777g-usa-bg95eseye-2022-2-20\ad.c"
 186  041A  0FF2        	mov a,low offset _AD_value
 186  041B  0083        	mov mp,a
 186  041C  0F03        	mov a,high offset _AD_value
 186  041D  0081        	mov sbp,a
文件：ad.c         编译器版本 HGASM 0202 页次26

 186  041E  0701        	mov a,sbp
 186  041F  0D00     R  	or a,bank _get_lowPwd
 186  0420  0084        	mov bp,a
 186  0421  0702        	mov a,ir
 186  0422  0080     E  	mov rd,a
 186  0423  1483        	inc mp
 186  0424  0702        	mov a,ir
 186  0425  0080     E  	mov re,a
 186  0426  1483        	inc mp
 186  0427  0702        	mov a,ir
 186  0428  0080     E  	mov rf,a
 186  0429  1483        	inc mp
 186  042A  0702        	mov a,ir
 186  042B  0080     E  	mov rg,a
 186  042C  0FF8        	mov a,248
 186  042D  0200     E  	sub a,rd
 186  042E  0F03        	mov a,3
 186  042F  1200     E  	sbc a,re
 186  0430  0F00        	mov a,0
 186  0431  1200     E  	sbc a,rf
 186  0432  0F00        	mov a,0
 186  0433  1200     E  	sbc a,rg
 186  0434  380A        	snz c
 186  0435  2800     R  	jmp _L36
 188  0436              #line 188 "f:\work\血糖仪\a_bh45f67-旧版\4g\美国客户\make_lib\v1.0.01（5000套出货)-02\g-777g-usa-bg95eseye-2022-2-20\ad.c"
 188  0436  0FC3        	mov a,low offset _Blood_glucose
 188  0437  0083        	mov mp,a
 188  0438  0F03        	mov a,high offset _Blood_glucose
 188  0439  0081        	mov sbp,a
 188  043A  0701        	mov a,sbp
 188  043B  0D00     R  	or a,bank _get_lowPwd
 188  043C  0084        	mov bp,a
 188  043D  0F12        	mov a,18
 188  043E  0082        	mov ir,a
 188  043F  1483        	inc mp
 188  0440  0F00        	mov a,0
 188  0441  0082        	mov ir,a
 188  0442  1483        	inc mp
 188  0443  0F00        	mov a,0
 188  0444  0082        	mov ir,a
 188  0445  1483        	inc mp
 188  0446  0F00        	mov a,0
 188  0447  0082        	mov ir,a
 189  0448              #line 189 "f:\work\血糖仪\a_bh45f67-旧版\4g\美国客户\make_lib\v1.0.01（5000套出货)-02\g-777g-usa-bg95eseye-2022-2-20\ad.c"
 189  0448  2800     R  	jmp _L11
 189  0449              _L36:
 191  0449              #line 191 "f:\work\血糖仪\a_bh45f67-旧版\4g\美国客户\make_lib\v1.0.01（5000套出货)-02\g-777g-usa-bg95eseye-2022-2-20\ad.c"
 191  0449  0F85        	mov a,low (offset _SystemFlags+5)
 191  044A  0083        	mov mp,a
 191  044B  0F03        	mov a,high (offset _SystemFlags+5)
 191  044C  0081        	mov sbp,a
 191  044D  0701        	mov a,sbp
 191  044E  0D00     R  	or a,bank _get_lowPwd
 191  044F  0084        	mov bp,a
 191  0450  0702        	mov a,ir
 191  0451  0080     E  	mov ra,a
 191  0452              #pragma debug scope 7 6
 191  0452              ;begin block, line: 191.-1
 193  0452              #line 193 "f:\work\血糖仪\a_bh45f67-旧版\4g\美国客户\make_lib\v1.0.01（5000套出货)-02\g-777g-usa-bg95eseye-2022-2-20\ad.c"
 193  0452  0FC3        	mov a,low offset _Blood_glucose
文件：ad.c         编译器版本 HGASM 0202 页次27

 193  0453  0083        	mov mp,a
 193  0454  0F03        	mov a,high offset _Blood_glucose
 193  0455  0081        	mov sbp,a
 193  0456  0701        	mov a,sbp
 193  0457  0D00     R  	or a,bank _get_lowPwd
 193  0458  0084        	mov bp,a
 193  0459  0702        	mov a,ir
 193  045A  0080     R  	mov _get_lowPwd_2[2],a
 193  045B  1483        	inc mp
 193  045C  0702        	mov a,ir
 193  045D  0080     R  	mov _get_lowPwd_2[3],a
 193  045E  1483        	inc mp
 193  045F  0702        	mov a,ir
 193  0460  0080     R  	mov _get_lowPwd_2[4],a
 193  0461  1483        	inc mp
 193  0462  0702        	mov a,ir
 193  0463  0080     R  	mov _get_lowPwd_2[5],a
 193  0464  0FF2        	mov a,low offset _AD_value
 193  0465  0083        	mov mp,a
 193  0466  0F03        	mov a,high offset _AD_value
 193  0467  0081        	mov sbp,a
 193  0468  0701        	mov a,sbp
 193  0469  0D00     R  	or a,bank _get_lowPwd
 193  046A  0084        	mov bp,a
 193  046B  0702        	mov a,ir
 193  046C  0080     E  	mov rd,a
 193  046D  1483        	inc mp
 193  046E  0702        	mov a,ir
 193  046F  0080     E  	mov re,a
 193  0470  1483        	inc mp
 193  0471  0702        	mov a,ir
 193  0472  0080     E  	mov rf,a
 193  0473  1483        	inc mp
 193  0474  0702        	mov a,ir
 193  0475  0080     E  	mov rg,a
 193  0476  0700     R  	mov a,_get_lowPwd_2[2]
 193  0477  0080     E  	mov _Calculate_blood_2[4],a
 193  0478  0700     R  	mov a,_get_lowPwd_2[3]
 193  0479  0080     E  	mov _Calculate_blood_2[5],a
 193  047A  0700     R  	mov a,_get_lowPwd_2[4]
 193  047B  0080     E  	mov _Calculate_blood_2[6],a
 193  047C  0700     R  	mov a,_get_lowPwd_2[5]
 193  047D  0080     E  	mov _Calculate_blood_2[7],a
 193  047E  0700     E  	mov a,rd
 193  047F  0080     E  	mov _Calculate_blood_2[0],a
 193  0480  0700     E  	mov a,re
 193  0481  0080     E  	mov _Calculate_blood_2[1],a
 193  0482  0700     E  	mov a,rf
 193  0483  0080     E  	mov _Calculate_blood_2[2],a
 193  0484  0700     E  	mov a,rg
 193  0485  0080     E  	mov _Calculate_blood_2[3],a
 193  0486              #pragma debug scope 6 1
 191  0486              #line 191 "f:\work\血糖仪\a_bh45f67-旧版\4g\美国客户\make_lib\v1.0.01（5000套出货)-02\g-777g-usa-bg95eseye-2022-2-20\ad.c"
 191  0486  1700     E  	sdza ra
 191  0487  2800     R  	jmp _L37
 191  0488              #pragma debug scope 8 6
 191  0488              ;begin block, line: 191.-1
 193  0488              #line 193 "f:\work\血糖仪\a_bh45f67-旧版\4g\美国客户\make_lib\v1.0.01（5000套出货)-02\g-777g-usa-bg95eseye-2022-2-20\ad.c"
 193  0488              	fcall _Calculate_contrul
 193  048F  2800     R  	jmp _L39
文件：ad.c         编译器版本 HGASM 0202 页次28

 193  0490              _L37:
 193  0490              #pragma debug scope 6 1
 193  0490              #pragma debug scope 9 6
 193  0490              ;begin block, line: 193.-1
 198  0490              #line 198 "f:\work\血糖仪\a_bh45f67-旧版\4g\美国客户\make_lib\v1.0.01（5000套出货)-02\g-777g-usa-bg95eseye-2022-2-20\ad.c"
 198  0490              	fcall _Calculate_blood
 198  0497              _L39:
 198  0497  0700     E  	mov a,ra
 198  0498  0080     E  	mov rd,a
 198  0499  0700     E  	mov a,rb
 198  049A  0080     E  	mov re,a
 198  049B  1F05        	clr acc
 198  049C  3C00     E  	sz re.7
 198  049D  1F85        	set acc
 198  049E  0080     E  	mov rf,a
 198  049F  0080     E  	mov rg,a
 198  04A0  0FC3        	mov a,low offset _Blood_glucose
 198  04A1  0083        	mov mp,a
 198  04A2  0F03        	mov a,high offset _Blood_glucose
 198  04A3  0081        	mov sbp,a
 198  04A4              _L38:
 198  04A4  0701        	mov a,sbp
 198  04A5  0D00     R  	or a,bank _get_lowPwd
 198  04A6  0084        	mov bp,a
 198  04A7  0700     E  	mov a,rd
 198  04A8  0082        	mov ir,a
 198  04A9  1483        	inc mp
 198  04AA  0700     E  	mov a,re
 198  04AB  0082        	mov ir,a
 198  04AC  1483        	inc mp
 198  04AD  0700     E  	mov a,rf
 198  04AE  0082        	mov ir,a
 198  04AF  1483        	inc mp
 198  04B0  0700     E  	mov a,rg
 198  04B1  0082        	mov ir,a
 198  04B2              _L11:
 198  04B2              #pragma debug scope 6 1
 198  04B2  0003        	ret
 198  04B3              _get_lowPwd endp
 198  04B3              #line 198 "f:\work\血糖仪\a_bh45f67-旧版\4g\美国客户\make_lib\v1.0.01（5000套出货)-02\g-777g-usa-bg95eseye-2022-2-20\ad.c"
 198  04B3              #pragma debug scope 1 1
 198  04B3              #pragma debug struct_end
 198  04B3              #pragma debug struct_end
 198  04B3              #pragma debug union_end
 198  04B3              #pragma debug union_end
 198  04B3              #pragma debug variable 43 1 ___pbpu "__pbpu" 1
 198  04B3              #pragma debug struct_end
 198  04B3              #pragma debug struct_end
 198  04B3              #pragma debug union_end
 198  04B3              #pragma debug union_end
 198  04B3              #pragma debug variable 45 1 ___pb "__pb" 1
 198  04B3              #pragma debug struct_end
 198  04B3              #pragma debug struct_end
 198  04B3              #pragma debug union_end
 198  04B3              #pragma debug union_end
 198  04B3              #pragma debug variable 47 1 ___pbc "__pbc" 1
 198  04B3              #pragma debug variable 8 1 ___adrl "__adrl" 1
 198  04B3              #pragma debug variable 8 1 ___adrh "__adrh" 1
 198  04B3              #pragma debug struct_end
 198  04B3              #pragma debug struct_end
文件：ad.c         编译器版本 HGASM 0202 页次29

 198  04B3              #pragma debug union_end
 198  04B3              #pragma debug union_end
 198  04B3              #pragma debug variable 49 1 ___adcr0 "__adcr0" 1
 198  04B3              #pragma debug struct_end
 198  04B3              #pragma debug struct_end
 198  04B3              #pragma debug union_end
 198  04B3              #pragma debug union_end
 198  04B3              #pragma debug variable 51 1 ___adcr1 "__adcr1" 1
 198  04B3              #pragma debug struct_end
 198  04B3              #pragma debug struct_end
 198  04B3              #pragma debug union_end
 198  04B3              #pragma debug union_end
 198  04B3              #pragma debug variable 53 1 ___adcr2 "__adcr2" 1
 198  04B3              #pragma debug struct_end
 198  04B3              #pragma debug struct_end
 198  04B3              #pragma debug union_end
 198  04B3              #pragma debug union_end
 198  04B3              #pragma debug variable 55 1 ___bgc "__bgc" 1
 198  04B3              #pragma debug struct_end
 198  04B3              #pragma debug struct_end
 198  04B3              #pragma debug union_end
 198  04B3              #pragma debug union_end
 198  04B3              #pragma debug variable 57 1 ___tsc "__tsc" 1
 198  04B3              #pragma debug struct_end
 198  04B3              #pragma debug struct_end
 198  04B3              #pragma debug union_end
 198  04B3              #pragma debug union_end
 198  04B3              #pragma debug variable 59 1 ___opc1 "__opc1" 1
 198  04B3              #pragma debug struct_end
 198  04B3              #pragma debug struct_end
 198  04B3              #pragma debug union_end
 198  04B3              #pragma debug union_end
 198  04B3              #pragma debug struct_end
 198  04B3              #pragma debug struct_end
 198  04B3              #pragma debug union_end
 198  04B3              #pragma debug union_end
 198  04B3              #pragma debug variable 63 1 _SystemFlags "SystemFlags" 14
 198  04B3              #pragma debug variable 14 1 _Blood_glucose "Blood_glucose" 4
 198  04B3              #pragma debug variable 14 1 _AD_value "AD_value" 4
 198  04B3              #pragma debug variable 10 1 _Pub_temp "Pub_temp" 2
 198  04B3              extern _me_delay_ms_2:byte
 198  04B3              extern _me_delay_ms:near
 198  04B3              extern _builtin_holtek_udivmodsi4_2:byte
 198  04B3              extern _builtin_holtek_udivmodsi4:near
 198  04B3              extern _builtin_holtek_mulsi3_2:byte
 198  04B3              extern _builtin_holtek_mulsi3:near
 198  04B3              extern _Calculate_blood_2:byte
 198  04B3              extern _Calculate_blood:near
 198  04B3              extern _Calculate_contrul:near
 198  04B3              
 198  04B3              ; 
 198  04B3              ; Generated by holtek-gcc v3.19, Thu Jul 21 09:11:03 2022
 198  04B3              ; Rebuild 718
 198  04B3              ; end of file


        0 Errors, 0