文件：delay.c      编译器版本 HGASM 0202 页次1


   1  0000              ; Generated by holtek-gcc v3.19, Thu Jul 21 09:11:03 2022
   2  0000              ; 
   3  0000              ; Configuration:
   4  0000              ;       without long instruction
   5  0000              ;       Multi-ROM, Multi-RAM
   6  0000              ;       bits_per_rom_unit:16
   7  0000              ;       with mp1
   8  0000              ;       with tbhp, address(0x9)
   9  0000              ;          Use tabrd-const
  10  0000              ;       
  11  0000              ;       
  12  0000              ;       
  13  0000              ; use 'tabrdc' instead of 'tabrd'
  14  0000              ;       
  15  0000              
  16  0000              #pragma translator "holtek-gcc 4.6.4" "3.19" "build 20130711"
  17  0000              ; Rebuild 718
  18  0000              
  19  0000              ir equ [2]
  20  0000              mp equ [3]
  21  0000              sbp equ [1]
  22  0000              acc equ [5]
  23  0000              bp equ [4]
  24  0000              tblp equ [7]
  25  0000              tbhp equ [9]
  26  0000              status equ [10]
  27  0000              c equ [10].0
  28  0000              ac equ [10].1
  29  0000              z equ [10].2
  30  0000              ov equ [10].3
  31  0000              intc equ [11]
  32  0000              
  33  0000              extern ra:byte
  34  0000              extern rb:byte
  35  0000              extern rc:byte
  36  0000              extern rd:byte
  37  0000              extern re:byte
  38  0000              extern rf:byte
  39  0000              extern rg:byte
  40  0000              extern rh:byte
  41  0000              extern _Crom2Prom:near
  42  0000              extern _Crom2PromNext:near
  43  0000              
  44  0000              RAMBANK 0 @HCCINIT, @HCCINIT0
  45  0000              
  46  0000              RAMBANK 0 @BITDATASEC, @BITDATASEC1
  47  0000              @HCCINIT	.section 'data'
  48  0000              @HCCINIT0	.section 'data'
  49  0000              @BITDATASEC	 .section 'data'
  50  0000              @BITDATASEC1	 .section 'data'
  51  0000              
  52  0000              #pragma debug scope 1 1
  53  0000              	extern __DELAY3:near
  54  0000              	extern __DELAYX3:near
  55  0000              	extern __DELAYX6:near
  56  0000              	extern __DELAYY5:near
  57  0000              	extern __DELAYY3:near
  58  0000              	extern _builtin_holtek_delay_2:byte
  59  0000              public _me_delay_100us
文件：delay.ASM    编译器版本 HGASM 0202 页次2

  60  0000              #pragma debug scope 2 1

   6  0000              #line 6 "f:\work\血糖仪\a_bh45f67-旧版\4g\美国客户\make_lib\v1.0.01（5000套出货)-02\g-777g-usa-bg95eseye-2022-2-20\delay.c"
   6  0000              _me_delay_100us .section 'code'
   6  0000              _me_delay_100us proc
   6  0000  00              local _me_delay_100us_2 db 1 dup(?)	; 0,1
   6  0001              #pragma debug variable 8 2 _me_delay_100us_2+0 "i"
   7  0001              #line 7 "f:\work\血糖仪\a_bh45f67-旧版\4g\美国客户\make_lib\v1.0.01（5000套出货)-02\g-777g-usa-bg95eseye-2022-2-20\delay.c"
   7  0000  0F12        	mov a,18
   7  0001  0080     R  	mov _me_delay_100us_2[0],a
   8  0002              #line 8 "f:\work\血糖仪\a_bh45f67-旧版\4g\美国客户\make_lib\v1.0.01（5000套出货)-02\g-777g-usa-bg95eseye-2022-2-20\delay.c"
   8  0002  2800     R  	jmp _L2
   8  0003              _L3:
  10  0003              #line 10 "f:\work\血糖仪\a_bh45f67-旧版\4g\美国客户\make_lib\v1.0.01（5000套出货)-02\g-777g-usa-bg95eseye-2022-2-20\delay.c"
  10  0003  1580     R  	dec _me_delay_100us_2[0]
  10  0004              _L2:
   8  0004              #line 8 "f:\work\血糖仪\a_bh45f67-旧版\4g\美国客户\make_lib\v1.0.01（5000套出货)-02\g-777g-usa-bg95eseye-2022-2-20\delay.c"
   8  0004  1080     R  	sz _me_delay_100us_2[0]
   8  0005  2800     R  	jmp _L3
   8  0006  0003        	ret
   8  0007              _me_delay_100us endp
   8  0007              #line 8 "f:\work\血糖仪\a_bh45f67-旧版\4g\美国客户\make_lib\v1.0.01（5000套出货)-02\g-777g-usa-bg95eseye-2022-2-20\delay.c"
   8  0007              #pragma debug scope 1 1
   8  0007              public _me_delay_ms
   8  0007              #pragma debug scope 3 1
  15  0007              #line 15 "f:\work\血糖仪\a_bh45f67-旧版\4g\美国客户\make_lib\v1.0.01（5000套出货)-02\g-777g-usa-bg95eseye-2022-2-20\delay.c"
  15  0000              _me_delay_ms .section 'code'
  15  0000              _me_delay_ms proc
  15  0000              public _me_delay_ms_2
  15  0000  0005[           local _me_delay_ms_2 db 5 dup(?)	; 2,3
            00
            ]
  15  0005              #pragma debug variable 10 3 _me_delay_ms_2+0 "k"
  15  0005              #pragma debug variable 10 3 _me_delay_ms_2+2 "i"
  15  0005              #pragma debug variable 8 3 _me_delay_ms_2+4 "i2"
  18  0005              #line 18 "f:\work\血糖仪\a_bh45f67-旧版\4g\美国客户\make_lib\v1.0.01（5000套出货)-02\g-777g-usa-bg95eseye-2022-2-20\delay.c"
  18  0000  1F00     R  	clr _me_delay_ms_2[2]
  18  0001  1F00     R  	clr _me_delay_ms_2[3]
  18  0002  2800     R  	jmp _L6
  18  0003              _L9:
  20  0003              #line 20 "f:\work\血糖仪\a_bh45f67-旧版\4g\美国客户\make_lib\v1.0.01（5000套出货)-02\g-777g-usa-bg95eseye-2022-2-20\delay.c"
  20  0003  1F00     R  	clr _me_delay_ms_2[4]
  20  0004              _L7:
  20  0004  0F0A        	mov a,10
  20  0005  0200     R  	sub a,_me_delay_ms_2[4]
  20  0006  380A        	snz c
  20  0007  2800     R  	jmp _L10
  22  0008              #line 22 "f:\work\血糖仪\a_bh45f67-旧版\4g\美国客户\make_lib\v1.0.01（5000套出货)-02\g-777g-usa-bg95eseye-2022-2-20\delay.c"
  22  0008              	fcall _me_delay_100us
  23  000F              #line 23 "f:\work\血糖仪\a_bh45f67-旧版\4g\美国客户\make_lib\v1.0.01（5000套出货)-02\g-777g-usa-bg95eseye-2022-2-20\delay.c"
  23  000F              ;# 23 "f:\work\血糖仪\a_bh45f67-旧版\4g\美国客户\make_lib\v1.0.01（5000套出货)-02\g-777g-usa-bg95eseye-2022-2-20\delay.c" 1
  23  000F  0001        	clr wdt
  20  0010              #line 20 "f:\work\血糖仪\a_bh45f67-旧版\4g\美国客户\make_lib\v1.0.01（5000套出货)-02\g-777g-usa-bg95eseye-2022-2-20\delay.c"
  20  0010  1480     R  	inc _me_delay_ms_2[4]
  20  0011  2800     R  	jmp _L7
  20  0012              _L10:
  18  0012              #line 18 "f:\work\血糖仪\a_bh45f67-旧版\4g\美国客户\make_lib\v1.0.01（5000套出货)-02\g-777g-usa-bg95eseye-2022-2-20\delay.c"
  18  0012  1480     R  	inc _me_delay_ms_2[2]
  18  0013  3D0A        	sz z
  18  0014  1480     R  	inc _me_delay_ms_2[3]
文件：delay.c      编译器版本 HGASM 0202 页次3

  18  0015              _L6:
  18  0015  0700     R  	mov a,_me_delay_ms_2[2]
  18  0016  0200     R  	sub a,_me_delay_ms_2[0]
  18  0017  0700     R  	mov a,_me_delay_ms_2[3]
  18  0018  1200     R  	sbc a,_me_delay_ms_2[1]
  18  0019  380A        	snz c
  18  001A  2800     R  	jmp _L9
  18  001B  0003        	ret
  18  001C              _me_delay_ms endp
  18  001C              #line 18 "f:\work\血糖仪\a_bh45f67-旧版\4g\美国客户\make_lib\v1.0.01（5000套出货)-02\g-777g-usa-bg95eseye-2022-2-20\delay.c"
  18  001C              #pragma debug scope 1 1
  18  001C              
  18  001C              ; 
  18  001C              ; Generated by holtek-gcc v3.19, Thu Jul 21 09:11:03 2022
  18  001C              ; Rebuild 718
  18  001C              ; end of file


        0 Errors, 0