文件：EEPROM.c     编译器版本 HGASM 0202 页次1


   1  0000              ; Generated by holtek-gcc v3.19, Tue Jul 26 12:07:01 2022
   2  0000              ; 
   3  0000              ; Configuration:
   4  0000              ;       with long instruction
   5  0000              ;       Multi-ROM, Multi-RAM
   6  0000              ;       bits_per_rom_unit:16
   7  0000              ;       with mp1
   8  0000              ;       with tbhp, address(0x9)
   9  0000              ;          Use tabrd-const
  10  0000              ;       
  11  0000              ; SFR address of long-instruction arch:
  12  0000              ;    mp0 = -1,1,0
  13  0000              ;    mp1 = 4,3,2
  14  0000              ;    mp2 = 14,13,12
  15  0000              ;    tbp = 9,7,8
  16  0000              ;    acc = 5
  17  0000              ;    pcl = 6
  18  0000              ;    status = 10
  19  0000              ;    bp = 11
  20  0000              ;    intc = 32
  21  0000              ;       
  22  0000              ;       
  23  0000              ; use 'tabrdc' instead of 'tabrd'
  24  0000              ;       
  25  0000              
  26  0000              #pragma translator "holtek-gcc 4.6.4" "3.19" "build 20130711"
  27  0000              ; Rebuild 718
  28  0000              
  29  0000              ir equ [2]
  30  0000              mp equ [3]
  31  0000              sbp equ [4]
  32  0000              acc equ [5]
  33  0000              bp equ [11]
  34  0000              tblp equ [7]
  35  0000              tbhp equ [9]
  36  0000              status equ [10]
  37  0000              c equ [10].0
  38  0000              ac equ [10].1
  39  0000              z equ [10].2
  40  0000              ov equ [10].3
  41  0000              cz equ [10].6
  42  0000              sc equ [10].7
  43  0000              intc equ [32]
  44  0000              
  45  0000              extern ra:byte
  46  0000              extern rb:byte
  47  0000              extern rc:byte
  48  0000              extern rd:byte
  49  0000              extern re:byte
  50  0000              extern rf:byte
  51  0000              extern rg:byte
  52  0000              extern rh:byte
  53  0000              extern _Crom2Prom:near
  54  0000              extern _Crom2PromNext:near
  55  0000              
  56  0000              RAMBANK 0 @BITDATASEC, @BITDATASEC1
  57  0000              @HCCINIT	.section 'data'
  58  0000              @HCCINIT0	.section 'data'
  59  0000              @BITDATASEC	 .section 'data'
文件：EEPROM.ASM   编译器版本 HGASM 0202 页次2

  60  0000              @BITDATASEC1	 .section 'data'
  61  0000              
  62  0000              #pragma debug scope 1 1
  63  0000              	extern __DELAY3:near
  64  0000              	extern __DELAYX3:near
  65  0000              	extern __DELAYX6:near
  66  0000              	extern __DELAYY5:near
  67  0000              	extern __DELAYY3:near
  68  0000              	extern _builtin_holtek_delay_2:byte
  69  0000              ___intc0 equ [32]
  70  0000              ___eea equ [65]
  71  0000              ___mp1h equ [4]
  72  0000              ___mp1l equ [3]
  73  0000              ___iar1 equ [2]
  74  0000              ___eed equ [66]
  75  0000              public _SBR_EEPROM_READDATA
  76  0000              #pragma debug scope 2 1

  12  0000              #line 12 "k:\55555555555555\test\saier-a600n-2260-usa4g-aal-bg95-ui-v1.0-6\EEPROM.c"
  12  0000              _SBR_EEPROM_READDATA .section 'code'
  12  0000              _SBR_EEPROM_READDATA proc
  12  0000  00              local _SBR_EEPROM_READDATA_2 db 1 dup(?)	; 0,1
  12  0000  0080     R  	mov _SBR_EEPROM_READDATA_2[0],a
  12  0001              #pragma debug variable 8 2 _SBR_EEPROM_READDATA_2+0 "addr"
  15  0001              #line 15 "k:\55555555555555\test\saier-a600n-2260-usa4g-aal-bg95-ui-v1.0-6\EEPROM.c"
  15  0001  0720        	mov a,[32]
  15  0002  0E01        	and a,1
  15  0003  0080     E  	mov rb,a
  16  0004              #line 16 "k:\55555555555555\test\saier-a600n-2260-usa4g-aal-bg95-ui-v1.0-6\EEPROM.c"
  16  0004  3420        	clr [32].0
  17  0005              #line 17 "k:\55555555555555\test\saier-a600n-2260-usa4g-aal-bg95-ui-v1.0-6\EEPROM.c"
  17  0005  0700     R  	mov a,_SBR_EEPROM_READDATA_2[0]
  17  0006  00C1        	mov [65],a
  18  0007              #line 18 "k:\55555555555555\test\saier-a600n-2260-usa4g-aal-bg95-ui-v1.0-6\EEPROM.c"
  18  0007  0F01        	mov a,1
  18  0008  0084        	mov [4],a
  19  0009              #line 19 "k:\55555555555555\test\saier-a600n-2260-usa4g-aal-bg95-ui-v1.0-6\EEPROM.c"
  19  0009  0F40        	mov a,64
  19  000A  0083        	mov [3],a
  20  000B              #line 20 "k:\55555555555555\test\saier-a600n-2260-usa4g-aal-bg95-ui-v1.0-6\EEPROM.c"
  20  000B  3082        	set [2].1
  21  000C              #line 21 "k:\55555555555555\test\saier-a600n-2260-usa4g-aal-bg95-ui-v1.0-6\EEPROM.c"
  21  000C  3002        	set [2].0
  21  000D              _L3:
  22  000D              #line 22 "k:\55555555555555\test\saier-a600n-2260-usa4g-aal-bg95-ui-v1.0-6\EEPROM.c"
  22  000D  3C02        	sz [2].0
  22  000E  2800     R  	jmp _L3
  23  000F              #line 23 "k:\55555555555555\test\saier-a600n-2260-usa4g-aal-bg95-ui-v1.0-6\EEPROM.c"
  23  000F  0742        	mov a,[66]
  23  0010  0080     E  	mov ra,a
  24  0011              #line 24 "k:\55555555555555\test\saier-a600n-2260-usa4g-aal-bg95-ui-v1.0-6\EEPROM.c"
  24  0011  3482        	clr [2].1
  25  0012              #line 25 "k:\55555555555555\test\saier-a600n-2260-usa4g-aal-bg95-ui-v1.0-6\EEPROM.c"
  25  0012  3420        	clr [32].0
  25  0013  0700     E  	mov a,rb
  25  0014  05A0        	orm a,[32]
  27  0015              #line 27 "k:\55555555555555\test\saier-a600n-2260-usa4g-aal-bg95-ui-v1.0-6\EEPROM.c"
  27  0015  0700     E  	mov a,ra
  27  0016  0003        	ret
  27  0017              _SBR_EEPROM_READDATA endp
文件：EEPROM.c     编译器版本 HGASM 0202 页次3

  27  0017              #line 27 "k:\55555555555555\test\saier-a600n-2260-usa4g-aal-bg95-ui-v1.0-6\EEPROM.c"
  27  0017              #pragma debug scope 1 1
  27  0017              public _EEPROM_WRITING
  27  0017              #pragma debug scope 3 1
  36  0017              #line 36 "k:\55555555555555\test\saier-a600n-2260-usa4g-aal-bg95-ui-v1.0-6\EEPROM.c"
  36  0000              _EEPROM_WRITING .section 'code'
  36  0000              _EEPROM_WRITING proc
  36  0000              public _EEPROM_WRITING_2
  36  0000  0002[           local _EEPROM_WRITING_2 db 2 dup(?)	; 1,1
            00
            ]
  36  0000  0080     R  	mov _EEPROM_WRITING_2[1],a
  36  0001              #pragma debug variable 8 3 _EEPROM_WRITING_2+1 "addr"
  36  0001              #pragma debug variable 8 3 _EEPROM_WRITING_2+0 "data1"
  38  0001              #line 38 "k:\55555555555555\test\saier-a600n-2260-usa4g-aal-bg95-ui-v1.0-6\EEPROM.c"
  38  0001  0720        	mov a,[32]
  38  0002  0E01        	and a,1
  38  0003  0080     E  	mov ra,a
  39  0004              #line 39 "k:\55555555555555\test\saier-a600n-2260-usa4g-aal-bg95-ui-v1.0-6\EEPROM.c"
  39  0004  3420        	clr [32].0
  40  0005              #line 40 "k:\55555555555555\test\saier-a600n-2260-usa4g-aal-bg95-ui-v1.0-6\EEPROM.c"
  40  0005  0700     R  	mov a,_EEPROM_WRITING_2[1]
  40  0006  00C1        	mov [65],a
  41  0007              #line 41 "k:\55555555555555\test\saier-a600n-2260-usa4g-aal-bg95-ui-v1.0-6\EEPROM.c"
  41  0007  0700     R  	mov a,_EEPROM_WRITING_2[0]
  41  0008  00C2        	mov [66],a
  42  0009              #line 42 "k:\55555555555555\test\saier-a600n-2260-usa4g-aal-bg95-ui-v1.0-6\EEPROM.c"
  42  0009  0F01        	mov a,1
  42  000A  0084        	mov [4],a
  43  000B              #line 43 "k:\55555555555555\test\saier-a600n-2260-usa4g-aal-bg95-ui-v1.0-6\EEPROM.c"
  43  000B  0F40        	mov a,64
  43  000C  0083        	mov [3],a
  44  000D              #line 44 "k:\55555555555555\test\saier-a600n-2260-usa4g-aal-bg95-ui-v1.0-6\EEPROM.c"
  44  000D  3182        	set [2].3
  45  000E              #line 45 "k:\55555555555555\test\saier-a600n-2260-usa4g-aal-bg95-ui-v1.0-6\EEPROM.c"
  45  000E  3102        	set [2].2
  46  000F              #line 46 "k:\55555555555555\test\saier-a600n-2260-usa4g-aal-bg95-ui-v1.0-6\EEPROM.c"
  46  000F              ;# 46 "k:\55555555555555\test\saier-a600n-2260-usa4g-aal-bg95-ui-v1.0-6\EEPROM.c" 1
  46  000F  0000        	nop
  46  0010              _L7:
  47  0010              #line 47 "k:\55555555555555\test\saier-a600n-2260-usa4g-aal-bg95-ui-v1.0-6\EEPROM.c"
  47  0010  3D02        	sz [2].2
  47  0011  2800     R  	jmp _L7
  48  0012              #line 48 "k:\55555555555555\test\saier-a600n-2260-usa4g-aal-bg95-ui-v1.0-6\EEPROM.c"
  48  0012  3582        	clr [2].3
  49  0013              #line 49 "k:\55555555555555\test\saier-a600n-2260-usa4g-aal-bg95-ui-v1.0-6\EEPROM.c"
  49  0013  3420        	clr [32].0
  49  0014  0700     E  	mov a,ra
  49  0015  05A0        	orm a,[32]
  49  0016  0003        	ret
  49  0017              _EEPROM_WRITING endp
  49  0017              #line 49 "k:\55555555555555\test\saier-a600n-2260-usa4g-aal-bg95-ui-v1.0-6\EEPROM.c"
  49  0017              #pragma debug scope 1 1
  49  0017              public _EEPROM_WRITING_INT
  49  0017              #pragma debug scope 4 1
  59  0017              #line 59 "k:\55555555555555\test\saier-a600n-2260-usa4g-aal-bg95-ui-v1.0-6\EEPROM.c"
  59  0000              _EEPROM_WRITING_INT .section 'code'
  59  0000              _EEPROM_WRITING_INT proc
  59  0000              public _EEPROM_WRITING_INT_2
  59  0000  0002[           local _EEPROM_WRITING_INT_2 db 2 dup(?)	; 1,1
文件：EEPROM.c     编译器版本 HGASM 0202 页次4

            00
            ]
  59  0000  0080     R  	mov _EEPROM_WRITING_INT_2[1],a
  59  0001              #pragma debug variable 8 4 _EEPROM_WRITING_INT_2+1 "addr"
  59  0001              #pragma debug variable 8 4 _EEPROM_WRITING_INT_2+0 "data1"
  61  0001              #line 61 "k:\55555555555555\test\saier-a600n-2260-usa4g-aal-bg95-ui-v1.0-6\EEPROM.c"
  61  0001  0720        	mov a,[32]
  61  0002  0E01        	and a,1
  61  0003  0080     E  	mov ra,a
  62  0004              #line 62 "k:\55555555555555\test\saier-a600n-2260-usa4g-aal-bg95-ui-v1.0-6\EEPROM.c"
  62  0004  3420        	clr [32].0
  63  0005              #line 63 "k:\55555555555555\test\saier-a600n-2260-usa4g-aal-bg95-ui-v1.0-6\EEPROM.c"
  63  0005  0700     R  	mov a,_EEPROM_WRITING_INT_2[1]
  63  0006  00C1        	mov [65],a
  64  0007              #line 64 "k:\55555555555555\test\saier-a600n-2260-usa4g-aal-bg95-ui-v1.0-6\EEPROM.c"
  64  0007  0700     R  	mov a,_EEPROM_WRITING_INT_2[0]
  64  0008  00C2        	mov [66],a
  65  0009              #line 65 "k:\55555555555555\test\saier-a600n-2260-usa4g-aal-bg95-ui-v1.0-6\EEPROM.c"
  65  0009  0F01        	mov a,1
  65  000A  0084        	mov [4],a
  66  000B              #line 66 "k:\55555555555555\test\saier-a600n-2260-usa4g-aal-bg95-ui-v1.0-6\EEPROM.c"
  66  000B  0F40        	mov a,64
  66  000C  0083        	mov [3],a
  67  000D              #line 67 "k:\55555555555555\test\saier-a600n-2260-usa4g-aal-bg95-ui-v1.0-6\EEPROM.c"
  67  000D  3182        	set [2].3
  68  000E              #line 68 "k:\55555555555555\test\saier-a600n-2260-usa4g-aal-bg95-ui-v1.0-6\EEPROM.c"
  68  000E  3102        	set [2].2
  69  000F              #line 69 "k:\55555555555555\test\saier-a600n-2260-usa4g-aal-bg95-ui-v1.0-6\EEPROM.c"
  69  000F              ;# 69 "k:\55555555555555\test\saier-a600n-2260-usa4g-aal-bg95-ui-v1.0-6\EEPROM.c" 1
  69  000F  0000        	nop
  69  0010              _L10:
  70  0010              #line 70 "k:\55555555555555\test\saier-a600n-2260-usa4g-aal-bg95-ui-v1.0-6\EEPROM.c"
  70  0010  3D02        	sz [2].2
  70  0011  2800     R  	jmp _L10
  71  0012              #line 71 "k:\55555555555555\test\saier-a600n-2260-usa4g-aal-bg95-ui-v1.0-6\EEPROM.c"
  71  0012  3582        	clr [2].3
  72  0013              #line 72 "k:\55555555555555\test\saier-a600n-2260-usa4g-aal-bg95-ui-v1.0-6\EEPROM.c"
  72  0013  3420        	clr [32].0
  72  0014  0700     E  	mov a,ra
  72  0015  05A0        	orm a,[32]
  72  0016  0003        	ret
  72  0017              _EEPROM_WRITING_INT endp
  72  0017              #line 72 "k:\55555555555555\test\saier-a600n-2260-usa4g-aal-bg95-ui-v1.0-6\EEPROM.c"
  72  0017              #pragma debug scope 1 1
  72  0017              #pragma debug variable 8 1 ___mp1l "__mp1l" 1
  72  0017              #pragma debug variable 8 1 ___mp1h "__mp1h" 1
  72  0017              #pragma debug struct_end
  72  0017              #pragma debug struct_end
  72  0017              #pragma debug union_end
  72  0017              #pragma debug union_end
  72  0017              #pragma debug variable 43 1 ___intc0 "__intc0" 1
  72  0017              #pragma debug struct_end
  72  0017              #pragma debug struct_end
  72  0017              #pragma debug union_end
  72  0017              #pragma debug union_end
  72  0017              #pragma debug variable 45 1 ___eea "__eea" 1
  72  0017              #pragma debug struct_end
  72  0017              #pragma debug struct_end
  72  0017              #pragma debug union_end
  72  0017              #pragma debug union_end
文件：EEPROM.c     编译器版本 HGASM 0202 页次5

  72  0017              #pragma debug variable 47 1 ___eed "__eed" 1
  72  0017              #pragma debug variable 8 1 ___iar1 "__iar1" 1
  72  0017              
  72  0017              ; 
  72  0017              ; Generated by holtek-gcc v3.19, Tue Jul 26 12:07:01 2022
  72  0017              ; Rebuild 718
  72  0017              ; end of file


        0 Errors, 0