文件：PWM.c        编译器版本 HGASM 0202 页次1


   1  0000              ; Generated by holtek-gcc v3.19, Tue Jul 26 12:07:02 2022
   2  0000              ; 
   3  0000              ; Configuration:
   4  0000              ;       with long instruction
   5  0000              ;       Multi-ROM, Multi-RAM
   6  0000              ;       bits_per_rom_unit:16
   7  0000              ;       with mp1
   8  0000              ;       with tbhp, address(0x9)
   9  0000              ;          Use tabrd-const
  10  0000              ;       
  11  0000              ; SFR address of long-instruction arch:
  12  0000              ;    mp0 = -1,1,0
  13  0000              ;    mp1 = 4,3,2
  14  0000              ;    mp2 = 14,13,12
  15  0000              ;    tbp = 9,7,8
  16  0000              ;    acc = 5
  17  0000              ;    pcl = 6
  18  0000              ;    status = 10
  19  0000              ;    bp = 11
  20  0000              ;    intc = 32
  21  0000              ;       
  22  0000              ;       
  23  0000              ; use 'tabrdc' instead of 'tabrd'
  24  0000              ;       
  25  0000              
  26  0000              #pragma translator "holtek-gcc 4.6.4" "3.19" "build 20130711"
  27  0000              ; Rebuild 718
  28  0000              
  29  0000              ir equ [2]
  30  0000              mp equ [3]
  31  0000              sbp equ [4]
  32  0000              acc equ [5]
  33  0000              bp equ [11]
  34  0000              tblp equ [7]
  35  0000              tbhp equ [9]
  36  0000              status equ [10]
  37  0000              c equ [10].0
  38  0000              ac equ [10].1
  39  0000              z equ [10].2
  40  0000              ov equ [10].3
  41  0000              cz equ [10].6
  42  0000              sc equ [10].7
  43  0000              intc equ [32]
  44  0000              
  45  0000              extern ra:byte
  46  0000              extern rb:byte
  47  0000              extern rc:byte
  48  0000              extern rd:byte
  49  0000              extern re:byte
  50  0000              extern rf:byte
  51  0000              extern rg:byte
  52  0000              extern rh:byte
  53  0000              extern _Crom2Prom:near
  54  0000              extern _Crom2PromNext:near
  55  0000              
  56  0000              RAMBANK 0 @BITDATASEC, @BITDATASEC1
  57  0000              @HCCINIT	.section 'data'
  58  0000              @HCCINIT0	.section 'data'
  59  0000              @BITDATASEC	 .section 'data'
文件：PWM.ASM      编译器版本 HGASM 0202 页次2

  60  0000              @BITDATASEC1	 .section 'data'
  61  0000              
  62  0000              #pragma debug scope 1 1
  63  0000              	extern __DELAY3:near
  64  0000              	extern __DELAYX3:near
  65  0000              	extern __DELAYX6:near
  66  0000              	extern __DELAYY5:near
  67  0000              	extern __DELAYY3:near
  68  0000              	extern _builtin_holtek_delay_2:byte
  69  0000              ___stmal equ [77]
  70  0000              ___stmah equ [78]
  71  0000              public _PWMGVAL1
  72  0000              #pragma debug scope 2 1

  11  0000              #line 11 "k:\55555555555555\test\saier-a600n-2260-usa4g-aal-bg95-ui-v1.0-6\PWM.c"
  11  0000              _PWMGVAL1 .section 'code'
  11  0000              _PWMGVAL1 proc
  11  0000              public _PWMGVAL1_2
  11  0000  0002[           local _PWMGVAL1_2 db 2 dup(?)	; 2,0
            00
            ]
  11  0002              #pragma debug variable 10 2 _PWMGVAL1_2+0 "pwm_val"
  12  0002              #line 12 "k:\55555555555555\test\saier-a600n-2260-usa4g-aal-bg95-ui-v1.0-6\PWM.c"
  12  0000  0FFE        	mov a,254
  12  0001  0200     R  	sub a,_PWMGVAL1_2[0]
  12  0002  0F03        	mov a,3
  12  0003  1200     R  	sbc a,_PWMGVAL1_2[1]
  12  0004  3C0A        	sz c
  12  0005  2800     R  	jmp _L2
  14  0006              #line 14 "k:\55555555555555\test\saier-a600n-2260-usa4g-aal-bg95-ui-v1.0-6\PWM.c"
  14  0006  1F80     R  	set _PWMGVAL1_2[0]
  14  0007  0F03        	mov a,3
  14  0008  0080     R  	mov _PWMGVAL1_2[1],a
  14  0009              _L2:
  16  0009              #line 16 "k:\55555555555555\test\saier-a600n-2260-usa4g-aal-bg95-ui-v1.0-6\PWM.c"
  16  0009  0700     R  	mov a,_PWMGVAL1_2[0]
  16  000A  0080     E  	mov _PWMDATA[0],a
  16  000B  0700     R  	mov a,_PWMGVAL1_2[1]
  16  000C  0080     E  	mov _PWMDATA[1],a
  17  000D              #line 17 "k:\55555555555555\test\saier-a600n-2260-usa4g-aal-bg95-ui-v1.0-6\PWM.c"
  17  000D  0700     E  	mov a,_PWMDATA[0]
  17  000E  00CD        	mov [77],a
  18  000F              #line 18 "k:\55555555555555\test\saier-a600n-2260-usa4g-aal-bg95-ui-v1.0-6\PWM.c"
  18  000F  0700     E  	mov a,_PWMDATA[1]
  18  0010  00CE        	mov [78],a
  18  0011  0003        	ret
  18  0012              _PWMGVAL1 endp
  18  0012              #line 18 "k:\55555555555555\test\saier-a600n-2260-usa4g-aal-bg95-ui-v1.0-6\PWM.c"
  18  0012              #pragma debug scope 1 1
  18  0012              ___pas1 equ [340]
  18  0012              ___stmc0 equ [73]
  18  0012              public _STP_PUMP_ON
  18  0012              #pragma debug scope 3 1
  25  0012              #line 25 "k:\55555555555555\test\saier-a600n-2260-usa4g-aal-bg95-ui-v1.0-6\PWM.c"
  25  0000              _STP_PUMP_ON .section 'code'
  25  0000              _STP_PUMP_ON proc
  26  0000              #line 26 "k:\55555555555555\test\saier-a600n-2260-usa4g-aal-bg95-ui-v1.0-6\PWM.c"
  26  0000  B2D4 0001   	lset [340].5
  27  0002              #line 27 "k:\55555555555555\test\saier-a600n-2260-usa4g-aal-bg95-ui-v1.0-6\PWM.c"
  27  0002  B654 0001   	lclr [340].4
文件：PWM.c        编译器版本 HGASM 0202 页次3

  28  0004              #line 28 "k:\55555555555555\test\saier-a600n-2260-usa4g-aal-bg95-ui-v1.0-6\PWM.c"
  28  0004  31C9        	set [73].3
  28  0005  0003        	ret
  28  0006              _STP_PUMP_ON endp
  28  0006              #line 28 "k:\55555555555555\test\saier-a600n-2260-usa4g-aal-bg95-ui-v1.0-6\PWM.c"
  28  0006              #pragma debug scope 1 1
  28  0006              ___pac equ [21]
  28  0006              ___pa equ [20]
  28  0006              public _STP_PUMP_OFF
  28  0006              #pragma debug scope 4 1
  34  0006              #line 34 "k:\55555555555555\test\saier-a600n-2260-usa4g-aal-bg95-ui-v1.0-6\PWM.c"
  34  0000              _STP_PUMP_OFF .section 'code'
  34  0000              _STP_PUMP_OFF proc
  35  0000              #line 35 "k:\55555555555555\test\saier-a600n-2260-usa4g-aal-bg95-ui-v1.0-6\PWM.c"
  35  0000  B6D4 0001   	lclr [340].5
  36  0002              #line 36 "k:\55555555555555\test\saier-a600n-2260-usa4g-aal-bg95-ui-v1.0-6\PWM.c"
  36  0002  B654 0001   	lclr [340].4
  37  0004              #line 37 "k:\55555555555555\test\saier-a600n-2260-usa4g-aal-bg95-ui-v1.0-6\PWM.c"
  37  0004  3715        	clr [21].6
  38  0005              #line 38 "k:\55555555555555\test\saier-a600n-2260-usa4g-aal-bg95-ui-v1.0-6\PWM.c"
  38  0005  3714        	clr [20].6
  39  0006              #line 39 "k:\55555555555555\test\saier-a600n-2260-usa4g-aal-bg95-ui-v1.0-6\PWM.c"
  39  0006  35C9        	clr [73].3
  39  0007  0003        	ret
  39  0008              _STP_PUMP_OFF endp
  39  0008              #line 39 "k:\55555555555555\test\saier-a600n-2260-usa4g-aal-bg95-ui-v1.0-6\PWM.c"
  39  0008              #pragma debug scope 1 1
  39  0008              public _STP_VALUE_ON
  39  0008              #pragma debug scope 5 1
  49  0008              #line 49 "k:\55555555555555\test\saier-a600n-2260-usa4g-aal-bg95-ui-v1.0-6\PWM.c"
  49  0000              _STP_VALUE_ON .section 'code'
  49  0000              _STP_VALUE_ON proc
  50  0000              #line 50 "k:\55555555555555\test\saier-a600n-2260-usa4g-aal-bg95-ui-v1.0-6\PWM.c"
  50  0000  B5D4 0001   	lclr [340].3
  51  0002              #line 51 "k:\55555555555555\test\saier-a600n-2260-usa4g-aal-bg95-ui-v1.0-6\PWM.c"
  51  0002  B154 0001   	lset [340].2
  52  0004              #line 52 "k:\55555555555555\test\saier-a600n-2260-usa4g-aal-bg95-ui-v1.0-6\PWM.c"
  52  0004  31C9        	set [73].3
  52  0005  0003        	ret
  52  0006              _STP_VALUE_ON endp
  52  0006              #line 52 "k:\55555555555555\test\saier-a600n-2260-usa4g-aal-bg95-ui-v1.0-6\PWM.c"
  52  0006              #pragma debug scope 1 1
  52  0006              public _STP_VALUE_OFF
  52  0006              #pragma debug scope 6 1
  59  0006              #line 59 "k:\55555555555555\test\saier-a600n-2260-usa4g-aal-bg95-ui-v1.0-6\PWM.c"
  59  0000              _STP_VALUE_OFF .section 'code'
  59  0000              _STP_VALUE_OFF proc
  60  0000              #line 60 "k:\55555555555555\test\saier-a600n-2260-usa4g-aal-bg95-ui-v1.0-6\PWM.c"
  60  0000  B5D4 0001   	lclr [340].3
  61  0002              #line 61 "k:\55555555555555\test\saier-a600n-2260-usa4g-aal-bg95-ui-v1.0-6\PWM.c"
  61  0002  B554 0001   	lclr [340].2
  62  0004              #line 62 "k:\55555555555555\test\saier-a600n-2260-usa4g-aal-bg95-ui-v1.0-6\PWM.c"
  62  0004  3695        	clr [21].5
  63  0005              #line 63 "k:\55555555555555\test\saier-a600n-2260-usa4g-aal-bg95-ui-v1.0-6\PWM.c"
  63  0005  3694        	clr [20].5
  64  0006              #line 64 "k:\55555555555555\test\saier-a600n-2260-usa4g-aal-bg95-ui-v1.0-6\PWM.c"
  64  0006  35C9        	clr [73].3
  64  0007  0003        	ret
  64  0008              _STP_VALUE_OFF endp
  64  0008              #line 64 "k:\55555555555555\test\saier-a600n-2260-usa4g-aal-bg95-ui-v1.0-6\PWM.c"
文件：PWM.c        编译器版本 HGASM 0202 页次4

  64  0008              #pragma debug scope 1 1
  64  0008              #pragma debug struct_end
  64  0008              #pragma debug struct_end
  64  0008              #pragma debug union_end
  64  0008              #pragma debug union_end
  64  0008              #pragma debug variable 43 1 ___pa "__pa" 1
  64  0008              #pragma debug struct_end
  64  0008              #pragma debug struct_end
  64  0008              #pragma debug union_end
  64  0008              #pragma debug union_end
  64  0008              #pragma debug variable 45 1 ___pac "__pac" 1
  64  0008              #pragma debug struct_end
  64  0008              #pragma debug struct_end
  64  0008              #pragma debug union_end
  64  0008              #pragma debug union_end
  64  0008              #pragma debug variable 47 1 ___stmc0 "__stmc0" 1
  64  0008              #pragma debug variable 8 1 ___stmal "__stmal" 1
  64  0008              #pragma debug variable 8 1 ___stmah "__stmah" 1
  64  0008              #pragma debug struct_end
  64  0008              #pragma debug struct_end
  64  0008              #pragma debug union_end
  64  0008              #pragma debug union_end
  64  0008              #pragma debug variable 49 1 ___pas1 "__pas1" 1
  64  0008              
  64  0008              ; output external variables
  64  0008              extern _PWMDATA:byte
  64  0008              
  64  0008              ; 
  64  0008              ; Generated by holtek-gcc v3.19, Tue Jul 26 12:07:02 2022
  64  0008              ; Rebuild 718
  64  0008              ; end of file


        0 Errors, 0