文件：Set_time.c   编译器版本 HGASM 0202 页次1


   1  0000              ; Generated by holtek-gcc v3.19, Tue Jul 26 12:07:01 2022
   2  0000              ; 
   3  0000              ; Configuration:
   4  0000              ;       with long instruction
   5  0000              ;       Multi-ROM, Multi-RAM
   6  0000              ;       bits_per_rom_unit:16
   7  0000              ;       with mp1
   8  0000              ;       with tbhp, address(0x9)
   9  0000              ;          Use tabrd-const
  10  0000              ;       
  11  0000              ; SFR address of long-instruction arch:
  12  0000              ;    mp0 = -1,1,0
  13  0000              ;    mp1 = 4,3,2
  14  0000              ;    mp2 = 14,13,12
  15  0000              ;    tbp = 9,7,8
  16  0000              ;    acc = 5
  17  0000              ;    pcl = 6
  18  0000              ;    status = 10
  19  0000              ;    bp = 11
  20  0000              ;    intc = 32
  21  0000              ;       
  22  0000              ;       
  23  0000              ; use 'tabrdc' instead of 'tabrd'
  24  0000              ;       
  25  0000              
  26  0000              #pragma translator "holtek-gcc 4.6.4" "3.19" "build 20130711"
  27  0000              ; Rebuild 718
  28  0000              
  29  0000              ir equ [2]
  30  0000              mp equ [3]
  31  0000              sbp equ [4]
  32  0000              acc equ [5]
  33  0000              bp equ [11]
  34  0000              tblp equ [7]
  35  0000              tbhp equ [9]
  36  0000              status equ [10]
  37  0000              c equ [10].0
  38  0000              ac equ [10].1
  39  0000              z equ [10].2
  40  0000              ov equ [10].3
  41  0000              cz equ [10].6
  42  0000              sc equ [10].7
  43  0000              intc equ [32]
  44  0000              
  45  0000              extern ra:byte
  46  0000              extern rb:byte
  47  0000              extern rc:byte
  48  0000              extern rd:byte
  49  0000              extern re:byte
  50  0000              extern rf:byte
  51  0000              extern rg:byte
  52  0000              extern rh:byte
  53  0000              extern _Crom2Prom:near
  54  0000              extern _Crom2PromNext:near
  55  0000              
  56  0000              RAMBANK 0 @BITDATASEC, @BITDATASEC1
  57  0000              @HCCINIT	.section 'data'
  58  0000              @HCCINIT0	.section 'data'
  59  0000              @BITDATASEC	 .section 'data'
文件：Set_time.ASM 编译器版本 HGASM 0202 页次2

  60  0000              @BITDATASEC1	 .section 'data'
  61  0000              
  62  0000              #pragma debug scope 1 1
  63  0000              	extern __DELAY3:near
  64  0000              	extern __DELAYX3:near
  65  0000              	extern __DELAYX6:near
  66  0000              	extern __DELAYY5:near
  67  0000              	extern __DELAYY3:near
  68  0000              	extern _builtin_holtek_delay_2:byte
  69  0000              _R_TIME equ [896]
  70  0000              public _INT_DATE_TIME
  71  0000              #pragma debug scope 2 1

  29  0000              #line 29 "k:\55555555555555\test\saier-a600n-2260-usa4g-aal-bg95-ui-v1.0-6\Set_time.c"
  29  0000              _INT_DATE_TIME .section 'code'
  29  0000              _INT_DATE_TIME proc
  35  0000              #line 35 "k:\55555555555555\test\saier-a600n-2260-usa4g-aal-bg95-ui-v1.0-6\Set_time.c"
  35  0000  0F0D        	mov a,13
  35  0001              	fcall _SBR_EEPROM_READDATA
  35  0008  0080     E  	mov ra,a
  35  0009  0700     E  	mov a,ra
  35  000A  C080 0003   	lmov [896],a
  36  000C              #line 36 "k:\55555555555555\test\saier-a600n-2260-usa4g-aal-bg95-ui-v1.0-6\Set_time.c"
  36  000C  0F0E        	mov a,14
  36  000D              	fcall _SBR_EEPROM_READDATA
  36  0014  0080     E  	mov ra,a
  36  0015  0700     E  	mov a,ra
  36  0016  C081 0003   	lmov [897],a
  37  0018              #line 37 "k:\55555555555555\test\saier-a600n-2260-usa4g-aal-bg95-ui-v1.0-6\Set_time.c"
  37  0018  0F3D        	mov a,61
  37  0019              	fcall _SBR_EEPROM_READDATA
  37  0020  0080     E  	mov ra,a
  37  0021  0700     E  	mov a,ra
  37  0022  C082 0003   	lmov [898],a
  38  0024              #line 38 "k:\55555555555555\test\saier-a600n-2260-usa4g-aal-bg95-ui-v1.0-6\Set_time.c"
  38  0024  0F3E        	mov a,62
  38  0025              	fcall _SBR_EEPROM_READDATA
  38  002C  0080     E  	mov ra,a
  38  002D  0700     E  	mov a,ra
  38  002E  C083 0003   	lmov [899],a
  39  0030              #line 39 "k:\55555555555555\test\saier-a600n-2260-usa4g-aal-bg95-ui-v1.0-6\Set_time.c"
  39  0030  0F3F        	mov a,63
  39  0031              	fcall _SBR_EEPROM_READDATA
  39  0038  0080     E  	mov ra,a
  39  0039  0700     E  	mov a,ra
  39  003A  C084 0003   	lmov [900],a
  40  003C              #line 40 "k:\55555555555555\test\saier-a600n-2260-usa4g-aal-bg95-ui-v1.0-6\Set_time.c"
  40  003C  0F64        	mov a,100
  40  003D  C085 0003   	lmov [901],a
  40  003F  0003        	ret
  40  0040              _INT_DATE_TIME endp
  40  0040              #line 40 "k:\55555555555555\test\saier-a600n-2260-usa4g-aal-bg95-ui-v1.0-6\Set_time.c"
  40  0040              #pragma debug scope 1 1
  40  0040              public _SBR_TIME_ADD
  40  0040              #pragma debug scope 3 1
 189  0040              #line 189 "k:\55555555555555\test\saier-a600n-2260-usa4g-aal-bg95-ui-v1.0-6\Set_time.c"
 189  0000              _SBR_TIME_ADD .section 'code'
 189  0000              _SBR_TIME_ADD proc
 189  0000  00              local _SBR_TIME_ADD_2 db 1 dup(?)	; 0,1
 191  0001              #line 191 "k:\55555555555555\test\saier-a600n-2260-usa4g-aal-bg95-ui-v1.0-6\Set_time.c"
文件：Set_time.c   编译器版本 HGASM 0202 页次3

 191  0000  1900     E  	rra _R_DISPLAYCOUNTER[0]
 191  0001  0E7F        	and a,07fh
 191  0002  0080     E  	mov rb,a
 191  0003  1F00     E  	clr rc
 191  0004  0F80        	mov a,low offset _R_TIME
 191  0005  0300     E  	add a,rb
 191  0006  0083        	mov mp,a
 191  0007  0F03        	mov a,high offset _R_TIME
 191  0008  1300     E  	adc a,rc
 191  0009  0084        	mov sbp,a
 191  000A              	fcall _Crom2Prom
 191  0011  0080     R  	mov _SBR_TIME_ADD_2[0],a
 191  0012  1400     R  	inca _SBR_TIME_ADD_2[0]
 191  0013  0080     E  	mov ra,a
 191  0014  0700     E  	mov a,ra
 191  0015  0082        	mov ir,a
 194  0016              #line 194 "k:\55555555555555\test\saier-a600n-2260-usa4g-aal-bg95-ui-v1.0-6\Set_time.c"
 194  0016  1900     E  	rra _R_DISPLAYCOUNTER[0]
 194  0017  0E7F        	and a,07fh
 194  0018  0080     E  	mov rb,a
 194  0019  1F00     E  	clr rc
 194  001A  0F00     R  	mov a,low offset _T_TIME_MIN
 194  001B  0300     E  	add a,rb
 194  001C  0083        	mov mp,a
 194  001D  0F00     R  	mov a,high offset _T_TIME_MIN
 194  001E  1300     E  	adc a,rc
 194  001F  0084        	mov sbp,a
 194  0020              	fcall _Crom2Prom
 194  0027  0080     E  	mov _BCD[0],a
 196  0028              #line 196 "k:\55555555555555\test\saier-a600n-2260-usa4g-aal-bg95-ui-v1.0-6\Set_time.c"
 196  0028  1900     E  	rra _R_DISPLAYCOUNTER[0]
 196  0029  0E7F        	and a,07fh
 196  002A  0080     E  	mov rb,a
 196  002B  1F00     E  	clr rc
 196  002C  0F00     R  	mov a,low offset _T_TIME_MAX
 196  002D  0300     E  	add a,rb
 196  002E  0083        	mov mp,a
 196  002F  0F00     R  	mov a,high offset _T_TIME_MAX
 196  0030  1300     E  	adc a,rc
 196  0031  0084        	mov sbp,a
 196  0032              	fcall _Crom2Prom
 196  0039  0080     E  	mov _BCD[1],a
 198  003A              #line 198 "k:\55555555555555\test\saier-a600n-2260-usa4g-aal-bg95-ui-v1.0-6\Set_time.c"
 198  003A  0700     E  	mov a,_R_DISPLAYCOUNTER[0]
 198  003B  0BFC        	add a,252
 198  003C  0080     E  	mov ra,a
 198  003D  0F01        	mov a,1
 198  003E  0200     E  	sub a,ra
 198  003F  380A        	snz c
 198  0040  2800     R  	jmp _L4
 201  0041              #line 201 "k:\55555555555555\test\saier-a600n-2260-usa4g-aal-bg95-ui-v1.0-6\Set_time.c"
 201  0041  0F01        	mov a,1
 201  0042  0080     E  	mov _BCD[0],a
 202  0043              #line 202 "k:\55555555555555\test\saier-a600n-2260-usa4g-aal-bg95-ui-v1.0-6\Set_time.c"
 202  0043  0F00     R  	mov a,low offset _T_DAY_MAX
 202  0044  C301 0003   	ladd a,[897]
 202  0046  0083        	mov mp,a
 202  0047  0F00     R  	mov a,high offset _T_DAY_MAX
 202  0048  1F04        	clr sbp
 202  0049  1384        	adcm a,sbp
文件：Set_time.c   编译器版本 HGASM 0202 页次4

 202  004A              	fcall _Crom2Prom
 202  0051  0080     E  	mov _BCD[1],a
 203  0052              #line 203 "k:\55555555555555\test\saier-a600n-2260-usa4g-aal-bg95-ui-v1.0-6\Set_time.c"
 203  0052  C701 0003   	lmov a,[897]
 203  0054  0A02        	sub a,2
 203  0055  390A        	snz z
 203  0056  2800     R  	jmp _L4
 206  0057              #line 206 "k:\55555555555555\test\saier-a600n-2260-usa4g-aal-bg95-ui-v1.0-6\Set_time.c"
 206  0057  C700 0003   	lmov a,[896]
 206  0059  0E03        	and a,3
 206  005A  0080     E  	mov ra,a
 206  005B  1080     E  	sz ra
 206  005C  2800     R  	jmp _L4
 209  005D              #line 209 "k:\55555555555555\test\saier-a600n-2260-usa4g-aal-bg95-ui-v1.0-6\Set_time.c"
 209  005D  1480     E  	inc _BCD[1]
 209  005E              _L4:
 214  005E              #line 214 "k:\55555555555555\test\saier-a600n-2260-usa4g-aal-bg95-ui-v1.0-6\Set_time.c"
 214  005E  1F00     E  	clr _BCD[2]
 215  005F              #line 215 "k:\55555555555555\test\saier-a600n-2260-usa4g-aal-bg95-ui-v1.0-6\Set_time.c"
 215  005F  1900     E  	rra _R_DISPLAYCOUNTER[0]
 215  0060  0E7F        	and a,07fh
 215  0061  0080     E  	mov rb,a
 215  0062  1F00     E  	clr rc
 215  0063  0F80        	mov a,low offset _R_TIME
 215  0064  0300     E  	add a,rb
 215  0065  0083        	mov mp,a
 215  0066  0F03        	mov a,high offset _R_TIME
 215  0067  1300     E  	adc a,rc
 215  0068  0084        	mov sbp,a
 215  0069              	fcall _Crom2Prom
 215  0070  0080     E  	mov ra,a
 215  0071  0700     E  	mov a,ra
 215  0072  0200     E  	sub a,_BCD[0]
 215  0073  3C0A        	sz c
 215  0074  2800     R  	jmp _L6
 217  0075              #line 217 "k:\55555555555555\test\saier-a600n-2260-usa4g-aal-bg95-ui-v1.0-6\Set_time.c"
 217  0075  1900     E  	rra _R_DISPLAYCOUNTER[0]
 217  0076  0E7F        	and a,07fh
 217  0077  0080     E  	mov rb,a
 217  0078  1F00     E  	clr rc
 217  0079  0F80        	mov a,low offset _R_TIME
 217  007A  0300     E  	add a,rb
 217  007B  0083        	mov mp,a
 217  007C  0F03        	mov a,high offset _R_TIME
 217  007D  1300     E  	adc a,rc
 217  007E  0084        	mov sbp,a
 217  007F  0700     E  	mov a,_BCD[0]
 217  0080  0082        	mov ir,a
 217  0081              _L6:
 219  0081              #line 219 "k:\55555555555555\test\saier-a600n-2260-usa4g-aal-bg95-ui-v1.0-6\Set_time.c"
 219  0081  1900     E  	rra _R_DISPLAYCOUNTER[0]
 219  0082  0E7F        	and a,07fh
 219  0083  0080     E  	mov rb,a
 219  0084  1F00     E  	clr rc
 219  0085  0F80        	mov a,low offset _R_TIME
 219  0086  0300     E  	add a,rb
 219  0087  0083        	mov mp,a
 219  0088  0F03        	mov a,high offset _R_TIME
 219  0089  1300     E  	adc a,rc
 219  008A  0084        	mov sbp,a
文件：Set_time.c   编译器版本 HGASM 0202 页次5

 219  008B              	fcall _Crom2Prom
 219  0092  0080     E  	mov ra,a
 219  0093  0700     E  	mov a,_BCD[1]
 219  0094  0200     E  	sub a,ra
 219  0095  3C0A        	sz c
 219  0096  2800     R  	jmp _L2
 221  0097              #line 221 "k:\55555555555555\test\saier-a600n-2260-usa4g-aal-bg95-ui-v1.0-6\Set_time.c"
 221  0097  1900     E  	rra _R_DISPLAYCOUNTER[0]
 221  0098  0E7F        	and a,07fh
 221  0099  0080     E  	mov rb,a
 221  009A  1F00     E  	clr rc
 221  009B  0F80        	mov a,low offset _R_TIME
 221  009C  0300     E  	add a,rb
 221  009D  0083        	mov mp,a
 221  009E  0F03        	mov a,high offset _R_TIME
 221  009F  1300     E  	adc a,rc
 221  00A0  0084        	mov sbp,a
 221  00A1  0700     E  	mov a,_BCD[0]
 221  00A2  0082        	mov ir,a
 223  00A3              #line 223 "k:\55555555555555\test\saier-a600n-2260-usa4g-aal-bg95-ui-v1.0-6\Set_time.c"
 223  00A3  0F01        	mov a,1
 223  00A4  0080     E  	mov _BCD[2],a
 223  00A5              _L2:
 223  00A5  0003        	ret
 223  00A6              _SBR_TIME_ADD endp
 223  00A6              #line 223 "k:\55555555555555\test\saier-a600n-2260-usa4g-aal-bg95-ui-v1.0-6\Set_time.c"
 223  00A6              #pragma debug scope 1 1
 223  00A6              public _SBR_FLASHING_ENABLE
 223  00A6              #pragma debug scope 4 1
 235  00A6              #line 235 "k:\55555555555555\test\saier-a600n-2260-usa4g-aal-bg95-ui-v1.0-6\Set_time.c"
 235  0000              _SBR_FLASHING_ENABLE .section 'code'
 235  0000              _SBR_FLASHING_ENABLE proc
 236  0000              #line 236 "k:\55555555555555\test\saier-a600n-2260-usa4g-aal-bg95-ui-v1.0-6\Set_time.c"
 236  0000  3000     E  	set _TIMERFLAG[0].4
 237  0001              #line 237 "k:\55555555555555\test\saier-a600n-2260-usa4g-aal-bg95-ui-v1.0-6\Set_time.c"
 237  0001  1F00     E  	clr _R_DISPLAYCOUNTER[0]
 238  0002              #line 238 "k:\55555555555555\test\saier-a600n-2260-usa4g-aal-bg95-ui-v1.0-6\Set_time.c"
 238  0002  1F00     E  	clr _R_DISPLAYTIME[0]
 238  0003  0003        	ret
 238  0004              _SBR_FLASHING_ENABLE endp
 238  0004              #line 238 "k:\55555555555555\test\saier-a600n-2260-usa4g-aal-bg95-ui-v1.0-6\Set_time.c"
 238  0004              #pragma debug scope 1 1
 238  0004              public _SBR_FLASHING_DISABLE
 238  0004              #pragma debug scope 5 1
 249  0004              #line 249 "k:\55555555555555\test\saier-a600n-2260-usa4g-aal-bg95-ui-v1.0-6\Set_time.c"
 249  0000              _SBR_FLASHING_DISABLE .section 'code'
 249  0000              _SBR_FLASHING_DISABLE proc
 250  0000              #line 250 "k:\55555555555555\test\saier-a600n-2260-usa4g-aal-bg95-ui-v1.0-6\Set_time.c"
 250  0000  3400     E  	clr _TIMERFLAG[0].4
 251  0001              #line 251 "k:\55555555555555\test\saier-a600n-2260-usa4g-aal-bg95-ui-v1.0-6\Set_time.c"
 251  0001  1F00     E  	clr _R_DISPLAYCOUNTER[0]
 252  0002              #line 252 "k:\55555555555555\test\saier-a600n-2260-usa4g-aal-bg95-ui-v1.0-6\Set_time.c"
 252  0002  1F00     E  	clr _R_DISPLAYTIME[0]
 252  0003  0003        	ret
 252  0004              _SBR_FLASHING_DISABLE endp
 252  0004              #line 252 "k:\55555555555555\test\saier-a600n-2260-usa4g-aal-bg95-ui-v1.0-6\Set_time.c"
 252  0004              #pragma debug scope 1 1
 252  0004              public _SBR_MONTH_ON
 252  0004              #pragma debug scope 6 1
 483  0004              #line 483 "k:\55555555555555\test\saier-a600n-2260-usa4g-aal-bg95-ui-v1.0-6\Set_time.c"
文件：Set_time.c   编译器版本 HGASM 0202 页次6

 483  0000              _SBR_MONTH_ON .section 'code'
 483  0000              _SBR_MONTH_ON proc
 484  0000              #line 484 "k:\55555555555555\test\saier-a600n-2260-usa4g-aal-bg95-ui-v1.0-6\Set_time.c"
 484  0000  C701 0003   	lmov a,[897]
 484  0002  0080     E  	mov _R_TEMPDATA[0],a
 485  0003              #line 485 "k:\55555555555555\test\saier-a600n-2260-usa4g-aal-bg95-ui-v1.0-6\Set_time.c"
 485  0003              	fcall _SBR_DISP_MONTH_ON
 485  000A  0003        	ret
 485  000B              _SBR_MONTH_ON endp
 485  000B              #line 485 "k:\55555555555555\test\saier-a600n-2260-usa4g-aal-bg95-ui-v1.0-6\Set_time.c"
 485  000B              #pragma debug scope 1 1
 485  000B              public _SBR_DAY_ON
 485  000B              #pragma debug scope 7 1
 495  000B              #line 495 "k:\55555555555555\test\saier-a600n-2260-usa4g-aal-bg95-ui-v1.0-6\Set_time.c"
 495  0000              _SBR_DAY_ON .section 'code'
 495  0000              _SBR_DAY_ON proc
 496  0000              #line 496 "k:\55555555555555\test\saier-a600n-2260-usa4g-aal-bg95-ui-v1.0-6\Set_time.c"
 496  0000  C702 0003   	lmov a,[898]
 496  0002  0080     E  	mov _R_TEMPDATA[0],a
 497  0003              #line 497 "k:\55555555555555\test\saier-a600n-2260-usa4g-aal-bg95-ui-v1.0-6\Set_time.c"
 497  0003              	fcall _SBR_DISP_DAY_ON
 497  000A  0003        	ret
 497  000B              _SBR_DAY_ON endp
 497  000B              #line 497 "k:\55555555555555\test\saier-a600n-2260-usa4g-aal-bg95-ui-v1.0-6\Set_time.c"
 497  000B              #pragma debug scope 1 1
 497  000B              public _SBR_HOUR_ON
 497  000B              #pragma debug scope 8 1
 507  000B              #line 507 "k:\55555555555555\test\saier-a600n-2260-usa4g-aal-bg95-ui-v1.0-6\Set_time.c"
 507  0000              _SBR_HOUR_ON .section 'code'
 507  0000              _SBR_HOUR_ON proc
 508  0000              #line 508 "k:\55555555555555\test\saier-a600n-2260-usa4g-aal-bg95-ui-v1.0-6\Set_time.c"
 508  0000  C703 0003   	lmov a,[899]
 508  0002  0080     E  	mov _R_TEMPDATA[0],a
 509  0003              #line 509 "k:\55555555555555\test\saier-a600n-2260-usa4g-aal-bg95-ui-v1.0-6\Set_time.c"
 509  0003              	fcall _SBR_DISP_HOUR_ON
 509  000A  0003        	ret
 509  000B              _SBR_HOUR_ON endp
 509  000B              #line 509 "k:\55555555555555\test\saier-a600n-2260-usa4g-aal-bg95-ui-v1.0-6\Set_time.c"
 509  000B              #pragma debug scope 1 1
 509  000B              public _SBR_MINUTE_ON
 509  000B              #pragma debug scope 9 1
 519  000B              #line 519 "k:\55555555555555\test\saier-a600n-2260-usa4g-aal-bg95-ui-v1.0-6\Set_time.c"
 519  0000              _SBR_MINUTE_ON .section 'code'
 519  0000              _SBR_MINUTE_ON proc
 520  0000              #line 520 "k:\55555555555555\test\saier-a600n-2260-usa4g-aal-bg95-ui-v1.0-6\Set_time.c"
 520  0000  C704 0003   	lmov a,[900]
 520  0002  0080     E  	mov _R_TEMPDATA[0],a
 521  0003              #line 521 "k:\55555555555555\test\saier-a600n-2260-usa4g-aal-bg95-ui-v1.0-6\Set_time.c"
 521  0003              	fcall _SBR_DISP_MINUTE_ON
 521  000A  0003        	ret
 521  000B              _SBR_MINUTE_ON endp
 521  000B              #line 521 "k:\55555555555555\test\saier-a600n-2260-usa4g-aal-bg95-ui-v1.0-6\Set_time.c"
 521  000B              #pragma debug scope 1 1
 521  000B              public _SBR_FLASHING_TIME
 521  000B              #pragma debug scope 10 1
 262  000B              #line 262 "k:\55555555555555\test\saier-a600n-2260-usa4g-aal-bg95-ui-v1.0-6\Set_time.c"
 262  0000              _SBR_FLASHING_TIME .section 'code'
 262  0000              _SBR_FLASHING_TIME proc
 262  0000  00              local _SBR_FLASHING_TIME_2 db 1 dup(?)	; 0,1
 263  0001              #line 263 "k:\55555555555555\test\saier-a600n-2260-usa4g-aal-bg95-ui-v1.0-6\Set_time.c"
文件：Set_time.c   编译器版本 HGASM 0202 页次7

 263  0000  3800     E  	snz _TIMERFLAG[0].4
 263  0001  2800     R  	jmp _L15
 263  0002              #line 263 "k:\55555555555555\test\saier-a600n-2260-usa4g-aal-bg95-ui-v1.0-6\Set_time.c"
 263  0002  1080     E  	sz _R_DISPLAYTIME[0]
 263  0003  2800     R  	jmp _L15
 265  0004              #line 265 "k:\55555555555555\test\saier-a600n-2260-usa4g-aal-bg95-ui-v1.0-6\Set_time.c"
 265  0004  0F0D        	mov a,13
 265  0005  0200     E  	sub a,_R_DISPLAYCOUNTER[0]
 265  0006  380A        	snz c
 265  0007  2800     R  	jmp _L17
 267  0008              #line 267 "k:\55555555555555\test\saier-a600n-2260-usa4g-aal-bg95-ui-v1.0-6\Set_time.c"
 267  0008  0700     E  	mov a,_R_DISPLAYCOUNTER[0]
 267  0009  0080     R  	mov _SBR_FLASHING_TIME_2[0],a
 267  000A  0700     R  	mov a,_SBR_FLASHING_TIME_2[0]
 267  000B  0A00        	sub a,0
 267  000C  3D0A        	sz z
 267  000D  2800     R  	jmp _L18
 267  000E  0A01        	sub a,(1)-(0)
 267  000F  3D0A        	sz z
 267  0010  2800     R  	jmp _L19
 267  0011  0700     R  	mov a,_SBR_FLASHING_TIME_2[0]
 267  0012  0A02        	sub a,2
 267  0013  3D0A        	sz z
 267  0014  2800     R  	jmp _L22
 267  0015  0A01        	sub a,(3)-(2)
 267  0016  3D0A        	sz z
 267  0017  2800     R  	jmp _L21
 267  0018  0700     R  	mov a,_SBR_FLASHING_TIME_2[0]
 267  0019  0A04        	sub a,4
 267  001A  3D0A        	sz z
 267  001B  2800     R  	jmp _L22
 267  001C  0A01        	sub a,(5)-(4)
 267  001D  3D0A        	sz z
 267  001E  2800     R  	jmp _L23
 267  001F  0700     R  	mov a,_SBR_FLASHING_TIME_2[0]
 267  0020  0A06        	sub a,6
 267  0021  3D0A        	sz z
 267  0022  2800     R  	jmp _L26
 267  0023  0A01        	sub a,(7)-(6)
 267  0024  3D0A        	sz z
 267  0025  2800     R  	jmp _L25
 267  0026  0700     R  	mov a,_SBR_FLASHING_TIME_2[0]
 267  0027  0A08        	sub a,8
 267  0028  3D0A        	sz z
 267  0029  2800     R  	jmp _L26
 267  002A  0A01        	sub a,(9)-(8)
 267  002B  3D0A        	sz z
 267  002C  2800     R  	jmp _L27
 267  002D  0700     R  	mov a,_SBR_FLASHING_TIME_2[0]
 267  002E  0A0A        	sub a,10
 267  002F  3D0A        	sz z
 267  0030  2800     R  	jmp _L28
 267  0031  0A01        	sub a,(11)-(10)
 267  0032  3D0A        	sz z
 267  0033  2800     R  	jmp _L29
 267  0034  0700     R  	mov a,_SBR_FLASHING_TIME_2[0]
 267  0035  0A0C        	sub a,12
 267  0036  3D0A        	sz z
 267  0037  2800     R  	jmp _L30
 267  0038  0700     R  	mov a,_SBR_FLASHING_TIME_2[0]
文件：Set_time.c   编译器版本 HGASM 0202 页次8

 267  0039  0A0D        	sub a,13
 267  003A  390A        	snz z
 267  003B  2800     R  	jmp _L15
 457  003C              #line 457 "k:\55555555555555\test\saier-a600n-2260-usa4g-aal-bg95-ui-v1.0-6\Set_time.c"
 457  003C              	fcall _SBR_DISP_SYS_OFF
 457  0043  2800     R  	jmp _L38
 457  0044              _L18:
 272  0044              #line 272 "k:\55555555555555\test\saier-a600n-2260-usa4g-aal-bg95-ui-v1.0-6\Set_time.c"
 272  0044              	fcall _LCD_INIT_OFF
 273  004B              #line 273 "k:\55555555555555\test\saier-a600n-2260-usa4g-aal-bg95-ui-v1.0-6\Set_time.c"
 273  004B  0F14        	mov a,20
 273  004C  0080     E  	mov _R_TEMPDATA[0],a
 274  004D              #line 274 "k:\55555555555555\test\saier-a600n-2260-usa4g-aal-bg95-ui-v1.0-6\Set_time.c"
 274  004D              	fcall _SBR_DISP_MONTH_ON
 275  0054              #line 275 "k:\55555555555555\test\saier-a600n-2260-usa4g-aal-bg95-ui-v1.0-6\Set_time.c"
 275  0054  C700 0003   	lmov a,[896]
 275  0056  0080     E  	mov _R_TEMPDATA[0],a
 276  0057              #line 276 "k:\55555555555555\test\saier-a600n-2260-usa4g-aal-bg95-ui-v1.0-6\Set_time.c"
 276  0057              	fcall _SBR_DISP_DAY_ON
 276  005E  2800     R  	jmp _L34
 276  005F              _L19:
 282  005F              #line 282 "k:\55555555555555\test\saier-a600n-2260-usa4g-aal-bg95-ui-v1.0-6\Set_time.c"
 282  005F              	fcall _SBR_DISP_MONTH_OFF
 283  0066              #line 283 "k:\55555555555555\test\saier-a600n-2260-usa4g-aal-bg95-ui-v1.0-6\Set_time.c"
 283  0066              	fcall _SBR_DISP_DAY_OFF
 283  006D  2800     R  	jmp _L38
 283  006E              _L21:
 303  006E              #line 303 "k:\55555555555555\test\saier-a600n-2260-usa4g-aal-bg95-ui-v1.0-6\Set_time.c"
 303  006E              	fcall _SBR_DISP_MONTH_OFF
 303  0075  2800     R  	jmp _L40
 303  0076              _L22:
 318  0076              #line 318 "k:\55555555555555\test\saier-a600n-2260-usa4g-aal-bg95-ui-v1.0-6\Set_time.c"
 318  0076              	fcall _SBR_MONTH_ON
 319  007D              #line 319 "k:\55555555555555\test\saier-a600n-2260-usa4g-aal-bg95-ui-v1.0-6\Set_time.c"
 319  007D              	fcall _SBR_DAY_ON
 322  0084              #line 322 "k:\55555555555555\test\saier-a600n-2260-usa4g-aal-bg95-ui-v1.0-6\Set_time.c"
 322  0084              	fcall _SBR_DISP_DOT_COLD_ON
 322  008B  2800     R  	jmp _L34
 322  008C              _L23:
 330  008C              #line 330 "k:\55555555555555\test\saier-a600n-2260-usa4g-aal-bg95-ui-v1.0-6\Set_time.c"
 330  008C              	fcall _SBR_DISP_DAY_OFF
 330  0093              _L40:
 333  0093              #line 333 "k:\55555555555555\test\saier-a600n-2260-usa4g-aal-bg95-ui-v1.0-6\Set_time.c"
 333  0093              	fcall _SBR_DISP_DOT_COLD_ON
 333  009A  2800     R  	jmp _L38
 333  009B              _L25:
 356  009B              #line 356 "k:\55555555555555\test\saier-a600n-2260-usa4g-aal-bg95-ui-v1.0-6\Set_time.c"
 356  009B              	fcall _SBR_DISP_HOUR_OFF
 356  00A2  2800     R  	jmp _L39
 356  00A3              _L26:
 369  00A3              #line 369 "k:\55555555555555\test\saier-a600n-2260-usa4g-aal-bg95-ui-v1.0-6\Set_time.c"
 369  00A3              	fcall _SBR_MONTH_ON
 370  00AA              #line 370 "k:\55555555555555\test\saier-a600n-2260-usa4g-aal-bg95-ui-v1.0-6\Set_time.c"
 370  00AA              	fcall _SBR_DAY_ON
 371  00B1              #line 371 "k:\55555555555555\test\saier-a600n-2260-usa4g-aal-bg95-ui-v1.0-6\Set_time.c"
 371  00B1              	fcall _SBR_HOUR_ON
 372  00B8              #line 372 "k:\55555555555555\test\saier-a600n-2260-usa4g-aal-bg95-ui-v1.0-6\Set_time.c"
 372  00B8              	fcall _SBR_MINUTE_ON
 373  00BF              #line 373 "k:\55555555555555\test\saier-a600n-2260-usa4g-aal-bg95-ui-v1.0-6\Set_time.c"
 373  00BF              	fcall _SBR_DISP_DOT_COLD_ON
文件：Set_time.c   编译器版本 HGASM 0202 页次9

 374  00C6              #line 374 "k:\55555555555555\test\saier-a600n-2260-usa4g-aal-bg95-ui-v1.0-6\Set_time.c"
 374  00C6              	fcall _SBR_DISP_DOT_COL_ON
 374  00CD  2800     R  	jmp _L34
 374  00CE              _L27:
 383  00CE              #line 383 "k:\55555555555555\test\saier-a600n-2260-usa4g-aal-bg95-ui-v1.0-6\Set_time.c"
 383  00CE              	fcall _SBR_DISP_MINUTE_OFF
 383  00D5              _L39:
 384  00D5              #line 384 "k:\55555555555555\test\saier-a600n-2260-usa4g-aal-bg95-ui-v1.0-6\Set_time.c"
 384  00D5              	fcall _SBR_DISP_DOT_COLD_ON
 385  00DC              #line 385 "k:\55555555555555\test\saier-a600n-2260-usa4g-aal-bg95-ui-v1.0-6\Set_time.c"
 385  00DC              	fcall _SBR_DISP_DOT_COL_ON
 385  00E3  2800     R  	jmp _L38
 385  00E4              _L28:
 411  00E4              #line 411 "k:\55555555555555\test\saier-a600n-2260-usa4g-aal-bg95-ui-v1.0-6\Set_time.c"
 411  00E4              	fcall _LCD_INIT_OFF
 412  00EB              #line 412 "k:\55555555555555\test\saier-a600n-2260-usa4g-aal-bg95-ui-v1.0-6\Set_time.c"
 412  00EB  3C00     E  	sz _MODEFLAG[0].7
 412  00EC  2800     R  	jmp _L34
 426  00ED              #line 426 "k:\55555555555555\test\saier-a600n-2260-usa4g-aal-bg95-ui-v1.0-6\Set_time.c"
 426  00ED              	fcall _SBR_DISP_DOT_DIA_ON
 426  00F4  2800     R  	jmp _L34
 426  00F5              _L29:
 433  00F5              #line 433 "k:\55555555555555\test\saier-a600n-2260-usa4g-aal-bg95-ui-v1.0-6\Set_time.c"
 433  00F5              	fcall _SBR_DISP_DOT_DIA_OFF
 433  00FC  2800     R  	jmp _L38
 433  00FD              _L30:
 442  00FD              #line 442 "k:\55555555555555\test\saier-a600n-2260-usa4g-aal-bg95-ui-v1.0-6\Set_time.c"
 442  00FD              	fcall _LCD_INIT_OFF
 443  0104              #line 443 "k:\55555555555555\test\saier-a600n-2260-usa4g-aal-bg95-ui-v1.0-6\Set_time.c"
 443  0104              	fcall _SBR_DISP_CLL_ALL_T_ON
 444  010B              #line 444 "k:\55555555555555\test\saier-a600n-2260-usa4g-aal-bg95-ui-v1.0-6\Set_time.c"
 444  010B              	fcall _SBR_DISP_DOT_MEMORY_ON
 445  0112              #line 445 "k:\55555555555555\test\saier-a600n-2260-usa4g-aal-bg95-ui-v1.0-6\Set_time.c"
 445  0112  3800     E  	snz _R_alarm_clock[0].3
 445  0113  2800     R  	jmp _L33
 447  0114              #line 447 "k:\55555555555555\test\saier-a600n-2260-usa4g-aal-bg95-ui-v1.0-6\Set_time.c"
 447  0114              	fcall _SBR_Disp_NO_ON
 447  011B  2800     R  	jmp _L34
 447  011C              _L33:
 451  011C              #line 451 "k:\55555555555555\test\saier-a600n-2260-usa4g-aal-bg95-ui-v1.0-6\Set_time.c"
 451  011C              	fcall _SBR_Disp_YS_ON
 451  0123              _L34:
 453  0123              #line 453 "k:\55555555555555\test\saier-a600n-2260-usa4g-aal-bg95-ui-v1.0-6\Set_time.c"
 453  0123  0F3E        	mov a,62
 453  0124  0080     E  	mov _R_DISPLAYTIME[0],a
 454  0125              #line 454 "k:\55555555555555\test\saier-a600n-2260-usa4g-aal-bg95-ui-v1.0-6\Set_time.c"
 454  0125  1480     E  	inc _R_DISPLAYCOUNTER[0]
 455  0126              #line 455 "k:\55555555555555\test\saier-a600n-2260-usa4g-aal-bg95-ui-v1.0-6\Set_time.c"
 455  0126  2800     R  	jmp _L15
 455  0127              _L38:
 458  0127              #line 458 "k:\55555555555555\test\saier-a600n-2260-usa4g-aal-bg95-ui-v1.0-6\Set_time.c"
 458  0127  1580     E  	dec _R_DISPLAYCOUNTER[0]
 459  0128              #line 459 "k:\55555555555555\test\saier-a600n-2260-usa4g-aal-bg95-ui-v1.0-6\Set_time.c"
 459  0128  0F3E        	mov a,62
 459  0129  0080     E  	mov _R_DISPLAYTIME[0],a
 461  012A              #line 461 "k:\55555555555555\test\saier-a600n-2260-usa4g-aal-bg95-ui-v1.0-6\Set_time.c"
 461  012A  2800     R  	jmp _L15
 461  012B              _L17:
 467  012B              #line 467 "k:\55555555555555\test\saier-a600n-2260-usa4g-aal-bg95-ui-v1.0-6\Set_time.c"
 467  012B              	fcall _SBR_FLASHING_DISABLE
文件：Set_time.c   编译器版本 HGASM 0202 页次10

 467  0132              _L15:
 467  0132  0003        	ret
 467  0133              _SBR_FLASHING_TIME endp
 467  0133              #line 467 "k:\55555555555555\test\saier-a600n-2260-usa4g-aal-bg95-ui-v1.0-6\Set_time.c"
 467  0133              #pragma debug scope 1 1
 467  0133              public _SBR_TIME_SETTING
 467  0133              #pragma debug scope 11 1
  50  0133              #line 50 "k:\55555555555555\test\saier-a600n-2260-usa4g-aal-bg95-ui-v1.0-6\Set_time.c"
  50  0000              _SBR_TIME_SETTING .section 'code'
  50  0000              _SBR_TIME_SETTING proc
  50  0000  0003[           local _SBR_TIME_SETTING_2 db 3 dup(?)	; 0,3
            00
            ]
  50  0003              #pragma debug variable 8 11 _SBR_TIME_SETTING_2+1 "gu8v_loop_flag"
  50  0003              #pragma debug variable 8 11 _SBR_TIME_SETTING_2+0 "gu8v_long_press_times"
  54  0003              #line 54 "k:\55555555555555\test\saier-a600n-2260-usa4g-aal-bg95-ui-v1.0-6\Set_time.c"
  54  0000              	fcall _LCD_INIT_OFF
  56  0007              #line 56 "k:\55555555555555\test\saier-a600n-2260-usa4g-aal-bg95-ui-v1.0-6\Set_time.c"
  56  0007              	fcall _SBR_FLASHING_ENABLE
  58  000E              #line 58 "k:\55555555555555\test\saier-a600n-2260-usa4g-aal-bg95-ui-v1.0-6\Set_time.c"
  58  000E  1F00     E  	clr _R_TIMEOUT_SECOND[0]
  60  000F              #line 60 "k:\55555555555555\test\saier-a600n-2260-usa4g-aal-bg95-ui-v1.0-6\Set_time.c"
  60  000F  0FC0        	mov a,192  
  60  0010  0680     E  	andm a,_KEYFLAG[0]  
  60  0011  0F00        	mov a,0  
  60  0012  0680     E  	andm a,_KEYFLAG[1]
  61  0013              #line 61 "k:\55555555555555\test\saier-a600n-2260-usa4g-aal-bg95-ui-v1.0-6\Set_time.c"
  61  0013  3000     E  	set _R_alarm_clock[0].3
  52  0014              #line 52 "k:\55555555555555\test\saier-a600n-2260-usa4g-aal-bg95-ui-v1.0-6\Set_time.c"
  52  0014  1F00     R  	clr _SBR_TIME_SETTING_2[0]
  52  0015              _L54:
  67  0015              #line 67 "k:\55555555555555\test\saier-a600n-2260-usa4g-aal-bg95-ui-v1.0-6\Set_time.c"
  67  0015  0F95        	mov a,149
  67  0016  0200     E  	sub a,_R_TIMEOUT_SECOND[0]
  67  0017  380A        	snz c
  67  0018  2800     R  	jmp _L42
  69  0019              #line 69 "k:\55555555555555\test\saier-a600n-2260-usa4g-aal-bg95-ui-v1.0-6\Set_time.c"
  69  0019  3C00     E  	sz _KEYFLAG[0].0
  69  001A  2800     R  	jmp _L43
  69  001B              _L45:
  52  001B              #line 52 "k:\55555555555555\test\saier-a600n-2260-usa4g-aal-bg95-ui-v1.0-6\Set_time.c"
  52  001B  0F01        	mov a,1
  52  001C  0080     R  	mov _SBR_TIME_SETTING_2[1],a
  52  001D  2800     R  	jmp _L44
  52  001E              _L43:
  72  001E              #line 72 "k:\55555555555555\test\saier-a600n-2260-usa4g-aal-bg95-ui-v1.0-6\Set_time.c"
  72  001E  3400     E  	clr _KEYFLAG[0].0
  74  001F              #line 74 "k:\55555555555555\test\saier-a600n-2260-usa4g-aal-bg95-ui-v1.0-6\Set_time.c"
  74  001F              	fcall _LCD_INIT_OFF
  75  0026              #line 75 "k:\55555555555555\test\saier-a600n-2260-usa4g-aal-bg95-ui-v1.0-6\Set_time.c"
  75  0026  1480     E  	inc _R_DISPLAYCOUNTER[0]
  76  0027              #line 76 "k:\55555555555555\test\saier-a600n-2260-usa4g-aal-bg95-ui-v1.0-6\Set_time.c"
  76  0027  1480     E  	inc _R_DISPLAYCOUNTER[0]
  78  0028              #line 78 "k:\55555555555555\test\saier-a600n-2260-usa4g-aal-bg95-ui-v1.0-6\Set_time.c"
  78  0028  3400     E  	clr _R_DISPLAYCOUNTER[0].0
  79  0029              #line 79 "k:\55555555555555\test\saier-a600n-2260-usa4g-aal-bg95-ui-v1.0-6\Set_time.c"
  79  0029  1F00     E  	clr _R_DISPLAYTIME[0]
  80  002A              #line 80 "k:\55555555555555\test\saier-a600n-2260-usa4g-aal-bg95-ui-v1.0-6\Set_time.c"
  80  002A  0F0D        	mov a,13
  80  002B  0200     E  	sub a,_R_DISPLAYCOUNTER[0]
文件：Set_time.c   编译器版本 HGASM 0202 页次11

  80  002C  3C0A        	sz c
  80  002D  2800     R  	jmp _L45
  93  002E              #line 93 "k:\55555555555555\test\saier-a600n-2260-usa4g-aal-bg95-ui-v1.0-6\Set_time.c"
  93  002E  3C00     E  	sz _R_alarm_clock[0].3
  93  002F  2800     R  	jmp _L80
  99  0030              #line 99 "k:\55555555555555\test\saier-a600n-2260-usa4g-aal-bg95-ui-v1.0-6\Set_time.c"
  99  0030  0F30        	mov a,48
  99  0031  0080     E  	mov _Delay_ms_2[0],a
  99  0032  0F75        	mov a,117
  99  0033  0080     E  	mov _Delay_ms_2[1],a
  99  0034              	fcall _Delay_ms
 100  003B              #line 100 "k:\55555555555555\test\saier-a600n-2260-usa4g-aal-bg95-ui-v1.0-6\Set_time.c"
 100  003B  3400     E  	clr _MODEFLAG[0].5
 101  003C              #line 101 "k:\55555555555555\test\saier-a600n-2260-usa4g-aal-bg95-ui-v1.0-6\Set_time.c"
 101  003C              	fcall _SBR_CLEAR_MEMORY
 102  0043              #line 102 "k:\55555555555555\test\saier-a600n-2260-usa4g-aal-bg95-ui-v1.0-6\Set_time.c"
 102  0043  3000     E  	set _MODEFLAG[0].5
 103  0044              #line 103 "k:\55555555555555\test\saier-a600n-2260-usa4g-aal-bg95-ui-v1.0-6\Set_time.c"
 103  0044              	fcall _SBR_CLEAR_MEMORY
 103  004B              _L80:
 104  004B              #line 104 "k:\55555555555555\test\saier-a600n-2260-usa4g-aal-bg95-ui-v1.0-6\Set_time.c"
 104  004B              	fcall _LCD_INIT_OFF
 106  0052              #line 106 "k:\55555555555555\test\saier-a600n-2260-usa4g-aal-bg95-ui-v1.0-6\Set_time.c"
 106  0052  1F00     R  	clr _SBR_TIME_SETTING_2[1]
 106  0053              _L44:
 110  0053              #line 110 "k:\55555555555555\test\saier-a600n-2260-usa4g-aal-bg95-ui-v1.0-6\Set_time.c"
 110  0053  3800     E  	snz _KEYFLAG[0].1
 110  0054  2800     R  	jmp _L47
 113  0055              #line 113 "k:\55555555555555\test\saier-a600n-2260-usa4g-aal-bg95-ui-v1.0-6\Set_time.c"
 113  0055  3400     E  	clr _KEYFLAG[0].1
 114  0056              #line 114 "k:\55555555555555\test\saier-a600n-2260-usa4g-aal-bg95-ui-v1.0-6\Set_time.c"
 114  0056              	fcall _LCD_INIT_OFF
 125  005D              #line 125 "k:\55555555555555\test\saier-a600n-2260-usa4g-aal-bg95-ui-v1.0-6\Set_time.c"
 125  005D  1F00     R  	clr _SBR_TIME_SETTING_2[1]
 125  005E              _L47:
 127  005E              #line 127 "k:\55555555555555\test\saier-a600n-2260-usa4g-aal-bg95-ui-v1.0-6\Set_time.c"
 127  005E  3800     E  	snz _gu8v_KeyPress[0].3
 127  005F  2800     R  	jmp _L55
 129  0060              #line 129 "k:\55555555555555\test\saier-a600n-2260-usa4g-aal-bg95-ui-v1.0-6\Set_time.c"
 129  0060  3800     E  	snz _gu8v_uart_flag[0].2
 129  0061  2800     R  	jmp _L48
 131  0062              #line 131 "k:\55555555555555\test\saier-a600n-2260-usa4g-aal-bg95-ui-v1.0-6\Set_time.c"
 131  0062  3400     E  	clr _gu8v_uart_flag[0].2
 132  0063              #line 132 "k:\55555555555555\test\saier-a600n-2260-usa4g-aal-bg95-ui-v1.0-6\Set_time.c"
 132  0063  1480     R  	inc _SBR_TIME_SETTING_2[0]
 133  0064              #line 133 "k:\55555555555555\test\saier-a600n-2260-usa4g-aal-bg95-ui-v1.0-6\Set_time.c"
 133  0064  0FE6        	mov a,230
 133  0065  0200     R  	sub a,_SBR_TIME_SETTING_2[0]
 133  0066  3C0A        	sz c
 133  0067  2800     R  	jmp _L48
 135  0068              #line 135 "k:\55555555555555\test\saier-a600n-2260-usa4g-aal-bg95-ui-v1.0-6\Set_time.c"
 135  0068  3000     E  	set _KEYFLAG[0].2
 136  0069              #line 136 "k:\55555555555555\test\saier-a600n-2260-usa4g-aal-bg95-ui-v1.0-6\Set_time.c"
 136  0069  0FC8        	mov a,200
 136  006A  0080     R  	mov _SBR_TIME_SETTING_2[0],a
 136  006B  2800     R  	jmp _L48
 136  006C              _L55:
 142  006C              #line 142 "k:\55555555555555\test\saier-a600n-2260-usa4g-aal-bg95-ui-v1.0-6\Set_time.c"
 142  006C  1F00     R  	clr _SBR_TIME_SETTING_2[0]
 142  006D              _L48:
文件：Set_time.c   编译器版本 HGASM 0202 页次12

 145  006D              #line 145 "k:\55555555555555\test\saier-a600n-2260-usa4g-aal-bg95-ui-v1.0-6\Set_time.c"
 145  006D  3800     E  	snz _KEYFLAG[0].2
 145  006E  2800     R  	jmp _L49
 147  006F              #line 147 "k:\55555555555555\test\saier-a600n-2260-usa4g-aal-bg95-ui-v1.0-6\Set_time.c"
 147  006F  3400     E  	clr _KEYFLAG[0].2
 148  0070              #line 148 "k:\55555555555555\test\saier-a600n-2260-usa4g-aal-bg95-ui-v1.0-6\Set_time.c"
 148  0070  1F00     E  	clr _R_TIMEOUT_SECOND[0]
 149  0071              #line 149 "k:\55555555555555\test\saier-a600n-2260-usa4g-aal-bg95-ui-v1.0-6\Set_time.c"
 149  0071  1F00     E  	clr _R_DISPLAYTIME[0]
 151  0072              #line 151 "k:\55555555555555\test\saier-a600n-2260-usa4g-aal-bg95-ui-v1.0-6\Set_time.c"
 151  0072  3400     E  	clr _R_DISPLAYCOUNTER[0].0
 152  0073              #line 152 "k:\55555555555555\test\saier-a600n-2260-usa4g-aal-bg95-ui-v1.0-6\Set_time.c"
 152  0073  0F09        	mov a,9
 152  0074  0200     E  	sub a,_R_DISPLAYCOUNTER[0]
 152  0075  380A        	snz c
 152  0076  2800     R  	jmp _L50
 154  0077              #line 154 "k:\55555555555555\test\saier-a600n-2260-usa4g-aal-bg95-ui-v1.0-6\Set_time.c"
 154  0077              	fcall _SBR_TIME_ADD
 154  007E  2800     R  	jmp _L49
 154  007F              _L50:
 158  007F              #line 158 "k:\55555555555555\test\saier-a600n-2260-usa4g-aal-bg95-ui-v1.0-6\Set_time.c"
 158  007F  0700     E  	mov a,_R_DISPLAYCOUNTER[0]
 158  0080  0080     R  	mov _SBR_TIME_SETTING_2[2],a
 158  0081  0700     R  	mov a,_SBR_TIME_SETTING_2[2]
 158  0082  0A0A        	sub a,10
 158  0083  3D0A        	sz z
 158  0084  2800     R  	jmp _L51
 158  0085  0A01        	sub a,(11)-(10)
 158  0086  3D0A        	sz z
 158  0087  2800     R  	jmp _L51
 158  0088  0700     R  	mov a,_SBR_TIME_SETTING_2[2]
 158  0089  0A0C        	sub a,12
 158  008A  3D0A        	sz z
 158  008B  2800     R  	jmp _L52
 158  008C  0700     R  	mov a,_SBR_TIME_SETTING_2[2]
 158  008D  0A0D        	sub a,13
 158  008E  390A        	snz z
 158  008F  2800     R  	jmp _L49
 158  0090  2800     R  	jmp _L52
 158  0091              _L51:
 163  0091              #line 163 "k:\55555555555555\test\saier-a600n-2260-usa4g-aal-bg95-ui-v1.0-6\Set_time.c"
 163  0091  1800     E  	rla _MODEFLAG[0]
 163  0092  0E01        	and a,1
 163  0093  0080     E  	mov ra,a
 163  0094  0F01        	mov a,1
 163  0095  0480     E  	xorm a,ra
 163  0096  1B80     E  	rrc ra
 163  0097  1F00     E  	clr ra
 163  0098  1B80     E  	rrc ra
 163  0099  3400     E  	clr _MODEFLAG[0].7
 163  009A  0700     E  	mov a,ra
 163  009B  0580     E  	orm a,_MODEFLAG[0]
 163  009C  2800     R  	jmp _L49
 163  009D              _L52:
 165  009D              #line 165 "k:\55555555555555\test\saier-a600n-2260-usa4g-aal-bg95-ui-v1.0-6\Set_time.c"
 165  009D  1F00     E  	clr ra
 165  009E  3800     E  	snz _R_alarm_clock[0].3
 165  009F  3000     E  	set ra.3
 165  00A0  3400     E  	clr _R_alarm_clock[0].3
 165  00A1  0700     E  	mov a,ra
文件：Set_time.c   编译器版本 HGASM 0202 页次13

 165  00A2  0580     E  	orm a,_R_alarm_clock[0]
 165  00A3              _L49:
 169  00A3              #line 169 "k:\55555555555555\test\saier-a600n-2260-usa4g-aal-bg95-ui-v1.0-6\Set_time.c"
 169  00A3              	fcall _SBR_FLASHING_TIME
  64  00AA              #line 64 "k:\55555555555555\test\saier-a600n-2260-usa4g-aal-bg95-ui-v1.0-6\Set_time.c"
  64  00AA  1080     R  	sz _SBR_TIME_SETTING_2[1]
  64  00AB  2800     R  	jmp _L54
  64  00AC  2800     R  	jmp _L41
  64  00AD              _L42:
 174  00AD              #line 174 "k:\55555555555555\test\saier-a600n-2260-usa4g-aal-bg95-ui-v1.0-6\Set_time.c"
 174  00AD              	fcall _SBR_FLASHING_DISABLE
 174  00B4              _L41:
 174  00B4  0003        	ret
 174  00B5              _SBR_TIME_SETTING endp
 174  00B5              #line 174 "k:\55555555555555\test\saier-a600n-2260-usa4g-aal-bg95-ui-v1.0-6\Set_time.c"
 174  00B5              #pragma debug scope 1 1
 174  00B5              ___intc2 equ [34]
 174  00B5              ___pcs1 equ [344]
 174  00B5              ___pac equ [21]
 174  00B5              ___pa equ [20]
 174  00B5              ___papu equ [22]
 174  00B5              ___pawu equ [23]
 174  00B5              ___pbc equ [37]
 174  00B5              ___pb equ [36]
 174  00B5              ___pbpu equ [38]
 174  00B5              ___pcc equ [40]
 174  00B5              ___pc equ [39]
 174  00B5              ___pcpu equ [41]
 174  00B5              ___pdc equ [117]
 174  00B5              ___pd equ [116]
 174  00B5              ___pdpu equ [118]
 174  00B5              ___pec equ [120]
 174  00B5              ___pe equ [119]
 174  00B5              ___pepu equ [121]
 174  00B5              ___ccvrefc equ [106]
 174  00B5              ___sadc0 equ [109]
 174  00B5              ___regc equ [97]
 174  00B5              ___pgac0 equ [99]
 174  00B5              ___pgac1 equ [100]
 174  00B5              ___pgac2 equ [101]
 174  00B5              ___pgac3 equ [102]
 174  00B5              ___scfc0 equ [103]
 174  00B5              ___scfc1 equ [104]
 174  00B5              ___scfckd equ [105]
 174  00B5              ___lcdc0 equ [112]
 174  00B5              ___ptm1c0 equ [288]
 174  00B5              ___ptm1c1 equ [289]
 174  00B5              ___ptm2c0 equ [296]
 174  00B5              ___ptm2c1 equ [297]
 174  00B5              ___stmc0 equ [73]
 174  00B5              ___stmc1 equ [74]
 174  00B5              ___scc equ [16]
 174  00B5              _gu8v_wake_up_time equ [933]
 174  00B5              ___intc0 equ [32]
 174  00B5              public _SBR_ENTER_HALTMODE
 174  00B5              #pragma debug scope 12 1
 531  00B5              #line 531 "k:\55555555555555\test\saier-a600n-2260-usa4g-aal-bg95-ui-v1.0-6\Set_time.c"
 531  0000              _SBR_ENTER_HALTMODE .section 'code'
 531  0000              _SBR_ENTER_HALTMODE proc
 534  0000              #line 534 "k:\55555555555555\test\saier-a600n-2260-usa4g-aal-bg95-ui-v1.0-6\Set_time.c"
文件：Set_time.c   编译器版本 HGASM 0202 页次14

 534  0000  0F01        	mov a,1
 534  0001  0080     R  	mov _lu8v_halt_mode[0],a
 535  0002              #line 535 "k:\55555555555555\test\saier-a600n-2260-usa4g-aal-bg95-ui-v1.0-6\Set_time.c"
 535  0002  2800     R  	jmp _L82
 535  0003              _L93:
 537  0003              #line 537 "k:\55555555555555\test\saier-a600n-2260-usa4g-aal-bg95-ui-v1.0-6\Set_time.c"
 537  0003  3422        	clr [34].0
 538  0004              #line 538 "k:\55555555555555\test\saier-a600n-2260-usa4g-aal-bg95-ui-v1.0-6\Set_time.c"
 538  0004              ;# 538 "k:\55555555555555\test\saier-a600n-2260-usa4g-aal-bg95-ui-v1.0-6\Set_time.c" 1
 538  0004  0001        	clr wdt
 539  0005              #line 539 "k:\55555555555555\test\saier-a600n-2260-usa4g-aal-bg95-ui-v1.0-6\Set_time.c"
 539  0005              ;# 539 "k:\55555555555555\test\saier-a600n-2260-usa4g-aal-bg95-ui-v1.0-6\Set_time.c" 1
 539  0005  0001        	clr wdt1
 540  0006              #line 540 "k:\55555555555555\test\saier-a600n-2260-usa4g-aal-bg95-ui-v1.0-6\Set_time.c"
 540  0006              ;# 540 "k:\55555555555555\test\saier-a600n-2260-usa4g-aal-bg95-ui-v1.0-6\Set_time.c" 1
 540  0006  0005        	clr wdt2
 542  0007              #line 542 "k:\55555555555555\test\saier-a600n-2260-usa4g-aal-bg95-ui-v1.0-6\Set_time.c"
 542  0007  9F58 0001   	lclr [344]
 544  0009              #line 544 "k:\55555555555555\test\saier-a600n-2260-usa4g-aal-bg95-ui-v1.0-6\Set_time.c"
 544  0009  0F3A        	mov a,58
 544  000A  0095        	mov [21],a
 545  000B              #line 545 "k:\55555555555555\test\saier-a600n-2260-usa4g-aal-bg95-ui-v1.0-6\Set_time.c"
 545  000B  1F14        	clr [20]
 546  000C              #line 546 "k:\55555555555555\test\saier-a600n-2260-usa4g-aal-bg95-ui-v1.0-6\Set_time.c"
 546  000C  0F3A        	mov a,58
 546  000D  0096        	mov [22],a
 547  000E              #line 547 "k:\55555555555555\test\saier-a600n-2260-usa4g-aal-bg95-ui-v1.0-6\Set_time.c"
 547  000E  0F3A        	mov a,58
 547  000F  0097        	mov [23],a
 549  0010              #line 549 "k:\55555555555555\test\saier-a600n-2260-usa4g-aal-bg95-ui-v1.0-6\Set_time.c"
 549  0010  1F25        	clr [37]
 550  0011              #line 550 "k:\55555555555555\test\saier-a600n-2260-usa4g-aal-bg95-ui-v1.0-6\Set_time.c"
 550  0011  1F24        	clr [36]
 551  0012              #line 551 "k:\55555555555555\test\saier-a600n-2260-usa4g-aal-bg95-ui-v1.0-6\Set_time.c"
 551  0012  1FA6        	set [38]
 553  0013              #line 553 "k:\55555555555555\test\saier-a600n-2260-usa4g-aal-bg95-ui-v1.0-6\Set_time.c"
 553  0013  0F10        	mov a,16
 553  0014  00A8        	mov [40],a
 554  0015              #line 554 "k:\55555555555555\test\saier-a600n-2260-usa4g-aal-bg95-ui-v1.0-6\Set_time.c"
 554  0015  0F10        	mov a,16
 554  0016  00A7        	mov [39],a
 555  0017              #line 555 "k:\55555555555555\test\saier-a600n-2260-usa4g-aal-bg95-ui-v1.0-6\Set_time.c"
 555  0017  0FEF        	mov a,239
 555  0018  00A9        	mov [41],a
 557  0019              #line 557 "k:\55555555555555\test\saier-a600n-2260-usa4g-aal-bg95-ui-v1.0-6\Set_time.c"
 557  0019  1F75        	clr [117]
 558  001A              #line 558 "k:\55555555555555\test\saier-a600n-2260-usa4g-aal-bg95-ui-v1.0-6\Set_time.c"
 558  001A  1F74        	clr [116]
 559  001B              #line 559 "k:\55555555555555\test\saier-a600n-2260-usa4g-aal-bg95-ui-v1.0-6\Set_time.c"
 559  001B  1FF6        	set [118]
 561  001C              #line 561 "k:\55555555555555\test\saier-a600n-2260-usa4g-aal-bg95-ui-v1.0-6\Set_time.c"
 561  001C  1F78        	clr [120]
 562  001D              #line 562 "k:\55555555555555\test\saier-a600n-2260-usa4g-aal-bg95-ui-v1.0-6\Set_time.c"
 562  001D  1F77        	clr [119]
 563  001E              #line 563 "k:\55555555555555\test\saier-a600n-2260-usa4g-aal-bg95-ui-v1.0-6\Set_time.c"
 563  001E  1FF9        	set [121]
 565  001F              #line 565 "k:\55555555555555\test\saier-a600n-2260-usa4g-aal-bg95-ui-v1.0-6\Set_time.c"
 565  001F  376A        	clr [106].6
 566  0020              #line 566 "k:\55555555555555\test\saier-a600n-2260-usa4g-aal-bg95-ui-v1.0-6\Set_time.c"
 566  0020  36ED        	clr [109].5
文件：Set_time.c   编译器版本 HGASM 0202 页次15

 567  0021              #line 567 "k:\55555555555555\test\saier-a600n-2260-usa4g-aal-bg95-ui-v1.0-6\Set_time.c"
 567  0021  0F01        	mov a,1
 567  0022  00E1        	mov [97],a
 568  0023              #line 568 "k:\55555555555555\test\saier-a600n-2260-usa4g-aal-bg95-ui-v1.0-6\Set_time.c"
 568  0023  1F63        	clr [99]
 569  0024              #line 569 "k:\55555555555555\test\saier-a600n-2260-usa4g-aal-bg95-ui-v1.0-6\Set_time.c"
 569  0024  1F64        	clr [100]
 570  0025              #line 570 "k:\55555555555555\test\saier-a600n-2260-usa4g-aal-bg95-ui-v1.0-6\Set_time.c"
 570  0025  1F65        	clr [101]
 571  0026              #line 571 "k:\55555555555555\test\saier-a600n-2260-usa4g-aal-bg95-ui-v1.0-6\Set_time.c"
 571  0026  1F66        	clr [102]
 572  0027              #line 572 "k:\55555555555555\test\saier-a600n-2260-usa4g-aal-bg95-ui-v1.0-6\Set_time.c"
 572  0027  1F67        	clr [103]
 573  0028              #line 573 "k:\55555555555555\test\saier-a600n-2260-usa4g-aal-bg95-ui-v1.0-6\Set_time.c"
 573  0028  1F68        	clr [104]
 574  0029              #line 574 "k:\55555555555555\test\saier-a600n-2260-usa4g-aal-bg95-ui-v1.0-6\Set_time.c"
 574  0029  1F69        	clr [105]
 575  002A              #line 575 "k:\55555555555555\test\saier-a600n-2260-usa4g-aal-bg95-ui-v1.0-6\Set_time.c"
 575  002A  1F6A        	clr [106]
 576  002B              #line 576 "k:\55555555555555\test\saier-a600n-2260-usa4g-aal-bg95-ui-v1.0-6\Set_time.c"
 576  002B  3470        	clr [112].0
 578  002C              #line 578 "k:\55555555555555\test\saier-a600n-2260-usa4g-aal-bg95-ui-v1.0-6\Set_time.c"
 578  002C  9F20 0001   	lclr [288]
 579  002E              #line 579 "k:\55555555555555\test\saier-a600n-2260-usa4g-aal-bg95-ui-v1.0-6\Set_time.c"
 579  002E  9F21 0001   	lclr [289]
 580  0030              #line 580 "k:\55555555555555\test\saier-a600n-2260-usa4g-aal-bg95-ui-v1.0-6\Set_time.c"
 580  0030  9F28 0001   	lclr [296]
 581  0032              #line 581 "k:\55555555555555\test\saier-a600n-2260-usa4g-aal-bg95-ui-v1.0-6\Set_time.c"
 581  0032  9F29 0001   	lclr [297]
 582  0034              #line 582 "k:\55555555555555\test\saier-a600n-2260-usa4g-aal-bg95-ui-v1.0-6\Set_time.c"
 582  0034  1F49        	clr [73]
 583  0035              #line 583 "k:\55555555555555\test\saier-a600n-2260-usa4g-aal-bg95-ui-v1.0-6\Set_time.c"
 583  0035  1F4A        	clr [74]
 586  0036              #line 586 "k:\55555555555555\test\saier-a600n-2260-usa4g-aal-bg95-ui-v1.0-6\Set_time.c"
 586  0036  3010        	set [16].0
 587  0037              #line 587 "k:\55555555555555\test\saier-a600n-2260-usa4g-aal-bg95-ui-v1.0-6\Set_time.c"
 587  0037  3490        	clr [16].1
 588  0038              #line 588 "k:\55555555555555\test\saier-a600n-2260-usa4g-aal-bg95-ui-v1.0-6\Set_time.c"
 588  0038  3400     E  	clr _TIMERFLAG[0].1
 589  0039              #line 589 "k:\55555555555555\test\saier-a600n-2260-usa4g-aal-bg95-ui-v1.0-6\Set_time.c"
 589  0039  B5A0 0001   	lclr [288].3
 590  003B              #line 590 "k:\55555555555555\test\saier-a600n-2260-usa4g-aal-bg95-ui-v1.0-6\Set_time.c"
 590  003B  B5A8 0001   	lclr [296].3
 591  003D              #line 591 "k:\55555555555555\test\saier-a600n-2260-usa4g-aal-bg95-ui-v1.0-6\Set_time.c"
 591  003D  3400     E  	clr _TIMERFLAG[0].2
 592  003E              #line 592 "k:\55555555555555\test\saier-a600n-2260-usa4g-aal-bg95-ui-v1.0-6\Set_time.c"
 592  003E              ;# 592 "k:\55555555555555\test\saier-a600n-2260-usa4g-aal-bg95-ui-v1.0-6\Set_time.c" 1
 592  003E  0002        	halt
 594  003F              #line 594 "k:\55555555555555\test\saier-a600n-2260-usa4g-aal-bg95-ui-v1.0-6\Set_time.c"
 594  003F              ;# 594 "k:\55555555555555\test\saier-a600n-2260-usa4g-aal-bg95-ui-v1.0-6\Set_time.c" 1
 594  003F  0001        	clr wdt1
 595  0040              #line 595 "k:\55555555555555\test\saier-a600n-2260-usa4g-aal-bg95-ui-v1.0-6\Set_time.c"
 595  0040              ;# 595 "k:\55555555555555\test\saier-a600n-2260-usa4g-aal-bg95-ui-v1.0-6\Set_time.c" 1
 595  0040  0005        	clr wdt2
 597  0041              #line 597 "k:\55555555555555\test\saier-a600n-2260-usa4g-aal-bg95-ui-v1.0-6\Set_time.c"
 597  0041  3800     E  	snz _TIMERFLAG[0].1
 597  0042  2800     R  	jmp _L83
 599  0043              #line 599 "k:\55555555555555\test\saier-a600n-2260-usa4g-aal-bg95-ui-v1.0-6\Set_time.c"
 599  0043  3400     E  	clr _TIMERFLAG[0].1
 600  0044              #line 600 "k:\55555555555555\test\saier-a600n-2260-usa4g-aal-bg95-ui-v1.0-6\Set_time.c"
文件：Set_time.c   编译器版本 HGASM 0202 页次16

 600  0044  3800     E  	snz _TIMERFLAG[0].3
 600  0045  2800     R  	jmp _L82
 602  0046              #line 602 "k:\55555555555555\test\saier-a600n-2260-usa4g-aal-bg95-ui-v1.0-6\Set_time.c"
 602  0046  3400     E  	clr _TIMERFLAG[0].3
 603  0047              #line 603 "k:\55555555555555\test\saier-a600n-2260-usa4g-aal-bg95-ui-v1.0-6\Set_time.c"
 603  0047  0F04        	mov a,4
 603  0048  0080     E  	mov _R_DISPLAYCOUNTER[0],a
 604  0049              #line 604 "k:\55555555555555\test\saier-a600n-2260-usa4g-aal-bg95-ui-v1.0-6\Set_time.c"
 604  0049              	fcall _SBR_TIME_ADD
 605  0050              #line 605 "k:\55555555555555\test\saier-a600n-2260-usa4g-aal-bg95-ui-v1.0-6\Set_time.c"
 605  0050  1E00     E  	snz _BCD[2]
 605  0051  2800     R  	jmp _L82
 607  0052              #line 607 "k:\55555555555555\test\saier-a600n-2260-usa4g-aal-bg95-ui-v1.0-6\Set_time.c"
 607  0052  0F02        	mov a,2
 607  0053  0080     E  	mov _R_DISPLAYCOUNTER[0],a
 608  0054              #line 608 "k:\55555555555555\test\saier-a600n-2260-usa4g-aal-bg95-ui-v1.0-6\Set_time.c"
 608  0054              	fcall _SBR_TIME_ADD
 609  005B              #line 609 "k:\55555555555555\test\saier-a600n-2260-usa4g-aal-bg95-ui-v1.0-6\Set_time.c"
 609  005B  1E00     E  	snz _BCD[2]
 609  005C  2800     R  	jmp _L82
 611  005D              #line 611 "k:\55555555555555\test\saier-a600n-2260-usa4g-aal-bg95-ui-v1.0-6\Set_time.c"
 611  005D  1F00     E  	clr _R_DISPLAYCOUNTER[0]
 612  005E              #line 612 "k:\55555555555555\test\saier-a600n-2260-usa4g-aal-bg95-ui-v1.0-6\Set_time.c"
 612  005E              	fcall _SBR_TIME_ADD
 612  0065  2800     R  	jmp _L82
 612  0066              _L83:
 620  0066              #line 620 "k:\55555555555555\test\saier-a600n-2260-usa4g-aal-bg95-ui-v1.0-6\Set_time.c"
 620  0066  3994        	snz [20].3
 620  0067  2800     R  	jmp _L87
 620  0068  3894        	snz [20].1
 620  0069  2800     R  	jmp _L87
 620  006A  3A94        	snz [20].5
 620  006B  2800     R  	jmp _L87
 620  006C  3E14        	sz [20].4
 620  006D  2800     R  	jmp _L82
 620  006E              _L87:
 622  006E              #line 622 "k:\55555555555555\test\saier-a600n-2260-usa4g-aal-bg95-ui-v1.0-6\Set_time.c"
 622  006E  3022        	set [34].0
 624  006F              #line 624 "k:\55555555555555\test\saier-a600n-2260-usa4g-aal-bg95-ui-v1.0-6\Set_time.c"
 624  006F  DF25 0003   	lclr [933]
 625  0071              #line 625 "k:\55555555555555\test\saier-a600n-2260-usa4g-aal-bg95-ui-v1.0-6\Set_time.c"
 625  0071              	fcall _KEYSCAN_INIT
 625  0078              _L91:
 626  0078              #line 626 "k:\55555555555555\test\saier-a600n-2260-usa4g-aal-bg95-ui-v1.0-6\Set_time.c"
 626  0078  0F09        	mov a,9
 626  0079  C225 0003   	lsub a,[933]
 626  007B  380A        	snz c
 626  007C  2800     R  	jmp _L82
 628  007D              #line 628 "k:\55555555555555\test\saier-a600n-2260-usa4g-aal-bg95-ui-v1.0-6\Set_time.c"
 628  007D              ;# 628 "k:\55555555555555\test\saier-a600n-2260-usa4g-aal-bg95-ui-v1.0-6\Set_time.c" 1
 628  007D  0000        	nop
 629  007E              #line 629 "k:\55555555555555\test\saier-a600n-2260-usa4g-aal-bg95-ui-v1.0-6\Set_time.c"
 629  007E  1E00     E  	snz _gu8v_KeyDown[0]
 629  007F  2800     R  	jmp _L89
 635  0080              #line 635 "k:\55555555555555\test\saier-a600n-2260-usa4g-aal-bg95-ui-v1.0-6\Set_time.c"
 635  0080  1F00     R  	clr _lu8v_halt_mode[0]
 635  0081              _L89:
 637  0081              #line 637 "k:\55555555555555\test\saier-a600n-2260-usa4g-aal-bg95-ui-v1.0-6\Set_time.c"
 637  0081  3C94        	sz [20].1
 637  0082  2800     R  	jmp _L91
文件：Set_time.c   编译器版本 HGASM 0202 页次17

 639  0083              #line 639 "k:\55555555555555\test\saier-a600n-2260-usa4g-aal-bg95-ui-v1.0-6\Set_time.c"
 639  0083  3000     E  	set _Usflag[0].3
 640  0084              #line 640 "k:\55555555555555\test\saier-a600n-2260-usa4g-aal-bg95-ui-v1.0-6\Set_time.c"
 640  0084  30A0        	set [32].1
 641  0085              #line 641 "k:\55555555555555\test\saier-a600n-2260-usa4g-aal-bg95-ui-v1.0-6\Set_time.c"
 641  0085  1F00     R  	clr _lu8v_halt_mode[0]
 641  0086  2800     R  	jmp _L91
 641  0087              _L82:
 535  0087              #line 535 "k:\55555555555555\test\saier-a600n-2260-usa4g-aal-bg95-ui-v1.0-6\Set_time.c"
 535  0087  1080     R  	sz _lu8v_halt_mode[0]
 535  0088  2800     R  	jmp _L93
 535  0089  0003        	ret
 535  008A              _SBR_ENTER_HALTMODE endp
 535  008A              #line 535 "k:\55555555555555\test\saier-a600n-2260-usa4g-aal-bg95-ui-v1.0-6\Set_time.c"
 535  008A              #pragma debug scope 1 1
 535  008A              public _T_DAY_MAX
 535  0000              @crom	.section 'crom'
  17  0000              #line 17 "k:\55555555555555\test\saier-a600n-2260-usa4g-aal-bg95-ui-v1.0-6\Set_time.c"
  17  0000              @crom	.section	'crom'
  17  0000              _T_DAY_MAX:
  17  0000              #pragma debug array 42 8 13 1
  17  0000              #pragma debug array 42 8 13 1
  17  0000              #pragma debug variable 42 1 _T_DAY_MAX "T_DAY_MAX"
  17  0000              	db 0
  17  0001              	db 31
  17  0001              	db 28
  17  0002              	db 31
  17  0002              	db 30
  17  0003              	db 31
  17  0003              	db 30
  17  0004              	db 31
  17  0004              	db 31
  17  0005              	db 30
  17  0005              	db 31
  17  0006              	db 30
  17  0006              	db 31
  17  0007              public _T_TIME_MAX
  15  0007              #line 15 "k:\55555555555555\test\saier-a600n-2260-usa4g-aal-bg95-ui-v1.0-6\Set_time.c"
  15  0007              @crom	.section	'crom'
  15  0007              _T_TIME_MAX:
  15  0007              #pragma debug array 43 8 5 1
  15  0007              #pragma debug array 43 8 5 1
  15  0007              #pragma debug variable 43 1 _T_TIME_MAX "T_TIME_MAX"
  15  0007              	db 86
  15  0007              	db 12
  15  0008              	db 31
  15  0008              	db 23
  15  0009              	db 59
  15  0009              public _T_TIME_MIN
  13  0009              #line 13 "k:\55555555555555\test\saier-a600n-2260-usa4g-aal-bg95-ui-v1.0-6\Set_time.c"
  13  0009              @crom	.section	'crom'
  13  0009              _T_TIME_MIN:
  13  0009              #pragma debug variable 43 1 _T_TIME_MIN "T_TIME_MIN"
  13  0009              	db 0
  13  000A              	db 1
  13  000A              	db 1
  13  000B              	db 0
  13  000B              	db 0
  11  000C              #line 11 "k:\55555555555555\test\saier-a600n-2260-usa4g-aal-bg95-ui-v1.0-6\Set_time.c"
  11  000C              public _lu8v_halt_mode
文件：Set_time.c   编译器版本 HGASM 0202 页次18

  11  0000              @HCCINIT0_lu8v_halt_mode .section 'data'
  11  0000              _lu8v_halt_mode	db 0
  11  0001              #pragma debug variable 8 1 _lu8v_halt_mode "lu8v_halt_mode"
  11  0001              
  11  0000              @HCCINIT .section 'data'
  11  0000              #pragma debug struct_end
  11  0000              #pragma debug struct_end
  11  0000              #pragma debug union_end
  11  0000              #pragma debug union_end
  11  0000              #pragma debug variable 45 1 ___scc "__scc" 1
  11  0000              #pragma debug struct_end
  11  0000              #pragma debug struct_end
  11  0000              #pragma debug union_end
  11  0000              #pragma debug union_end
  11  0000              #pragma debug variable 47 1 ___pa "__pa" 1
  11  0000              #pragma debug struct_end
  11  0000              #pragma debug struct_end
  11  0000              #pragma debug union_end
  11  0000              #pragma debug union_end
  11  0000              #pragma debug variable 49 1 ___pac "__pac" 1
  11  0000              #pragma debug struct_end
  11  0000              #pragma debug struct_end
  11  0000              #pragma debug union_end
  11  0000              #pragma debug union_end
  11  0000              #pragma debug variable 51 1 ___papu "__papu" 1
  11  0000              #pragma debug struct_end
  11  0000              #pragma debug struct_end
  11  0000              #pragma debug union_end
  11  0000              #pragma debug union_end
  11  0000              #pragma debug variable 53 1 ___pawu "__pawu" 1
  11  0000              #pragma debug struct_end
  11  0000              #pragma debug struct_end
  11  0000              #pragma debug union_end
  11  0000              #pragma debug union_end
  11  0000              #pragma debug variable 55 1 ___intc0 "__intc0" 1
  11  0000              #pragma debug struct_end
  11  0000              #pragma debug struct_end
  11  0000              #pragma debug union_end
  11  0000              #pragma debug union_end
  11  0000              #pragma debug variable 57 1 ___intc2 "__intc2" 1
  11  0000              #pragma debug struct_end
  11  0000              #pragma debug struct_end
  11  0000              #pragma debug union_end
  11  0000              #pragma debug union_end
  11  0000              #pragma debug variable 59 1 ___pb "__pb" 1
  11  0000              #pragma debug struct_end
  11  0000              #pragma debug struct_end
  11  0000              #pragma debug union_end
  11  0000              #pragma debug union_end
  11  0000              #pragma debug variable 61 1 ___pbc "__pbc" 1
  11  0000              #pragma debug struct_end
  11  0000              #pragma debug struct_end
  11  0000              #pragma debug union_end
  11  0000              #pragma debug union_end
  11  0000              #pragma debug variable 63 1 ___pbpu "__pbpu" 1
  11  0000              #pragma debug struct_end
  11  0000              #pragma debug struct_end
  11  0000              #pragma debug union_end
  11  0000              #pragma debug union_end
  11  0000              #pragma debug variable 65 1 ___pc "__pc" 1
文件：Set_time.c   编译器版本 HGASM 0202 页次19

  11  0000              #pragma debug struct_end
  11  0000              #pragma debug struct_end
  11  0000              #pragma debug union_end
  11  0000              #pragma debug union_end
  11  0000              #pragma debug variable 67 1 ___pcc "__pcc" 1
  11  0000              #pragma debug struct_end
  11  0000              #pragma debug struct_end
  11  0000              #pragma debug union_end
  11  0000              #pragma debug union_end
  11  0000              #pragma debug variable 69 1 ___pcpu "__pcpu" 1
  11  0000              #pragma debug struct_end
  11  0000              #pragma debug struct_end
  11  0000              #pragma debug union_end
  11  0000              #pragma debug union_end
  11  0000              #pragma debug variable 71 1 ___stmc0 "__stmc0" 1
  11  0000              #pragma debug struct_end
  11  0000              #pragma debug struct_end
  11  0000              #pragma debug union_end
  11  0000              #pragma debug union_end
  11  0000              #pragma debug variable 73 1 ___stmc1 "__stmc1" 1
  11  0000              #pragma debug struct_end
  11  0000              #pragma debug struct_end
  11  0000              #pragma debug union_end
  11  0000              #pragma debug union_end
  11  0000              #pragma debug variable 75 1 ___regc "__regc" 1
  11  0000              #pragma debug struct_end
  11  0000              #pragma debug struct_end
  11  0000              #pragma debug union_end
  11  0000              #pragma debug union_end
  11  0000              #pragma debug variable 77 1 ___pgac0 "__pgac0" 1
  11  0000              #pragma debug struct_end
  11  0000              #pragma debug struct_end
  11  0000              #pragma debug union_end
  11  0000              #pragma debug union_end
  11  0000              #pragma debug variable 79 1 ___pgac1 "__pgac1" 1
  11  0000              #pragma debug struct_end
  11  0000              #pragma debug struct_end
  11  0000              #pragma debug union_end
  11  0000              #pragma debug union_end
  11  0000              #pragma debug variable 81 1 ___pgac2 "__pgac2" 1
  11  0000              #pragma debug struct_end
  11  0000              #pragma debug struct_end
  11  0000              #pragma debug union_end
  11  0000              #pragma debug union_end
  11  0000              #pragma debug variable 83 1 ___pgac3 "__pgac3" 1
  11  0000              #pragma debug struct_end
  11  0000              #pragma debug struct_end
  11  0000              #pragma debug union_end
  11  0000              #pragma debug union_end
  11  0000              #pragma debug variable 85 1 ___scfc0 "__scfc0" 1
  11  0000              #pragma debug struct_end
  11  0000              #pragma debug struct_end
  11  0000              #pragma debug union_end
  11  0000              #pragma debug union_end
  11  0000              #pragma debug variable 87 1 ___scfc1 "__scfc1" 1
  11  0000              #pragma debug struct_end
  11  0000              #pragma debug struct_end
  11  0000              #pragma debug union_end
  11  0000              #pragma debug union_end
  11  0000              #pragma debug variable 89 1 ___scfckd "__scfckd" 1
文件：Set_time.c   编译器版本 HGASM 0202 页次20

  11  0000              #pragma debug struct_end
  11  0000              #pragma debug struct_end
  11  0000              #pragma debug union_end
  11  0000              #pragma debug union_end
  11  0000              #pragma debug variable 91 1 ___ccvrefc "__ccvrefc" 1
  11  0000              #pragma debug struct_end
  11  0000              #pragma debug struct_end
  11  0000              #pragma debug union_end
  11  0000              #pragma debug union_end
  11  0000              #pragma debug variable 93 1 ___sadc0 "__sadc0" 1
  11  0000              #pragma debug struct_end
  11  0000              #pragma debug struct_end
  11  0000              #pragma debug union_end
  11  0000              #pragma debug union_end
  11  0000              #pragma debug variable 95 1 ___lcdc0 "__lcdc0" 1
  11  0000              #pragma debug struct_end
  11  0000              #pragma debug struct_end
  11  0000              #pragma debug union_end
  11  0000              #pragma debug union_end
  11  0000              #pragma debug variable 97 1 ___pd "__pd" 1
  11  0000              #pragma debug struct_end
  11  0000              #pragma debug struct_end
  11  0000              #pragma debug union_end
  11  0000              #pragma debug union_end
  11  0000              #pragma debug variable 99 1 ___pdc "__pdc" 1
  11  0000              #pragma debug struct_end
  11  0000              #pragma debug struct_end
  11  0000              #pragma debug union_end
  11  0000              #pragma debug union_end
  11  0000              #pragma debug variable 101 1 ___pdpu "__pdpu" 1
  11  0000              #pragma debug struct_end
  11  0000              #pragma debug struct_end
  11  0000              #pragma debug union_end
  11  0000              #pragma debug union_end
  11  0000              #pragma debug variable 103 1 ___pe "__pe" 1
  11  0000              #pragma debug struct_end
  11  0000              #pragma debug struct_end
  11  0000              #pragma debug union_end
  11  0000              #pragma debug union_end
  11  0000              #pragma debug variable 105 1 ___pec "__pec" 1
  11  0000              #pragma debug struct_end
  11  0000              #pragma debug struct_end
  11  0000              #pragma debug union_end
  11  0000              #pragma debug union_end
  11  0000              #pragma debug variable 107 1 ___pepu "__pepu" 1
  11  0000              #pragma debug struct_end
  11  0000              #pragma debug struct_end
  11  0000              #pragma debug union_end
  11  0000              #pragma debug union_end
  11  0000              #pragma debug variable 109 1 ___ptm1c0 "__ptm1c0" 1
  11  0000              #pragma debug struct_end
  11  0000              #pragma debug struct_end
  11  0000              #pragma debug union_end
  11  0000              #pragma debug union_end
  11  0000              #pragma debug variable 111 1 ___ptm1c1 "__ptm1c1" 1
  11  0000              #pragma debug struct_end
  11  0000              #pragma debug struct_end
  11  0000              #pragma debug union_end
  11  0000              #pragma debug union_end
  11  0000              #pragma debug variable 113 1 ___ptm2c0 "__ptm2c0" 1
文件：Set_time.c   编译器版本 HGASM 0202 页次21

  11  0000              #pragma debug struct_end
  11  0000              #pragma debug struct_end
  11  0000              #pragma debug union_end
  11  0000              #pragma debug union_end
  11  0000              #pragma debug variable 115 1 ___ptm2c1 "__ptm2c1" 1
  11  0000              #pragma debug struct_end
  11  0000              #pragma debug struct_end
  11  0000              #pragma debug union_end
  11  0000              #pragma debug union_end
  11  0000              #pragma debug variable 117 1 ___pcs1 "__pcs1" 1
  11  0000              #pragma debug array 118 8 6 1
  11  0000              #pragma debug array 118 8 6 1
  11  0000              #pragma debug variable 118 1 _R_TIME "R_TIME" 6
  11  0000              #pragma debug variable 8 1 _gu8v_wake_up_time "gu8v_wake_up_time" 1
  11  0000              
  11  0000              ; output external variables
  11  0000              extern _Usflag:byte
  11  0000              extern _gu8v_KeyDown:byte
  11  0000              extern _gu8v_uart_flag:byte
  11  0000              extern _gu8v_KeyPress:byte
  11  0000              extern _KEYFLAG:byte
  11  0000              extern _R_TIMEOUT_SECOND:byte
  11  0000              extern _R_alarm_clock:byte
  11  0000              extern _MODEFLAG:byte
  11  0000              extern _R_TEMPDATA:byte
  11  0000              extern _R_DISPLAYTIME:byte
  11  0000              extern _TIMERFLAG:byte
  11  0000              extern _BCD:byte
  11  0000              extern _R_DISPLAYCOUNTER:byte
  11  0000              extern _SBR_EEPROM_READDATA:near
  11  0000              extern _SBR_DISP_MONTH_ON:near
  11  0000              extern _SBR_DISP_DAY_ON:near
  11  0000              extern _SBR_DISP_HOUR_ON:near
  11  0000              extern _SBR_DISP_MINUTE_ON:near
  11  0000              extern _SBR_DISP_SYS_OFF:near
  11  0000              extern _LCD_INIT_OFF:near
  11  0000              extern _SBR_DISP_MONTH_OFF:near
  11  0000              extern _SBR_DISP_DAY_OFF:near
  11  0000              extern _SBR_DISP_DOT_COLD_ON:near
  11  0000              extern _SBR_DISP_HOUR_OFF:near
  11  0000              extern _SBR_DISP_DOT_COL_ON:near
  11  0000              extern _SBR_DISP_MINUTE_OFF:near
  11  0000              extern _SBR_DISP_DOT_DIA_ON:near
  11  0000              extern _SBR_DISP_DOT_DIA_OFF:near
  11  0000              extern _SBR_DISP_CLL_ALL_T_ON:near
  11  0000              extern _SBR_DISP_DOT_MEMORY_ON:near
  11  0000              extern _SBR_Disp_NO_ON:near
  11  0000              extern _SBR_Disp_YS_ON:near
  11  0000              extern _Delay_ms_2:byte
  11  0000              extern _Delay_ms:near
  11  0000              extern _SBR_CLEAR_MEMORY:near
  11  0000              extern _KEYSCAN_INIT:near
  11  0000              
  11  0000              ; 
  11  0000              ; Generated by holtek-gcc v3.19, Tue Jul 26 12:07:01 2022
  11  0000              ; Rebuild 718
  11  0000              ; end of file


        0 Errors, 0