文件：SYSINT.c     编译器版本 HGASM 0202 页次1


   1  0000              ; Generated by holtek-gcc v3.19, Tue Jul 26 12:07:00 2022
   2  0000              ; 
   3  0000              ; Configuration:
   4  0000              ;       with long instruction
   5  0000              ;       Multi-ROM, Multi-RAM
   6  0000              ;       bits_per_rom_unit:16
   7  0000              ;       with mp1
   8  0000              ;       with tbhp, address(0x9)
   9  0000              ;          Use tabrd-const
  10  0000              ;       
  11  0000              ; SFR address of long-instruction arch:
  12  0000              ;    mp0 = -1,1,0
  13  0000              ;    mp1 = 4,3,2
  14  0000              ;    mp2 = 14,13,12
  15  0000              ;    tbp = 9,7,8
  16  0000              ;    acc = 5
  17  0000              ;    pcl = 6
  18  0000              ;    status = 10
  19  0000              ;    bp = 11
  20  0000              ;    intc = 32
  21  0000              ;       
  22  0000              ;       
  23  0000              ; use 'tabrdc' instead of 'tabrd'
  24  0000              ;       
  25  0000              
  26  0000              #pragma translator "holtek-gcc 4.6.4" "3.19" "build 20130711"
  27  0000              ; Rebuild 718
  28  0000              
  29  0000              ir equ [2]
  30  0000              mp equ [3]
  31  0000              sbp equ [4]
  32  0000              acc equ [5]
  33  0000              bp equ [11]
  34  0000              tblp equ [7]
  35  0000              tbhp equ [9]
  36  0000              status equ [10]
  37  0000              c equ [10].0
  38  0000              ac equ [10].1
  39  0000              z equ [10].2
  40  0000              ov equ [10].3
  41  0000              cz equ [10].6
  42  0000              sc equ [10].7
  43  0000              intc equ [32]
  44  0000              
  45  0000              extern ra:byte
  46  0000              extern rb:byte
  47  0000              extern rc:byte
  48  0000              extern rd:byte
  49  0000              extern re:byte
  50  0000              extern rf:byte
  51  0000              extern rg:byte
  52  0000              extern rh:byte
  53  0000              extern _Crom2Prom:near
  54  0000              extern _Crom2PromNext:near
  55  0000              
  56  0000              RAMBANK 0 @BITDATASEC, @BITDATASEC1
  57  0000              @HCCINIT	.section 'data'
  58  0000              @HCCINIT0	.section 'data'
  59  0000              @BITDATASEC	 .section 'data'
文件：SYSINT.ASM   编译器版本 HGASM 0202 页次2

  60  0000              @BITDATASEC1	 .section 'data'
  61  0000              
  62  0000              #pragma debug scope 1 1
  63  0000              	extern __DELAY3:near
  64  0000              	extern __DELAYX3:near
  65  0000              	extern __DELAYX6:near
  66  0000              	extern __DELAYY5:near
  67  0000              	extern __DELAYY3:near
  68  0000              	extern _builtin_holtek_delay_2:byte
  69  0000              ___scc equ [16]
  70  0000              ___hircc equ [17]
  71  0000              ___hxtc equ [18]
  72  0000              ___pas0 equ [339]
  73  0000              ___lxtc equ [19]
  74  0000              ___wdtc equ [30]
  75  0000              public _INT_SYSTEM
  76  0000              #pragma debug scope 2 1

   9  0000              #line 9 "k:\55555555555555\test\saier-a600n-2260-usa4g-aal-bg95-ui-v1.0-6\SYSINT.c"
   9  0000              _INT_SYSTEM .section 'code'
   9  0000              _INT_SYSTEM proc
  11  0000              #line 11 "k:\55555555555555\test\saier-a600n-2260-usa4g-aal-bg95-ui-v1.0-6\SYSINT.c"
  11  0000  0F04        	mov a,4
  11  0001  0090        	mov [16],a
  12  0002              #line 12 "k:\55555555555555\test\saier-a600n-2260-usa4g-aal-bg95-ui-v1.0-6\SYSINT.c"
  12  0002  0F05        	mov a,5
  12  0003  0091        	mov [17],a
  13  0004              #line 13 "k:\55555555555555\test\saier-a600n-2260-usa4g-aal-bg95-ui-v1.0-6\SYSINT.c"
  13  0004  1F12        	clr [18]
  14  0005              #line 14 "k:\55555555555555\test\saier-a600n-2260-usa4g-aal-bg95-ui-v1.0-6\SYSINT.c"
  14  0005  0F33        	mov a,51
  14  0006  80D3 0001   	lmov [339],a
  15  0008              #line 15 "k:\55555555555555\test\saier-a600n-2260-usa4g-aal-bg95-ui-v1.0-6\SYSINT.c"
  15  0008  0F01        	mov a,1
  15  0009  0093        	mov [19],a
  21  000A              #line 21 "k:\55555555555555\test\saier-a600n-2260-usa4g-aal-bg95-ui-v1.0-6\SYSINT.c"
  21  000A              ;# 21 "k:\55555555555555\test\saier-a600n-2260-usa4g-aal-bg95-ui-v1.0-6\SYSINT.c" 1
  21  000A              	IF 255>263690
  21  000A              ;# 21 "k:\55555555555555\test\saier-a600n-2260-usa4g-aal-bg95-ui-v1.0-6\SYSINT.c" 1
  21  000A              	ERRMESSAGE 'the value 255of the argument exceeds the maxinum 263690'
  21  000A              	ENDIF
  21  000A              ;# 21 "k:\55555555555555\test\saier-a600n-2260-usa4g-aal-bg95-ui-v1.0-6\SYSINT.c" 1
  21  000A              	IF 255<0
  21  000A              ;# 21 "k:\55555555555555\test\saier-a600n-2260-usa4g-aal-bg95-ui-v1.0-6\SYSINT.c" 1
  21  000A              	ERRMESSAGE 'the value 255 of the argument exceeds the mininum 0'
  21  000A              	ENDIF
  21  000A              ;# 21 "k:\55555555555555\test\saier-a600n-2260-usa4g-aal-bg95-ui-v1.0-6\SYSINT.c" 1
  21  000A              	IF 255==0
  21  000A              ;# 21 "k:\55555555555555\test\saier-a600n-2260-usa4g-aal-bg95-ui-v1.0-6\SYSINT.c" 1
  21  000A              	JMP $
  21  000A              	ENDIF
  21  000A              ;# 21 "k:\55555555555555\test\saier-a600n-2260-usa4g-aal-bg95-ui-v1.0-6\SYSINT.c" 1
  21  000A              	IF (255>=1) AND (255<( 4 + __PBP__ * 2))
  21  000A              ;# 21 "k:\55555555555555\test\saier-a600n-2260-usa4g-aal-bg95-ui-v1.0-6\SYSINT.c" 1
  21  000A              	NOP
  21  000A              	ENDIF
  21  000A              ;# 21 "k:\55555555555555\test\saier-a600n-2260-usa4g-aal-bg95-ui-v1.0-6\SYSINT.c" 1
  21  000A              	IF (255>=2) AND (255<( 4 + __PBP__ * 2))
  21  000A              ;# 21 "k:\55555555555555\test\saier-a600n-2260-usa4g-aal-bg95-ui-v1.0-6\SYSINT.c" 1
  21  000A              	NOP
文件：SYSINT.c     编译器版本 HGASM 0202 页次3

  21  000A              	ENDIF
  21  000A              ;# 21 "k:\55555555555555\test\saier-a600n-2260-usa4g-aal-bg95-ui-v1.0-6\SYSINT.c" 1
  21  000A              	IF (255>=3) AND (255<( 4 + __PBP__ * 2))
  21  000A              ;# 21 "k:\55555555555555\test\saier-a600n-2260-usa4g-aal-bg95-ui-v1.0-6\SYSINT.c" 1
  21  000A              	NOP
  21  000A              	ENDIF
  21  000A              ;# 21 "k:\55555555555555\test\saier-a600n-2260-usa4g-aal-bg95-ui-v1.0-6\SYSINT.c" 1
  21  000A              	IF (255>=4) AND (255<( 4 + __PBP__ * 2)) AND ( __PBP__ > 0 )
  21  000A              ;# 21 "k:\55555555555555\test\saier-a600n-2260-usa4g-aal-bg95-ui-v1.0-6\SYSINT.c" 1
  21  000A              	NOP
  21  000A              	ENDIF
  21  000A              ;# 21 "k:\55555555555555\test\saier-a600n-2260-usa4g-aal-bg95-ui-v1.0-6\SYSINT.c" 1
  21  000A              	IF (255>=5) AND (255<( 4 + __PBP__ * 2)) AND ( __PBP__ > 0 )
  21  000A              ;# 21 "k:\55555555555555\test\saier-a600n-2260-usa4g-aal-bg95-ui-v1.0-6\SYSINT.c" 1
  21  000A              	NOP
  21  000A              	ENDIF
  21  000A              ;# 21 "k:\55555555555555\test\saier-a600n-2260-usa4g-aal-bg95-ui-v1.0-6\SYSINT.c" 1
  21  000A              	IF (255>=6) AND (255<( 4 + __PBP__ * 2))  AND ( __PBP__ > 1 )
  21  000A              ;# 21 "k:\55555555555555\test\saier-a600n-2260-usa4g-aal-bg95-ui-v1.0-6\SYSINT.c" 1
  21  000A              	NOP
  21  000A              	ENDIF
  21  000A              ;# 21 "k:\55555555555555\test\saier-a600n-2260-usa4g-aal-bg95-ui-v1.0-6\SYSINT.c" 1
  21  000A              	IF (255>=7) AND (255<( 4 + __PBP__ * 2))  AND ( __PBP__ > 1 )
  21  000A              ;# 21 "k:\55555555555555\test\saier-a600n-2260-usa4g-aal-bg95-ui-v1.0-6\SYSINT.c" 1
  21  000A              	NOP
  21  000A              	ENDIF
  21  000A              ;# 21 "k:\55555555555555\test\saier-a600n-2260-usa4g-aal-bg95-ui-v1.0-6\SYSINT.c" 1
  21  000A              	IF (255>=8) AND (255<( 4 + __PBP__ * 2))  AND ( __PBP__ > 2 )
  21  000A              ;# 21 "k:\55555555555555\test\saier-a600n-2260-usa4g-aal-bg95-ui-v1.0-6\SYSINT.c" 1
  21  000A              	NOP
  21  000A              	ENDIF
  21  000A              ;# 21 "k:\55555555555555\test\saier-a600n-2260-usa4g-aal-bg95-ui-v1.0-6\SYSINT.c" 1
  21  000A              	IF (255==9)  AND ( __PBP__ > 2 )
  21  000A              ;# 21 "k:\55555555555555\test\saier-a600n-2260-usa4g-aal-bg95-ui-v1.0-6\SYSINT.c" 1
  21  000A              	NOP
  21  000A              	ENDIF
  21  000A              ;# 21 "k:\55555555555555\test\saier-a600n-2260-usa4g-aal-bg95-ui-v1.0-6\SYSINT.c" 1
  21  000A              	IF (255< ( 8 + __PBP__ * 2)) AND (255>( 3 + __PBP__ * 2))
  21  000A              ;# 21 "k:\55555555555555\test\saier-a600n-2260-usa4g-aal-bg95-ui-v1.0-6\SYSINT.c" 1
  21  000A              	fcall __DELAY3 + ( 7 + __PBP__ * 2) -255
  21  000A              	ENDIF
  21  000A              ;# 21 "k:\55555555555555\test\saier-a600n-2260-usa4g-aal-bg95-ui-v1.0-6\SYSINT.c" 1
  21  000A              	IF (255< ( 0404h + __PBP__ * 2)) AND (255>( 7 + __PBP__ * 2))
  21  000A              ;# 21 "k:\55555555555555\test\saier-a600n-2260-usa4g-aal-bg95-ui-v1.0-6\SYSINT.c" 1
  21  000A  0F3E        	MOV A,(255-( 4 + __PBP__ * 2))/4
  21  000B              ;# 21 "k:\55555555555555\test\saier-a600n-2260-usa4g-aal-bg95-ui-v1.0-6\SYSINT.c" 1
  21  000B              	fcall __DELAYX3 + 3 -((255-( 4 + __PBP__ * 2)) MOD 4) 
  21  0012              	ENDIF
  21  0012              ;# 21 "k:\55555555555555\test\saier-a600n-2260-usa4g-aal-bg95-ui-v1.0-6\SYSINT.c" 1
  21  0012              	IF (255< ( 040bh + __PBP__ * 2)) AND (255> ( 0403h + __PBP__ * 2))
  21  0012              ;# 21 "k:\55555555555555\test\saier-a600n-2260-usa4g-aal-bg95-ui-v1.0-6\SYSINT.c" 1
  21  0012              	MOV A,0 
  21  0012              ;# 21 "k:\55555555555555\test\saier-a600n-2260-usa4g-aal-bg95-ui-v1.0-6\SYSINT.c" 1
  21  0012              	fcall __DELAYX6 + ( 040ah + __PBP__ * 2) -255
  21  0012              	ENDIF
  21  0012              ;# 21 "k:\55555555555555\test\saier-a600n-2260-usa4g-aal-bg95-ui-v1.0-6\SYSINT.c" 1
  21  0012              	IF (255 >= ( 040bh + __PBP__ * 2)) AND ((((255-( 9 + __PBP__ * 2))%0402h)/4+1)>256)
  21  0012              ;# 21 "k:\55555555555555\test\saier-a600n-2260-usa4g-aal-bg95-ui-v1.0-6\SYSINT.c" 1
  21  0012              	MOV A,(255-( 9 + __PBP__ * 2))/0402h
  21  0012              ;# 21 "k:\55555555555555\test\saier-a600n-2260-usa4g-aal-bg95-ui-v1.0-6\SYSINT.c" 1
文件：SYSINT.c     编译器版本 HGASM 0202 页次4

  21  0012              	MOV _builtin_holtek_delay_2,A
  21  0012              ;# 21 "k:\55555555555555\test\saier-a600n-2260-usa4g-aal-bg95-ui-v1.0-6\SYSINT.c" 1
  21  0012              	MOV A,0
  21  0012              ;# 21 "k:\55555555555555\test\saier-a600n-2260-usa4g-aal-bg95-ui-v1.0-6\SYSINT.c" 1
  21  0012              	fcall __DELAYY5 +5- (((255-( 9 + __PBP__ * 2))%0402h)%6) 
  21  0012              	ENDIF
  21  0012              ;# 21 "k:\55555555555555\test\saier-a600n-2260-usa4g-aal-bg95-ui-v1.0-6\SYSINT.c" 1
  21  0012              	IF (255 >= ( 040bh + __PBP__ * 2)) AND ((((255-( 9 + __PBP__ * 2))%0402h)/4+1)<=256)
  21  0012              ;# 21 "k:\55555555555555\test\saier-a600n-2260-usa4g-aal-bg95-ui-v1.0-6\SYSINT.c" 1
  21  0012              	MOV A,(255-( 9 + __PBP__ * 2))/0402h
  21  0012              ;# 21 "k:\55555555555555\test\saier-a600n-2260-usa4g-aal-bg95-ui-v1.0-6\SYSINT.c" 1
  21  0012              	MOV _builtin_holtek_delay_2,A
  21  0012              ;# 21 "k:\55555555555555\test\saier-a600n-2260-usa4g-aal-bg95-ui-v1.0-6\SYSINT.c" 1
  21  0012              	MOV A,((255-( 9 + __PBP__ * 2))%0402h)/4+1
  21  0012              ;# 21 "k:\55555555555555\test\saier-a600n-2260-usa4g-aal-bg95-ui-v1.0-6\SYSINT.c" 1
  21  0012              	fcall __DELAYY3 +3-(((255-( 9 + __PBP__ * 2))%0402h)%4) 
  21  0012              	ENDIF
  23  0012              #line 23 "k:\55555555555555\test\saier-a600n-2260-usa4g-aal-bg95-ui-v1.0-6\SYSINT.c"
  23  0012  0FAF        	mov a,175
  23  0013  009E        	mov [30],a
  23  0014  0003        	ret
  23  0015              _INT_SYSTEM endp
  23  0015              #line 23 "k:\55555555555555\test\saier-a600n-2260-usa4g-aal-bg95-ui-v1.0-6\SYSINT.c"
  23  0015              #pragma debug scope 1 1
  23  0015              ___mp1h equ [4]
  23  0015              ___mp1l equ [3]
  23  0015              ___tblp equ [7]
  23  0015              ___iar1 equ [2]
  23  0015              public _Ram_Init
  23  0015              #pragma debug scope 3 1
  33  0015              #line 33 "k:\55555555555555\test\saier-a600n-2260-usa4g-aal-bg95-ui-v1.0-6\SYSINT.c"
  33  0000              _Ram_Init .section 'code'
  33  0000              _Ram_Init proc
  34  0000              #line 34 "k:\55555555555555\test\saier-a600n-2260-usa4g-aal-bg95-ui-v1.0-6\SYSINT.c"
  34  0000  1F04        	clr [4]
  35  0001              #line 35 "k:\55555555555555\test\saier-a600n-2260-usa4g-aal-bg95-ui-v1.0-6\SYSINT.c"
  35  0001  0F80        	mov a,128
  35  0002  0083        	mov [3],a
  36  0003              #line 36 "k:\55555555555555\test\saier-a600n-2260-usa4g-aal-bg95-ui-v1.0-6\SYSINT.c"
  36  0003  2800     R  	jmp _L3
  36  0004              _L6:
  38  0004              #line 38 "k:\55555555555555\test\saier-a600n-2260-usa4g-aal-bg95-ui-v1.0-6\SYSINT.c"
  38  0004  1F07        	clr [7]
  38  0005              _L4:
  38  0005  3F87        	sz [7].7
  38  0006  2800     R  	jmp _L8
  40  0007              #line 40 "k:\55555555555555\test\saier-a600n-2260-usa4g-aal-bg95-ui-v1.0-6\SYSINT.c"
  40  0007  1F02        	clr [2]
  41  0008              #line 41 "k:\55555555555555\test\saier-a600n-2260-usa4g-aal-bg95-ui-v1.0-6\SYSINT.c"
  41  0008  1483        	inc [3]
  38  0009              #line 38 "k:\55555555555555\test\saier-a600n-2260-usa4g-aal-bg95-ui-v1.0-6\SYSINT.c"
  38  0009  1487        	inc [7]
  38  000A  2800     R  	jmp _L4
  38  000B              _L8:
  43  000B              #line 43 "k:\55555555555555\test\saier-a600n-2260-usa4g-aal-bg95-ui-v1.0-6\SYSINT.c"
  43  000B  0F80        	mov a,128
  43  000C  0083        	mov [3],a
  44  000D              #line 44 "k:\55555555555555\test\saier-a600n-2260-usa4g-aal-bg95-ui-v1.0-6\SYSINT.c"
  44  000D  1484        	inc [4]
  44  000E              _L3:
文件：SYSINT.c     编译器版本 HGASM 0202 页次5

  36  000E              #line 36 "k:\55555555555555\test\saier-a600n-2260-usa4g-aal-bg95-ui-v1.0-6\SYSINT.c"
  36  000E  0F04        	mov a,4
  36  000F  0204        	sub a,[4]
  36  0010  3C0A        	sz c
  36  0011  2800     R  	jmp _L6
  36  0012  0003        	ret
  36  0013              _Ram_Init endp
  36  0013              #line 36 "k:\55555555555555\test\saier-a600n-2260-usa4g-aal-bg95-ui-v1.0-6\SYSINT.c"
  36  0013              #pragma debug scope 1 1
  36  0013              ___pac equ [21]
  36  0013              ___pa equ [20]
  36  0013              ___papu equ [22]
  36  0013              ___pawu equ [23]
  36  0013              ___pbc equ [37]
  36  0013              ___pb equ [36]
  36  0013              ___pbpu equ [38]
  36  0013              ___pcc equ [40]
  36  0013              ___pc equ [39]
  36  0013              ___pcpu equ [41]
  36  0013              ___pdc equ [117]
  36  0013              ___pd equ [116]
  36  0013              ___pdpu equ [118]
  36  0013              ___pec equ [120]
  36  0013              ___pe equ [119]
  36  0013              ___pepu equ [121]
  36  0013              public _INT_IO
  36  0013              #pragma debug scope 4 1
  49  0013              #line 49 "k:\55555555555555\test\saier-a600n-2260-usa4g-aal-bg95-ui-v1.0-6\SYSINT.c"
  49  0000              _INT_IO .section 'code'
  49  0000              _INT_IO proc
  50  0000              #line 50 "k:\55555555555555\test\saier-a600n-2260-usa4g-aal-bg95-ui-v1.0-6\SYSINT.c"
  50  0000  0F3A        	mov a,58
  50  0001  0095        	mov [21],a
  51  0002              #line 51 "k:\55555555555555\test\saier-a600n-2260-usa4g-aal-bg95-ui-v1.0-6\SYSINT.c"
  51  0002  1F14        	clr [20]
  52  0003              #line 52 "k:\55555555555555\test\saier-a600n-2260-usa4g-aal-bg95-ui-v1.0-6\SYSINT.c"
  52  0003  0F3A        	mov a,58
  52  0004  0096        	mov [22],a
  53  0005              #line 53 "k:\55555555555555\test\saier-a600n-2260-usa4g-aal-bg95-ui-v1.0-6\SYSINT.c"
  53  0005  0F38        	mov a,56
  53  0006  0097        	mov [23],a
  55  0007              #line 55 "k:\55555555555555\test\saier-a600n-2260-usa4g-aal-bg95-ui-v1.0-6\SYSINT.c"
  55  0007  0F01        	mov a,1
  55  0008  00A5        	mov [37],a
  56  0009              #line 56 "k:\55555555555555\test\saier-a600n-2260-usa4g-aal-bg95-ui-v1.0-6\SYSINT.c"
  56  0009  1F24        	clr [36]
  57  000A              #line 57 "k:\55555555555555\test\saier-a600n-2260-usa4g-aal-bg95-ui-v1.0-6\SYSINT.c"
  57  000A  1FA6        	set [38]
  59  000B              #line 59 "k:\55555555555555\test\saier-a600n-2260-usa4g-aal-bg95-ui-v1.0-6\SYSINT.c"
  59  000B  0F01        	mov a,1
  59  000C  00A8        	mov [40],a
  60  000D              #line 60 "k:\55555555555555\test\saier-a600n-2260-usa4g-aal-bg95-ui-v1.0-6\SYSINT.c"
  60  000D  1F27        	clr [39]
  61  000E              #line 61 "k:\55555555555555\test\saier-a600n-2260-usa4g-aal-bg95-ui-v1.0-6\SYSINT.c"
  61  000E  1FA9        	set [41]
  63  000F              #line 63 "k:\55555555555555\test\saier-a600n-2260-usa4g-aal-bg95-ui-v1.0-6\SYSINT.c"
  63  000F  1F75        	clr [117]
  64  0010              #line 64 "k:\55555555555555\test\saier-a600n-2260-usa4g-aal-bg95-ui-v1.0-6\SYSINT.c"
  64  0010  1F74        	clr [116]
  65  0011              #line 65 "k:\55555555555555\test\saier-a600n-2260-usa4g-aal-bg95-ui-v1.0-6\SYSINT.c"
文件：SYSINT.c     编译器版本 HGASM 0202 页次6

  65  0011  1FF6        	set [118]
  67  0012              #line 67 "k:\55555555555555\test\saier-a600n-2260-usa4g-aal-bg95-ui-v1.0-6\SYSINT.c"
  67  0012  1F78        	clr [120]
  68  0013              #line 68 "k:\55555555555555\test\saier-a600n-2260-usa4g-aal-bg95-ui-v1.0-6\SYSINT.c"
  68  0013  1F77        	clr [119]
  69  0014              #line 69 "k:\55555555555555\test\saier-a600n-2260-usa4g-aal-bg95-ui-v1.0-6\SYSINT.c"
  69  0014  1FF9        	set [121]
  69  0015  0003        	ret
  69  0016              _INT_IO endp
  69  0016              #line 69 "k:\55555555555555\test\saier-a600n-2260-usa4g-aal-bg95-ui-v1.0-6\SYSINT.c"
  69  0016              #pragma debug scope 1 1
  69  0016              ___regc equ [97]
  69  0016              ___ccvrefc equ [106]
  69  0016              public _INT_POWER
  69  0016              #pragma debug scope 5 1
  73  0016              #line 73 "k:\55555555555555\test\saier-a600n-2260-usa4g-aal-bg95-ui-v1.0-6\SYSINT.c"
  73  0000              _INT_POWER .section 'code'
  73  0000              _INT_POWER proc
  74  0000              #line 74 "k:\55555555555555\test\saier-a600n-2260-usa4g-aal-bg95-ui-v1.0-6\SYSINT.c"
  74  0000  0F03        	mov a,3
  74  0001  00E1        	mov [97],a
  75  0002              #line 75 "k:\55555555555555\test\saier-a600n-2260-usa4g-aal-bg95-ui-v1.0-6\SYSINT.c"
  75  0002  0F01        	mov a,1
  75  0003  00EA        	mov [106],a
  76  0004              #line 76 "k:\55555555555555\test\saier-a600n-2260-usa4g-aal-bg95-ui-v1.0-6\SYSINT.c"
  76  0004  33EA        	set [106].7
  77  0005              #line 77 "k:\55555555555555\test\saier-a600n-2260-usa4g-aal-bg95-ui-v1.0-6\SYSINT.c"
  77  0005  336A        	set [106].6
  77  0006  0003        	ret
  77  0007              _INT_POWER endp
  77  0007              #line 77 "k:\55555555555555\test\saier-a600n-2260-usa4g-aal-bg95-ui-v1.0-6\SYSINT.c"
  77  0007              #pragma debug scope 1 1
  77  0007              ___pscr equ [44]
  77  0007              ___tb0c equ [45]
  77  0007              ___tb1c equ [46]
  77  0007              ___ptm1c0 equ [288]
  77  0007              ___ptm1c1 equ [289]
  77  0007              ___ptm1al equ [292]
  77  0007              ___ptm1ah equ [293]
  77  0007              ___ptm2c0 equ [296]
  77  0007              ___ptm2c1 equ [297]
  77  0007              ___ptm2al equ [300]
  77  0007              ___ptm2ah equ [301]
  77  0007              ___stmc0 equ [73]
  77  0007              ___stmc1 equ [74]
  77  0007              ___stmal equ [77]
  77  0007              ___stmah equ [78]
  77  0007              ___stmrp equ [79]
  77  0007              public _INT_TMR
  77  0007              #pragma debug scope 6 1
  87  0007              #line 87 "k:\55555555555555\test\saier-a600n-2260-usa4g-aal-bg95-ui-v1.0-6\SYSINT.c"
  87  0000              _INT_TMR .section 'code'
  87  0000              _INT_TMR proc
  88  0000              #line 88 "k:\55555555555555\test\saier-a600n-2260-usa4g-aal-bg95-ui-v1.0-6\SYSINT.c"
  88  0000  0F03        	mov a,3
  88  0001  00AC        	mov [44],a
  89  0002              #line 89 "k:\55555555555555\test\saier-a600n-2260-usa4g-aal-bg95-ui-v1.0-6\SYSINT.c"
  89  0002  1F2D        	clr [45]
  90  0003              #line 90 "k:\55555555555555\test\saier-a600n-2260-usa4g-aal-bg95-ui-v1.0-6\SYSINT.c"
  90  0003  0F06        	mov a,6
文件：SYSINT.c     编译器版本 HGASM 0202 页次7

  90  0004  00AE        	mov [46],a
  92  0005              #line 92 "k:\55555555555555\test\saier-a600n-2260-usa4g-aal-bg95-ui-v1.0-6\SYSINT.c"
  92  0005  0F20        	mov a,32
  92  0006  80A0 0001   	lmov [288],a
  93  0008              #line 93 "k:\55555555555555\test\saier-a600n-2260-usa4g-aal-bg95-ui-v1.0-6\SYSINT.c"
  93  0008  0FC1        	mov a,193
  93  0009  80A1 0001   	lmov [289],a
  94  000B              #line 94 "k:\55555555555555\test\saier-a600n-2260-usa4g-aal-bg95-ui-v1.0-6\SYSINT.c"
  94  000B  0F35        	mov a,53
  94  000C  80A4 0001   	lmov [292],a
  95  000E              #line 95 "k:\55555555555555\test\saier-a600n-2260-usa4g-aal-bg95-ui-v1.0-6\SYSINT.c"
  95  000E  9F25 0001   	lclr [293]
  97  0010              #line 97 "k:\55555555555555\test\saier-a600n-2260-usa4g-aal-bg95-ui-v1.0-6\SYSINT.c"
  97  0010  0F30        	mov a,48
  97  0011  80A8 0001   	lmov [296],a
  98  0013              #line 98 "k:\55555555555555\test\saier-a600n-2260-usa4g-aal-bg95-ui-v1.0-6\SYSINT.c"
  98  0013  0FC1        	mov a,193
  98  0014  80A9 0001   	lmov [297],a
  99  0016              #line 99 "k:\55555555555555\test\saier-a600n-2260-usa4g-aal-bg95-ui-v1.0-6\SYSINT.c"
  99  0016  0F19        	mov a,25
  99  0017  80AC 0001   	lmov [300],a
 100  0019              #line 100 "k:\55555555555555\test\saier-a600n-2260-usa4g-aal-bg95-ui-v1.0-6\SYSINT.c"
 100  0019  0F01        	mov a,1
 100  001A  80AD 0001   	lmov [301],a
 102  001C              #line 102 "k:\55555555555555\test\saier-a600n-2260-usa4g-aal-bg95-ui-v1.0-6\SYSINT.c"
 102  001C  0F10        	mov a,16
 102  001D  00C9        	mov [73],a
 103  001E              #line 103 "k:\55555555555555\test\saier-a600n-2260-usa4g-aal-bg95-ui-v1.0-6\SYSINT.c"
 103  001E  0FA8        	mov a,168
 103  001F  00CA        	mov [74],a
 104  0020              #line 104 "k:\55555555555555\test\saier-a600n-2260-usa4g-aal-bg95-ui-v1.0-6\SYSINT.c"
 104  0020  1FCD        	set [77]
 105  0021              #line 105 "k:\55555555555555\test\saier-a600n-2260-usa4g-aal-bg95-ui-v1.0-6\SYSINT.c"
 105  0021  0F02        	mov a,2
 105  0022  00CE        	mov [78],a
 106  0023              #line 106 "k:\55555555555555\test\saier-a600n-2260-usa4g-aal-bg95-ui-v1.0-6\SYSINT.c"
 106  0023  0F04        	mov a,4
 106  0024  00CF        	mov [79],a
 106  0025  0003        	ret
 106  0026              _INT_TMR endp
 106  0026              #line 106 "k:\55555555555555\test\saier-a600n-2260-usa4g-aal-bg95-ui-v1.0-6\SYSINT.c"
 106  0026              #pragma debug scope 1 1
 106  0026              ___lcdc0 equ [112]
 106  0026              ___lcdcp equ [113]
 106  0026              ___lcdc2 equ [114]
 106  0026              ___pas1 equ [340]
 106  0026              ___pbs0 equ [341]
 106  0026              ___pcs0 equ [343]
 106  0026              ___pds0 equ [345]
 106  0026              ___pds1 equ [346]
 106  0026              ___pes0 equ [347]
 106  0026              ___pes1 equ [348]
 106  0026              public _INT_LCD
 106  0026              #pragma debug scope 7 1
 111  0026              #line 111 "k:\55555555555555\test\saier-a600n-2260-usa4g-aal-bg95-ui-v1.0-6\SYSINT.c"
 111  0000              _INT_LCD .section 'code'
 111  0000              _INT_LCD proc
 118  0000              #line 118 "k:\55555555555555\test\saier-a600n-2260-usa4g-aal-bg95-ui-v1.0-6\SYSINT.c"
 118  0000  0F87        	mov a,135
 118  0001  00F0        	mov [112],a
文件：SYSINT.c     编译器版本 HGASM 0202 页次8

 119  0002              #line 119 "k:\55555555555555\test\saier-a600n-2260-usa4g-aal-bg95-ui-v1.0-6\SYSINT.c"
 119  0002  0F08        	mov a,8
 119  0003  00F1        	mov [113],a
 120  0004              #line 120 "k:\55555555555555\test\saier-a600n-2260-usa4g-aal-bg95-ui-v1.0-6\SYSINT.c"
 120  0004  0FE2        	mov a,226
 120  0005  00F2        	mov [114],a
 122  0006              #line 122 "k:\55555555555555\test\saier-a600n-2260-usa4g-aal-bg95-ui-v1.0-6\SYSINT.c"
 122  0006  0F33        	mov a,51
 122  0007  80D3 0001   	lmov [339],a
 123  0009              #line 123 "k:\55555555555555\test\saier-a600n-2260-usa4g-aal-bg95-ui-v1.0-6\SYSINT.c"
 123  0009  9F54 0001   	lclr [340]
 125  000B              #line 125 "k:\55555555555555\test\saier-a600n-2260-usa4g-aal-bg95-ui-v1.0-6\SYSINT.c"
 125  000B  0F40        	mov a,64
 125  000C  80D5 0001   	lmov [341],a
 127  000E              #line 127 "k:\55555555555555\test\saier-a600n-2260-usa4g-aal-bg95-ui-v1.0-6\SYSINT.c"
 127  000E  0F03        	mov a,3
 127  000F  80D7 0001   	lmov [343],a
 130  0011              #line 130 "k:\55555555555555\test\saier-a600n-2260-usa4g-aal-bg95-ui-v1.0-6\SYSINT.c"
 130  0011  0FAF        	mov a,175
 130  0012  80D9 0001   	lmov [345],a
 131  0014              #line 131 "k:\55555555555555\test\saier-a600n-2260-usa4g-aal-bg95-ui-v1.0-6\SYSINT.c"
 131  0014  9FDA 0001   	lset [346]
 133  0016              #line 133 "k:\55555555555555\test\saier-a600n-2260-usa4g-aal-bg95-ui-v1.0-6\SYSINT.c"
 133  0016  0F3F        	mov a,63
 133  0017  80DB 0001   	lmov [347],a
 134  0019              #line 134 "k:\55555555555555\test\saier-a600n-2260-usa4g-aal-bg95-ui-v1.0-6\SYSINT.c"
 134  0019  9F5C 0001   	lclr [348]
 134  001B  0003        	ret
 134  001C              _INT_LCD endp
 134  001C              #line 134 "k:\55555555555555\test\saier-a600n-2260-usa4g-aal-bg95-ui-v1.0-6\SYSINT.c"
 134  001C              #pragma debug scope 1 1
 134  001C              ___integ equ [31]
 134  001C              ___intc0 equ [32]
 134  001C              public _FUN_INT1_2_INIT
 134  001C              #pragma debug scope 8 1
 144  001C              #line 144 "k:\55555555555555\test\saier-a600n-2260-usa4g-aal-bg95-ui-v1.0-6\SYSINT.c"
 144  0000              _FUN_INT1_2_INIT .section 'code'
 144  0000              _FUN_INT1_2_INIT proc
 145  0000              #line 145 "k:\55555555555555\test\saier-a600n-2260-usa4g-aal-bg95-ui-v1.0-6\SYSINT.c"
 145  0000  0F02        	mov a,2
 145  0001  009F        	mov [31],a
 146  0002              #line 146 "k:\55555555555555\test\saier-a600n-2260-usa4g-aal-bg95-ui-v1.0-6\SYSINT.c"
 146  0002  30A0        	set [32].1
 147  0003              #line 147 "k:\55555555555555\test\saier-a600n-2260-usa4g-aal-bg95-ui-v1.0-6\SYSINT.c"
 147  0003  3520        	clr [32].2
 147  0004  0003        	ret
 147  0005              _FUN_INT1_2_INIT endp
 147  0005              #line 147 "k:\55555555555555\test\saier-a600n-2260-usa4g-aal-bg95-ui-v1.0-6\SYSINT.c"
 147  0005              #pragma debug scope 1 1
 147  0005              ___pcs1 equ [344]
 147  0005              ___ifs1 equ [337]
 147  0005              ___u0cr1 equ [48]
 147  0005              ___u0cr2 equ [49]
 147  0005              ___brg0 equ [51]
 147  0005              ___intc2 equ [34]
 147  0005              public _Uart_Init
 147  0005              #pragma debug scope 9 1
 162  0005              #line 162 "k:\55555555555555\test\saier-a600n-2260-usa4g-aal-bg95-ui-v1.0-6\SYSINT.c"
 162  0000              _Uart_Init .section 'code'
 162  0000              _Uart_Init proc
文件：SYSINT.c     编译器版本 HGASM 0202 页次9

 163  0000              #line 163 "k:\55555555555555\test\saier-a600n-2260-usa4g-aal-bg95-ui-v1.0-6\SYSINT.c"
 163  0000  0F0A        	mov a,10
 163  0001  80D8 0001   	lmov [344],a
 164  0003              #line 164 "k:\55555555555555\test\saier-a600n-2260-usa4g-aal-bg95-ui-v1.0-6\SYSINT.c"
 164  0003  B151 0001   	lset [337].2
 165  0005              #line 165 "k:\55555555555555\test\saier-a600n-2260-usa4g-aal-bg95-ui-v1.0-6\SYSINT.c"
 165  0005  0F80        	mov a,128
 165  0006  00B0        	mov [48],a
 166  0007              #line 166 "k:\55555555555555\test\saier-a600n-2260-usa4g-aal-bg95-ui-v1.0-6\SYSINT.c"
 166  0007  0FEF        	mov a,239
 166  0008  00B1        	mov [49],a
 167  0009              #line 167 "k:\55555555555555\test\saier-a600n-2260-usa4g-aal-bg95-ui-v1.0-6\SYSINT.c"
 167  0009  3131        	set [49].2
 169  000A              #line 169 "k:\55555555555555\test\saier-a600n-2260-usa4g-aal-bg95-ui-v1.0-6\SYSINT.c"
 169  000A  0F33        	mov a,51
 169  000B  00B3        	mov [51],a
 173  000C              #line 173 "k:\55555555555555\test\saier-a600n-2260-usa4g-aal-bg95-ui-v1.0-6\SYSINT.c"
 173  000C  3122        	set [34].2
 173  000D  0003        	ret
 173  000E              _Uart_Init endp
 173  000E              #line 173 "k:\55555555555555\test\saier-a600n-2260-usa4g-aal-bg95-ui-v1.0-6\SYSINT.c"
 173  000E              #pragma debug scope 1 1
 173  000E              ___scfc0 equ [103]
 173  000E              ___scfc1 equ [104]
 173  000E              ___scfckd equ [105]
 173  000E              ___pgac3 equ [102]
 173  000E              public _INT_OP
 173  000E              #pragma debug scope 10 1
 177  000E              #line 177 "k:\55555555555555\test\saier-a600n-2260-usa4g-aal-bg95-ui-v1.0-6\SYSINT.c"
 177  0000              _INT_OP .section 'code'
 177  0000              _INT_OP proc
 178  0000              #line 178 "k:\55555555555555\test\saier-a600n-2260-usa4g-aal-bg95-ui-v1.0-6\SYSINT.c"
 178  0000  0F0A        	mov a,10
 178  0001  00E7        	mov [103],a
 179  0002              #line 179 "k:\55555555555555\test\saier-a600n-2260-usa4g-aal-bg95-ui-v1.0-6\SYSINT.c"
 179  0002  0F5C        	mov a,92
 179  0003  00E8        	mov [104],a
 180  0004              #line 180 "k:\55555555555555\test\saier-a600n-2260-usa4g-aal-bg95-ui-v1.0-6\SYSINT.c"
 180  0004  0F15        	mov a,21
 180  0005  00E9        	mov [105],a
 181  0006              #line 181 "k:\55555555555555\test\saier-a600n-2260-usa4g-aal-bg95-ui-v1.0-6\SYSINT.c"
 181  0006  0FCE        	mov a,206
 181  0007  00E6        	mov [102],a
 181  0008  0003        	ret
 181  0009              _INT_OP endp
 181  0009              #line 181 "k:\55555555555555\test\saier-a600n-2260-usa4g-aal-bg95-ui-v1.0-6\SYSINT.c"
 181  0009              #pragma debug scope 1 1
 181  0009              ___sadc0 equ [109]
 181  0009              ___sadc1 equ [110]
 181  0009              public _INT_AD
 181  0009              #pragma debug scope 11 1
 196  0009              #line 196 "k:\55555555555555\test\saier-a600n-2260-usa4g-aal-bg95-ui-v1.0-6\SYSINT.c"
 196  0000              _INT_AD .section 'code'
 196  0000              _INT_AD proc
 197  0000              #line 197 "k:\55555555555555\test\saier-a600n-2260-usa4g-aal-bg95-ui-v1.0-6\SYSINT.c"
 197  0000  0F3F        	mov a,63
 197  0001  00ED        	mov [109],a
 198  0002              #line 198 "k:\55555555555555\test\saier-a600n-2260-usa4g-aal-bg95-ui-v1.0-6\SYSINT.c"
 198  0002  0FEB        	mov a,235
 198  0003  00EE        	mov [110],a
文件：SYSINT.c     编译器版本 HGASM 0202 页次10

 198  0004  0003        	ret
 198  0005              _INT_AD endp
 198  0005              #line 198 "k:\55555555555555\test\saier-a600n-2260-usa4g-aal-bg95-ui-v1.0-6\SYSINT.c"
 198  0005              #pragma debug scope 1 1
 198  0005              ___intc1 equ [33]
 198  0005              ___mfi1 equ [28]
 198  0005              public _INT_INTP
 198  0005              #pragma debug scope 12 1
 202  0005              #line 202 "k:\55555555555555\test\saier-a600n-2260-usa4g-aal-bg95-ui-v1.0-6\SYSINT.c"
 202  0000              _INT_INTP .section 'code'
 202  0000              _INT_INTP proc
 203  0000              #line 203 "k:\55555555555555\test\saier-a600n-2260-usa4g-aal-bg95-ui-v1.0-6\SYSINT.c"
 203  0000  30A1        	set [33].1
 204  0001              #line 204 "k:\55555555555555\test\saier-a600n-2260-usa4g-aal-bg95-ui-v1.0-6\SYSINT.c"
 204  0001  309C        	set [28].1
 205  0002              #line 205 "k:\55555555555555\test\saier-a600n-2260-usa4g-aal-bg95-ui-v1.0-6\SYSINT.c"
 205  0002  319C        	set [28].3
 207  0003              #line 207 "k:\55555555555555\test\saier-a600n-2260-usa4g-aal-bg95-ui-v1.0-6\SYSINT.c"
 207  0003  B1A8 0001   	lset [296].3
 208  0005              #line 208 "k:\55555555555555\test\saier-a600n-2260-usa4g-aal-bg95-ui-v1.0-6\SYSINT.c"
 208  0005  30A1        	set [33].1
 208  0006  0003        	ret
 208  0007              _INT_INTP endp
 208  0007              #line 208 "k:\55555555555555\test\saier-a600n-2260-usa4g-aal-bg95-ui-v1.0-6\SYSINT.c"
 208  0007              #pragma debug scope 1 1
 208  0007              public _SBR_INI_TIMEBASE
 208  0007              #pragma debug scope 13 1
 222  0007              #line 222 "k:\55555555555555\test\saier-a600n-2260-usa4g-aal-bg95-ui-v1.0-6\SYSINT.c"
 222  0000              _SBR_INI_TIMEBASE .section 'code'
 222  0000              _SBR_INI_TIMEBASE proc
 223  0000              #line 223 "k:\55555555555555\test\saier-a600n-2260-usa4g-aal-bg95-ui-v1.0-6\SYSINT.c"
 223  0000  3022        	set [34].0
 224  0001              #line 224 "k:\55555555555555\test\saier-a600n-2260-usa4g-aal-bg95-ui-v1.0-6\SYSINT.c"
 224  0001  30A2        	set [34].1
 225  0002              #line 225 "k:\55555555555555\test\saier-a600n-2260-usa4g-aal-bg95-ui-v1.0-6\SYSINT.c"
 225  0002  33AD        	set [45].7
 226  0003              #line 226 "k:\55555555555555\test\saier-a600n-2260-usa4g-aal-bg95-ui-v1.0-6\SYSINT.c"
 226  0003  33AE        	set [46].7
 230  0004              #line 230 "k:\55555555555555\test\saier-a600n-2260-usa4g-aal-bg95-ui-v1.0-6\SYSINT.c"
 230  0004  3622        	clr [34].4
 231  0005              #line 231 "k:\55555555555555\test\saier-a600n-2260-usa4g-aal-bg95-ui-v1.0-6\SYSINT.c"
 231  0005  36A2        	clr [34].5
 232  0006              #line 232 "k:\55555555555555\test\saier-a600n-2260-usa4g-aal-bg95-ui-v1.0-6\SYSINT.c"
 232  0006              ;# 232 "k:\55555555555555\test\saier-a600n-2260-usa4g-aal-bg95-ui-v1.0-6\SYSINT.c" 1
 232  0006  0000        	nop
 233  0007              #line 233 "k:\55555555555555\test\saier-a600n-2260-usa4g-aal-bg95-ui-v1.0-6\SYSINT.c"
 233  0007  3020        	set [32].0
 233  0008  0003        	ret
 233  0009              _SBR_INI_TIMEBASE endp
 233  0009              #line 233 "k:\55555555555555\test\saier-a600n-2260-usa4g-aal-bg95-ui-v1.0-6\SYSINT.c"
 233  0009              #pragma debug scope 1 1
 233  0009              _P1_ad equ [752]
 233  0009              ___pgac0 equ [99]
 233  0009              ___pgac1 equ [100]
 233  0009              ___pgac2 equ [101]
 233  0009              _pres_ad_300 equ [992]
 233  0009              _pres_ad_0 equ [998]
 233  0009              _BAS_L1 equ [989]
 233  0009              _pres_ad_200 equ [994]
 233  0009              _pres_ad_100 equ [996]
文件：SYSINT.c     编译器版本 HGASM 0202 页次11

 233  0009              public _INT_OP1
 233  0009              #pragma debug scope 14 1
 238  0009              #line 238 "k:\55555555555555\test\saier-a600n-2260-usa4g-aal-bg95-ui-v1.0-6\SYSINT.c"
 238  0000              _INT_OP1 .section 'code'
 238  0000              _INT_OP1 proc
 238  0000  0004[           local _INT_OP1_2 db 4 dup(?)	; 0,4
            00
            ]
 238  0004              #pragma debug variable 8 14 _INT_OP1_2+0 "i"
 238  0000  0F08        	mov a,8
 238  0001  0080     R  	mov _INT_OP1_2[1],a
 240  0002              #line 240 "k:\55555555555555\test\saier-a600n-2260-usa4g-aal-bg95-ui-v1.0-6\SYSINT.c"
 240  0002  1F00     R  	clr _INT_OP1_2[0]
 240  0003              _L21:
 242  0003              #line 242 "k:\55555555555555\test\saier-a600n-2260-usa4g-aal-bg95-ui-v1.0-6\SYSINT.c"
 242  0003  0700     R  	mov a,_INT_OP1_2[0]
 242  0004  0080     R  	mov _INT_OP1_2[2],a
 242  0005  1F00     R  	clr _INT_OP1_2[3]
 242  0006  0700     R  	mov a,_INT_OP1_2[0]
 242  0007              	fcall _SBR_EEPROM_READDATA
 242  000E  0080     E  	mov rb,a
 242  000F  1F00     E  	clr rc
 242  0010  340A        	clr c
 242  0011  1A00     R  	rlca _INT_OP1_2[2]
 242  0012  0080     E  	mov rd,a
 242  0013  1A00     R  	rlca _INT_OP1_2[3]
 242  0014  0080     E  	mov re,a
 242  0015  0FF0        	mov a,low offset _P1_ad
 242  0016  0300     E  	add a,rd
 242  0017  0083        	mov mp,a
 242  0018  0F02        	mov a,high offset _P1_ad
 242  0019  1300     E  	adc a,re
 242  001A  0084        	mov sbp,a
 242  001B  0700     E  	mov a,rb
 242  001C  0082        	mov ir,a
 242  001D  1483        	inc mp
 242  001E  0700     E  	mov a,rc
 242  001F  0082        	mov ir,a
 240  0020              #line 240 "k:\55555555555555\test\saier-a600n-2260-usa4g-aal-bg95-ui-v1.0-6\SYSINT.c"
 240  0020  1480     R  	inc _INT_OP1_2[0]
 240  0021  1780     R  	sdz _INT_OP1_2[1]
 240  0022  2800     R  	jmp _L21
 244  0023              #line 244 "k:\55555555555555\test\saier-a600n-2260-usa4g-aal-bg95-ui-v1.0-6\SYSINT.c"
 244  0023  C770 0002   	lmov a,[752]
 244  0025  0080     E  	mov rb,a
 244  0026  C771 0002   	lmov a,[753]
 244  0028  0080     E  	mov rc,a
 244  0029  0700     E  	mov a,rb
 244  002A  00E3        	mov [99],a
 245  002B              #line 245 "k:\55555555555555\test\saier-a600n-2260-usa4g-aal-bg95-ui-v1.0-6\SYSINT.c"
 245  002B  33E6        	set [102].7
 246  002C              #line 246 "k:\55555555555555\test\saier-a600n-2260-usa4g-aal-bg95-ui-v1.0-6\SYSINT.c"
 246  002C  C772 0002   	lmov a,[754]
 246  002E  0080     E  	mov rb,a
 246  002F  C773 0002   	lmov a,[755]
 246  0031  0080     E  	mov rc,a
 246  0032  0700     E  	mov a,rb
 246  0033  00E4        	mov [100],a
 247  0034              #line 247 "k:\55555555555555\test\saier-a600n-2260-usa4g-aal-bg95-ui-v1.0-6\SYSINT.c"
 247  0034  C774 0002   	lmov a,[756]
文件：SYSINT.c     编译器版本 HGASM 0202 页次12

 247  0036  0080     E  	mov rb,a
 247  0037  C775 0002   	lmov a,[757]
 247  0039  0080     E  	mov rc,a
 247  003A  0700     E  	mov a,rb
 247  003B  00E5        	mov [101],a
 248  003C              #line 248 "k:\55555555555555\test\saier-a600n-2260-usa4g-aal-bg95-ui-v1.0-6\SYSINT.c"
 248  003C  C776 0002   	lmov a,[758]
 248  003E  C0E1 0003   	lmov [993],a
 248  0040  DF60 0003   	lclr [992]
 249  0042              #line 249 "k:\55555555555555\test\saier-a600n-2260-usa4g-aal-bg95-ui-v1.0-6\SYSINT.c"
 249  0042  C778 0002   	lmov a,[760]
 249  0044  C360 0003   	ladd a,[992]
 249  0046  0080     E  	mov rb,a
 249  0047  C779 0002   	lmov a,[761]
 249  0049  D361 0003   	ladc a,[993]
 249  004B  0080     E  	mov rc,a
 249  004C  0F03        	mov a,3
 249  004D  0300     E  	add a,rb
 249  004E  C0E0 0003   	lmov [992],a
 249  0050  0F00        	mov a,0
 249  0051  1300     E  	adc a,rc
 249  0052  C0E1 0003   	lmov [993],a
 250  0054              #line 250 "k:\55555555555555\test\saier-a600n-2260-usa4g-aal-bg95-ui-v1.0-6\SYSINT.c"
 250  0054  C77A 0002   	lmov a,[762]
 250  0056  C0E7 0003   	lmov [999],a
 250  0058  DF66 0003   	lclr [998]
 251  005A              #line 251 "k:\55555555555555\test\saier-a600n-2260-usa4g-aal-bg95-ui-v1.0-6\SYSINT.c"
 251  005A  C77C 0002   	lmov a,[764]
 251  005C  C3E6 0003   	laddm a,[998]
 251  005E  C77D 0002   	lmov a,[765]
 251  0060  D3E7 0003   	ladcm a,[999]
 252  0062              #line 252 "k:\55555555555555\test\saier-a600n-2260-usa4g-aal-bg95-ui-v1.0-6\SYSINT.c"
 252  0062  C77E 0002   	lmov a,[766]
 252  0064  0080     E  	mov rb,a
 252  0065  C77F 0002   	lmov a,[767]
 252  0067  0080     E  	mov rc,a
 252  0068  0700     E  	mov a,rb
 252  0069  C0DD 0003   	lmov [989],a
 253  006B              #line 253 "k:\55555555555555\test\saier-a600n-2260-usa4g-aal-bg95-ui-v1.0-6\SYSINT.c"
 253  006B  C760 0003   	lmov a,[992]
 253  006D  C266 0003   	lsub a,[998]
 253  006F  0080     E  	mov rd,a
 253  0070  C761 0003   	lmov a,[993]
 253  0072  D267 0003   	lsbc a,[999]
 253  0074  0080     E  	mov re,a
 253  0075  1F00     E  	clr _builtin_holtek_udivmodhi4_2[6]
 253  0076  0700     E  	mov a,rd  
 253  0077  0080     E  	mov _builtin_holtek_udivmodhi4_2[0],a  
 253  0078  0700     E  	mov a,re  
 253  0079  0080     E  	mov _builtin_holtek_udivmodhi4_2[1],a
 253  007A  0F03        	mov a,3  
 253  007B  0080     E  	mov _builtin_holtek_udivmodhi4_2[2],a  
 253  007C  1F00     E  	clr _builtin_holtek_udivmodhi4_2[3]
 253  007D              	fcall _builtin_holtek_udivmodhi4
 253  0084  0700     E  	mov a,_builtin_holtek_udivmodhi4_2[0]  
 253  0085  C0E2 0003   	lmov [994],a  
 253  0087  0700     E  	mov a,_builtin_holtek_udivmodhi4_2[1]  
 253  0088  C0E3 0003   	lmov [995],a
 254  008A              #line 254 "k:\55555555555555\test\saier-a600n-2260-usa4g-aal-bg95-ui-v1.0-6\SYSINT.c"
 254  008A  C766 0003   	lmov a,[998]
文件：SYSINT.c     编译器版本 HGASM 0202 页次13

 254  008C  C362 0003   	ladd a,[994]
 254  008E  C0E4 0003   	lmov [996],a
 254  0090  C767 0003   	lmov a,[999]
 254  0092  D363 0003   	ladc a,[995]
 254  0094  C0E5 0003   	lmov [997],a
 255  0096              #line 255 "k:\55555555555555\test\saier-a600n-2260-usa4g-aal-bg95-ui-v1.0-6\SYSINT.c"
 255  0096  C764 0003   	lmov a,[996]
 255  0098  C3E2 0003   	laddm a,[994]
 255  009A  C765 0003   	lmov a,[997]
 255  009C  D3E3 0003   	ladcm a,[995]
 255  009E  0003        	ret
 255  009F              _INT_OP1 endp
 255  009F              #line 255 "k:\55555555555555\test\saier-a600n-2260-usa4g-aal-bg95-ui-v1.0-6\SYSINT.c"
 255  009F              #pragma debug scope 1 1
 255  009F              _COUNT1_XIA equ [980]
 255  009F              _po1 equ [984]
 255  009F              _max616 equ [983]
 255  009F              _max816 equ [982]
 255  009F              _Over300 equ [986]
 255  009F              _WAVE_count equ [965]
 255  009F              _PLSFTM equ [916]
 255  009F              _PLSCNT equ [963]
 255  009F              _PLSFTM0 equ [1022]
 255  009F              _DASP1 equ [969]
 255  009F              _M1_PH equ [972]
 255  009F              _M1_PL equ [973]
 255  009F              _M1_PRE equ [971]
 255  009F              _MAX_WAVE equ [964]
 255  009F              _OLD_M1_PH equ [975]
 255  009F              _OLD_M1_PL equ [974]
 255  009F              _OLD_PRE equ [970]
 255  009F              _MAXIHB equ [1021]
 255  009F              _MINIHB equ [1020]
 255  009F              _IHB_COUNT equ [1019]
 255  009F              _counter2ms equ [987]
 255  009F              public _Init_val
 255  009F              #pragma debug scope 15 1
 264  009F              #line 264 "k:\55555555555555\test\saier-a600n-2260-usa4g-aal-bg95-ui-v1.0-6\SYSINT.c"
 264  0000              _Init_val .section 'code'
 264  0000              _Init_val proc
 265  0000              #line 265 "k:\55555555555555\test\saier-a600n-2260-usa4g-aal-bg95-ui-v1.0-6\SYSINT.c"
 265  0000  1F00     E  	clr _ERFLAG[0]
 266  0001              #line 266 "k:\55555555555555\test\saier-a600n-2260-usa4g-aal-bg95-ui-v1.0-6\SYSINT.c"
 266  0001  DF54 0003   	lclr [980]
 267  0003              #line 267 "k:\55555555555555\test\saier-a600n-2260-usa4g-aal-bg95-ui-v1.0-6\SYSINT.c"
 267  0003  DF58 0003   	lclr [984]
 268  0005              #line 268 "k:\55555555555555\test\saier-a600n-2260-usa4g-aal-bg95-ui-v1.0-6\SYSINT.c"
 268  0005  DF57 0003   	lclr [983]
 269  0007              #line 269 "k:\55555555555555\test\saier-a600n-2260-usa4g-aal-bg95-ui-v1.0-6\SYSINT.c"
 269  0007  DF56 0003   	lclr [982]
 270  0009              #line 270 "k:\55555555555555\test\saier-a600n-2260-usa4g-aal-bg95-ui-v1.0-6\SYSINT.c"
 270  0009  DF5A 0003   	lclr [986]
 271  000B              #line 271 "k:\55555555555555\test\saier-a600n-2260-usa4g-aal-bg95-ui-v1.0-6\SYSINT.c"
 271  000B  DF45 0003   	lclr [965]
 272  000D              #line 272 "k:\55555555555555\test\saier-a600n-2260-usa4g-aal-bg95-ui-v1.0-6\SYSINT.c"
 272  000D  DF14 0003   	lclr [916]
 272  000F  DF15 0003   	lclr [917]
 273  0011              #line 273 "k:\55555555555555\test\saier-a600n-2260-usa4g-aal-bg95-ui-v1.0-6\SYSINT.c"
 273  0011  DF43 0003   	lclr [963]
 274  0013              #line 274 "k:\55555555555555\test\saier-a600n-2260-usa4g-aal-bg95-ui-v1.0-6\SYSINT.c"
文件：SYSINT.c     编译器版本 HGASM 0202 页次14

 274  0013  DF7E 0003   	lclr [1022]
 275  0015              #line 275 "k:\55555555555555\test\saier-a600n-2260-usa4g-aal-bg95-ui-v1.0-6\SYSINT.c"
 275  0015  DF49 0003   	lclr [969]
 276  0017              #line 276 "k:\55555555555555\test\saier-a600n-2260-usa4g-aal-bg95-ui-v1.0-6\SYSINT.c"
 276  0017  1F00     E  	clr _R2FLAG[0]
 277  0018              #line 277 "k:\55555555555555\test\saier-a600n-2260-usa4g-aal-bg95-ui-v1.0-6\SYSINT.c"
 277  0018  DF4C 0003   	lclr [972]
 278  001A              #line 278 "k:\55555555555555\test\saier-a600n-2260-usa4g-aal-bg95-ui-v1.0-6\SYSINT.c"
 278  001A  DF4D 0003   	lclr [973]
 279  001C              #line 279 "k:\55555555555555\test\saier-a600n-2260-usa4g-aal-bg95-ui-v1.0-6\SYSINT.c"
 279  001C  DF4B 0003   	lclr [971]
 280  001E              #line 280 "k:\55555555555555\test\saier-a600n-2260-usa4g-aal-bg95-ui-v1.0-6\SYSINT.c"
 280  001E  DF44 0003   	lclr [964]
 281  0020              #line 281 "k:\55555555555555\test\saier-a600n-2260-usa4g-aal-bg95-ui-v1.0-6\SYSINT.c"
 281  0020  DF4F 0003   	lclr [975]
 282  0022              #line 282 "k:\55555555555555\test\saier-a600n-2260-usa4g-aal-bg95-ui-v1.0-6\SYSINT.c"
 282  0022  DF4E 0003   	lclr [974]
 283  0024              #line 283 "k:\55555555555555\test\saier-a600n-2260-usa4g-aal-bg95-ui-v1.0-6\SYSINT.c"
 283  0024  DF4A 0003   	lclr [970]
 284  0026              #line 284 "k:\55555555555555\test\saier-a600n-2260-usa4g-aal-bg95-ui-v1.0-6\SYSINT.c"
 284  0026  DF7D 0003   	lclr [1021]
 285  0028              #line 285 "k:\55555555555555\test\saier-a600n-2260-usa4g-aal-bg95-ui-v1.0-6\SYSINT.c"
 285  0028  DFFC 0003   	lset [1020]
 286  002A              #line 286 "k:\55555555555555\test\saier-a600n-2260-usa4g-aal-bg95-ui-v1.0-6\SYSINT.c"
 286  002A  DF7B 0003   	lclr [1019]
 287  002C              #line 287 "k:\55555555555555\test\saier-a600n-2260-usa4g-aal-bg95-ui-v1.0-6\SYSINT.c"
 287  002C  DF5B 0003   	lclr [987]
 288  002E              #line 288 "k:\55555555555555\test\saier-a600n-2260-usa4g-aal-bg95-ui-v1.0-6\SYSINT.c"
 288  002E  3400     E  	clr _gu8v_uart_flag[0].5
 288  002F  0003        	ret
 288  0030              _Init_val endp
 288  0030              #line 288 "k:\55555555555555\test\saier-a600n-2260-usa4g-aal-bg95-ui-v1.0-6\SYSINT.c"
 288  0030              #pragma debug scope 1 1
 288  0030              public _delay_ms
 288  0030              #pragma debug scope 16 1
 298  0030              #line 298 "k:\55555555555555\test\saier-a600n-2260-usa4g-aal-bg95-ui-v1.0-6\SYSINT.c"
 298  0000              _delay_ms .section 'code'
 298  0000              _delay_ms proc
 298  0000              public _delay_ms_2
 298  0000  0005[           local _delay_ms_2 db 5 dup(?)	; 2,3
            00
            ]
 298  0005              #pragma debug variable 10 16 _delay_ms_2+0 "cnt"
 298  0005              #pragma debug variable 10 16 _delay_ms_2+2 "i"
 298  0005              #pragma debug variable 8 16 _delay_ms_2+4 "j"
 301  0005              #line 301 "k:\55555555555555\test\saier-a600n-2260-usa4g-aal-bg95-ui-v1.0-6\SYSINT.c"
 301  0000  0700     R  	mov a,_delay_ms_2[0]
 301  0001  0080     R  	mov _delay_ms_2[2],a
 301  0002  0700     R  	mov a,_delay_ms_2[1]
 301  0003  0080     R  	mov _delay_ms_2[3],a
 301  0004  2800     R  	jmp _L24
 301  0005              _L27:
 303  0005              #line 303 "k:\55555555555555\test\saier-a600n-2260-usa4g-aal-bg95-ui-v1.0-6\SYSINT.c"
 303  0005              ;# 303 "k:\55555555555555\test\saier-a600n-2260-usa4g-aal-bg95-ui-v1.0-6\SYSINT.c" 1
 303  0005  0001        	clr wdt1
 304  0006              #line 304 "k:\55555555555555\test\saier-a600n-2260-usa4g-aal-bg95-ui-v1.0-6\SYSINT.c"
 304  0006              ;# 304 "k:\55555555555555\test\saier-a600n-2260-usa4g-aal-bg95-ui-v1.0-6\SYSINT.c" 1
 304  0006  0005        	clr wdt2
 305  0007              #line 305 "k:\55555555555555\test\saier-a600n-2260-usa4g-aal-bg95-ui-v1.0-6\SYSINT.c"
 305  0007  1F00     R  	clr _delay_ms_2[4]
文件：SYSINT.c     编译器版本 HGASM 0202 页次15

 305  0008              _L25:
 305  0008  0F8B        	mov a,139
 305  0009  0200     R  	sub a,_delay_ms_2[4]
 305  000A  380A        	snz c
 305  000B  2800     R  	jmp _L28
 307  000C              #line 307 "k:\55555555555555\test\saier-a600n-2260-usa4g-aal-bg95-ui-v1.0-6\SYSINT.c"
 307  000C              ;# 307 "k:\55555555555555\test\saier-a600n-2260-usa4g-aal-bg95-ui-v1.0-6\SYSINT.c" 1
 307  000C  0000        	nop
 305  000D              #line 305 "k:\55555555555555\test\saier-a600n-2260-usa4g-aal-bg95-ui-v1.0-6\SYSINT.c"
 305  000D  1480     R  	inc _delay_ms_2[4]
 305  000E  2800     R  	jmp _L25
 305  000F              _L28:
 301  000F              #line 301 "k:\55555555555555\test\saier-a600n-2260-usa4g-aal-bg95-ui-v1.0-6\SYSINT.c"
 301  000F  0FFF        	mov a,255
 301  0010  0380     R  	addm a,_delay_ms_2[2]
 301  0011  0FFF        	mov a,255
 301  0012  1380     R  	adcm a,_delay_ms_2[3]
 301  0013              _L24:
 301  0013  0700     R  	mov a,_delay_ms_2[2]
 301  0014  0500     R  	or a,_delay_ms_2[3]
 301  0015  390A        	snz z
 301  0016  2800     R  	jmp _L27
 301  0017  0003        	ret
 301  0018              _delay_ms endp
 301  0018              #line 301 "k:\55555555555555\test\saier-a600n-2260-usa4g-aal-bg95-ui-v1.0-6\SYSINT.c"
 301  0018              #pragma debug scope 1 1
 301  0018              public _Delay_ms
 301  0018              #pragma debug scope 17 1
 318  0018              #line 318 "k:\55555555555555\test\saier-a600n-2260-usa4g-aal-bg95-ui-v1.0-6\SYSINT.c"
 318  0000              _Delay_ms .section 'code'
 318  0000              _Delay_ms proc
 318  0000              public _Delay_ms_2
 318  0000  0005[           local _Delay_ms_2 db 5 dup(?)	; 2,3
            00
            ]
 318  0005              #pragma debug variable 10 17 _Delay_ms_2+0 "cnt"
 318  0005              #pragma debug variable 10 17 _Delay_ms_2+2 "i"
 318  0005              #pragma debug variable 8 17 _Delay_ms_2+4 "j"
 321  0005              #line 321 "k:\55555555555555\test\saier-a600n-2260-usa4g-aal-bg95-ui-v1.0-6\SYSINT.c"
 321  0000  0700     R  	mov a,_Delay_ms_2[0]
 321  0001  0080     R  	mov _Delay_ms_2[2],a
 321  0002  0700     R  	mov a,_Delay_ms_2[1]
 321  0003  0080     R  	mov _Delay_ms_2[3],a
 321  0004  2800     R  	jmp _L30
 321  0005              _L33:
 323  0005              #line 323 "k:\55555555555555\test\saier-a600n-2260-usa4g-aal-bg95-ui-v1.0-6\SYSINT.c"
 323  0005              ;# 323 "k:\55555555555555\test\saier-a600n-2260-usa4g-aal-bg95-ui-v1.0-6\SYSINT.c" 1
 323  0005  0001        	clr wdt1
 324  0006              #line 324 "k:\55555555555555\test\saier-a600n-2260-usa4g-aal-bg95-ui-v1.0-6\SYSINT.c"
 324  0006              ;# 324 "k:\55555555555555\test\saier-a600n-2260-usa4g-aal-bg95-ui-v1.0-6\SYSINT.c" 1
 324  0006  0005        	clr wdt2
 325  0007              #line 325 "k:\55555555555555\test\saier-a600n-2260-usa4g-aal-bg95-ui-v1.0-6\SYSINT.c"
 325  0007  1F00     R  	clr _Delay_ms_2[4]
 325  0008              _L31:
 325  0008  0F0D        	mov a,13
 325  0009  0200     R  	sub a,_Delay_ms_2[4]
 325  000A  380A        	snz c
 325  000B  2800     R  	jmp _L34
 325  000C  1480     R  	inc _Delay_ms_2[4]
 325  000D  2800     R  	jmp _L31
文件：SYSINT.c     编译器版本 HGASM 0202 页次16

 325  000E              _L34:
 321  000E              #line 321 "k:\55555555555555\test\saier-a600n-2260-usa4g-aal-bg95-ui-v1.0-6\SYSINT.c"
 321  000E  0FFF        	mov a,255
 321  000F  0380     R  	addm a,_Delay_ms_2[2]
 321  0010  0FFF        	mov a,255
 321  0011  1380     R  	adcm a,_Delay_ms_2[3]
 321  0012              _L30:
 321  0012  0700     R  	mov a,_Delay_ms_2[2]
 321  0013  0500     R  	or a,_Delay_ms_2[3]
 321  0014  390A        	snz z
 321  0015  2800     R  	jmp _L33
 321  0016  0003        	ret
 321  0017              _Delay_ms endp
 321  0017              #line 321 "k:\55555555555555\test\saier-a600n-2260-usa4g-aal-bg95-ui-v1.0-6\SYSINT.c"
 321  0017              #pragma debug scope 1 1
 321  0017              #pragma debug variable 8 1 ___mp1l "__mp1l" 1
 321  0017              #pragma debug variable 8 1 ___mp1h "__mp1h" 1
 321  0017              #pragma debug variable 8 1 ___tblp "__tblp" 1
 321  0017              #pragma debug struct_end
 321  0017              #pragma debug struct_end
 321  0017              #pragma debug union_end
 321  0017              #pragma debug union_end
 321  0017              #pragma debug variable 43 1 ___scc "__scc" 1
 321  0017              #pragma debug struct_end
 321  0017              #pragma debug struct_end
 321  0017              #pragma debug union_end
 321  0017              #pragma debug union_end
 321  0017              #pragma debug variable 45 1 ___hircc "__hircc" 1
 321  0017              #pragma debug struct_end
 321  0017              #pragma debug struct_end
 321  0017              #pragma debug union_end
 321  0017              #pragma debug union_end
 321  0017              #pragma debug variable 47 1 ___hxtc "__hxtc" 1
 321  0017              #pragma debug struct_end
 321  0017              #pragma debug struct_end
 321  0017              #pragma debug union_end
 321  0017              #pragma debug union_end
 321  0017              #pragma debug variable 49 1 ___lxtc "__lxtc" 1
 321  0017              #pragma debug struct_end
 321  0017              #pragma debug struct_end
 321  0017              #pragma debug union_end
 321  0017              #pragma debug union_end
 321  0017              #pragma debug variable 51 1 ___pa "__pa" 1
 321  0017              #pragma debug struct_end
 321  0017              #pragma debug struct_end
 321  0017              #pragma debug union_end
 321  0017              #pragma debug union_end
 321  0017              #pragma debug variable 53 1 ___pac "__pac" 1
 321  0017              #pragma debug struct_end
 321  0017              #pragma debug struct_end
 321  0017              #pragma debug union_end
 321  0017              #pragma debug union_end
 321  0017              #pragma debug variable 55 1 ___papu "__papu" 1
 321  0017              #pragma debug struct_end
 321  0017              #pragma debug struct_end
 321  0017              #pragma debug union_end
 321  0017              #pragma debug union_end
 321  0017              #pragma debug variable 57 1 ___pawu "__pawu" 1
 321  0017              #pragma debug struct_end
 321  0017              #pragma debug struct_end
文件：SYSINT.c     编译器版本 HGASM 0202 页次17

 321  0017              #pragma debug union_end
 321  0017              #pragma debug union_end
 321  0017              #pragma debug variable 59 1 ___mfi1 "__mfi1" 1
 321  0017              #pragma debug struct_end
 321  0017              #pragma debug struct_end
 321  0017              #pragma debug union_end
 321  0017              #pragma debug union_end
 321  0017              #pragma debug variable 61 1 ___wdtc "__wdtc" 1
 321  0017              #pragma debug struct_end
 321  0017              #pragma debug struct_end
 321  0017              #pragma debug union_end
 321  0017              #pragma debug union_end
 321  0017              #pragma debug variable 63 1 ___integ "__integ" 1
 321  0017              #pragma debug struct_end
 321  0017              #pragma debug struct_end
 321  0017              #pragma debug union_end
 321  0017              #pragma debug union_end
 321  0017              #pragma debug variable 65 1 ___intc0 "__intc0" 1
 321  0017              #pragma debug struct_end
 321  0017              #pragma debug struct_end
 321  0017              #pragma debug union_end
 321  0017              #pragma debug union_end
 321  0017              #pragma debug variable 67 1 ___intc1 "__intc1" 1
 321  0017              #pragma debug struct_end
 321  0017              #pragma debug struct_end
 321  0017              #pragma debug union_end
 321  0017              #pragma debug union_end
 321  0017              #pragma debug variable 69 1 ___intc2 "__intc2" 1
 321  0017              #pragma debug struct_end
 321  0017              #pragma debug struct_end
 321  0017              #pragma debug union_end
 321  0017              #pragma debug union_end
 321  0017              #pragma debug variable 71 1 ___pb "__pb" 1
 321  0017              #pragma debug struct_end
 321  0017              #pragma debug struct_end
 321  0017              #pragma debug union_end
 321  0017              #pragma debug union_end
 321  0017              #pragma debug variable 73 1 ___pbc "__pbc" 1
 321  0017              #pragma debug struct_end
 321  0017              #pragma debug struct_end
 321  0017              #pragma debug union_end
 321  0017              #pragma debug union_end
 321  0017              #pragma debug variable 75 1 ___pbpu "__pbpu" 1
 321  0017              #pragma debug struct_end
 321  0017              #pragma debug struct_end
 321  0017              #pragma debug union_end
 321  0017              #pragma debug union_end
 321  0017              #pragma debug variable 77 1 ___pc "__pc" 1
 321  0017              #pragma debug struct_end
 321  0017              #pragma debug struct_end
 321  0017              #pragma debug union_end
 321  0017              #pragma debug union_end
 321  0017              #pragma debug variable 79 1 ___pcc "__pcc" 1
 321  0017              #pragma debug struct_end
 321  0017              #pragma debug struct_end
 321  0017              #pragma debug union_end
 321  0017              #pragma debug union_end
 321  0017              #pragma debug variable 81 1 ___pcpu "__pcpu" 1
 321  0017              #pragma debug struct_end
 321  0017              #pragma debug struct_end
文件：SYSINT.c     编译器版本 HGASM 0202 页次18

 321  0017              #pragma debug union_end
 321  0017              #pragma debug union_end
 321  0017              #pragma debug variable 83 1 ___pscr "__pscr" 1
 321  0017              #pragma debug struct_end
 321  0017              #pragma debug struct_end
 321  0017              #pragma debug union_end
 321  0017              #pragma debug union_end
 321  0017              #pragma debug variable 85 1 ___tb0c "__tb0c" 1
 321  0017              #pragma debug struct_end
 321  0017              #pragma debug struct_end
 321  0017              #pragma debug union_end
 321  0017              #pragma debug union_end
 321  0017              #pragma debug variable 87 1 ___tb1c "__tb1c" 1
 321  0017              #pragma debug struct_end
 321  0017              #pragma debug struct_end
 321  0017              #pragma debug union_end
 321  0017              #pragma debug union_end
 321  0017              #pragma debug variable 89 1 ___u0cr1 "__u0cr1" 1
 321  0017              #pragma debug struct_end
 321  0017              #pragma debug struct_end
 321  0017              #pragma debug union_end
 321  0017              #pragma debug union_end
 321  0017              #pragma debug variable 91 1 ___u0cr2 "__u0cr2" 1
 321  0017              #pragma debug struct_end
 321  0017              #pragma debug struct_end
 321  0017              #pragma debug union_end
 321  0017              #pragma debug union_end
 321  0017              #pragma debug variable 93 1 ___brg0 "__brg0" 1
 321  0017              #pragma debug struct_end
 321  0017              #pragma debug struct_end
 321  0017              #pragma debug union_end
 321  0017              #pragma debug union_end
 321  0017              #pragma debug variable 95 1 ___stmc0 "__stmc0" 1
 321  0017              #pragma debug struct_end
 321  0017              #pragma debug struct_end
 321  0017              #pragma debug union_end
 321  0017              #pragma debug union_end
 321  0017              #pragma debug variable 97 1 ___stmc1 "__stmc1" 1
 321  0017              #pragma debug variable 8 1 ___stmal "__stmal" 1
 321  0017              #pragma debug variable 8 1 ___stmah "__stmah" 1
 321  0017              #pragma debug variable 8 1 ___stmrp "__stmrp" 1
 321  0017              #pragma debug struct_end
 321  0017              #pragma debug struct_end
 321  0017              #pragma debug union_end
 321  0017              #pragma debug union_end
 321  0017              #pragma debug variable 99 1 ___regc "__regc" 1
 321  0017              #pragma debug struct_end
 321  0017              #pragma debug struct_end
 321  0017              #pragma debug union_end
 321  0017              #pragma debug union_end
 321  0017              #pragma debug variable 101 1 ___pgac0 "__pgac0" 1
 321  0017              #pragma debug struct_end
 321  0017              #pragma debug struct_end
 321  0017              #pragma debug union_end
 321  0017              #pragma debug union_end
 321  0017              #pragma debug variable 103 1 ___pgac1 "__pgac1" 1
 321  0017              #pragma debug struct_end
 321  0017              #pragma debug struct_end
 321  0017              #pragma debug union_end
 321  0017              #pragma debug union_end
文件：SYSINT.c     编译器版本 HGASM 0202 页次19

 321  0017              #pragma debug variable 105 1 ___pgac2 "__pgac2" 1
 321  0017              #pragma debug struct_end
 321  0017              #pragma debug struct_end
 321  0017              #pragma debug union_end
 321  0017              #pragma debug union_end
 321  0017              #pragma debug variable 107 1 ___pgac3 "__pgac3" 1
 321  0017              #pragma debug struct_end
 321  0017              #pragma debug struct_end
 321  0017              #pragma debug union_end
 321  0017              #pragma debug union_end
 321  0017              #pragma debug variable 109 1 ___scfc0 "__scfc0" 1
 321  0017              #pragma debug struct_end
 321  0017              #pragma debug struct_end
 321  0017              #pragma debug union_end
 321  0017              #pragma debug union_end
 321  0017              #pragma debug variable 111 1 ___scfc1 "__scfc1" 1
 321  0017              #pragma debug struct_end
 321  0017              #pragma debug struct_end
 321  0017              #pragma debug union_end
 321  0017              #pragma debug union_end
 321  0017              #pragma debug variable 113 1 ___scfckd "__scfckd" 1
 321  0017              #pragma debug struct_end
 321  0017              #pragma debug struct_end
 321  0017              #pragma debug union_end
 321  0017              #pragma debug union_end
 321  0017              #pragma debug variable 115 1 ___ccvrefc "__ccvrefc" 1
 321  0017              #pragma debug struct_end
 321  0017              #pragma debug struct_end
 321  0017              #pragma debug union_end
 321  0017              #pragma debug union_end
 321  0017              #pragma debug variable 117 1 ___sadc0 "__sadc0" 1
 321  0017              #pragma debug struct_end
 321  0017              #pragma debug struct_end
 321  0017              #pragma debug union_end
 321  0017              #pragma debug union_end
 321  0017              #pragma debug variable 119 1 ___sadc1 "__sadc1" 1
 321  0017              #pragma debug struct_end
 321  0017              #pragma debug struct_end
 321  0017              #pragma debug union_end
 321  0017              #pragma debug union_end
 321  0017              #pragma debug variable 121 1 ___lcdc0 "__lcdc0" 1
 321  0017              #pragma debug struct_end
 321  0017              #pragma debug struct_end
 321  0017              #pragma debug union_end
 321  0017              #pragma debug union_end
 321  0017              #pragma debug variable 123 1 ___lcdcp "__lcdcp" 1
 321  0017              #pragma debug struct_end
 321  0017              #pragma debug struct_end
 321  0017              #pragma debug union_end
 321  0017              #pragma debug union_end
 321  0017              #pragma debug variable 125 1 ___lcdc2 "__lcdc2" 1
 321  0017              #pragma debug struct_end
 321  0017              #pragma debug struct_end
 321  0017              #pragma debug union_end
 321  0017              #pragma debug union_end
 321  0017              #pragma debug variable 127 1 ___pd "__pd" 1
 321  0017              #pragma debug struct_end
 321  0017              #pragma debug struct_end
 321  0017              #pragma debug union_end
 321  0017              #pragma debug union_end
文件：SYSINT.c     编译器版本 HGASM 0202 页次20

 321  0017              #pragma debug variable 129 1 ___pdc "__pdc" 1
 321  0017              #pragma debug struct_end
 321  0017              #pragma debug struct_end
 321  0017              #pragma debug union_end
 321  0017              #pragma debug union_end
 321  0017              #pragma debug variable 131 1 ___pdpu "__pdpu" 1
 321  0017              #pragma debug struct_end
 321  0017              #pragma debug struct_end
 321  0017              #pragma debug union_end
 321  0017              #pragma debug union_end
 321  0017              #pragma debug variable 133 1 ___pe "__pe" 1
 321  0017              #pragma debug struct_end
 321  0017              #pragma debug struct_end
 321  0017              #pragma debug union_end
 321  0017              #pragma debug union_end
 321  0017              #pragma debug variable 135 1 ___pec "__pec" 1
 321  0017              #pragma debug struct_end
 321  0017              #pragma debug struct_end
 321  0017              #pragma debug union_end
 321  0017              #pragma debug union_end
 321  0017              #pragma debug variable 137 1 ___pepu "__pepu" 1
 321  0017              #pragma debug struct_end
 321  0017              #pragma debug struct_end
 321  0017              #pragma debug union_end
 321  0017              #pragma debug union_end
 321  0017              #pragma debug variable 139 1 ___ptm1c0 "__ptm1c0" 1
 321  0017              #pragma debug struct_end
 321  0017              #pragma debug struct_end
 321  0017              #pragma debug union_end
 321  0017              #pragma debug union_end
 321  0017              #pragma debug variable 141 1 ___ptm1c1 "__ptm1c1" 1
 321  0017              #pragma debug variable 8 1 ___ptm1al "__ptm1al" 1
 321  0017              #pragma debug variable 8 1 ___ptm1ah "__ptm1ah" 1
 321  0017              #pragma debug struct_end
 321  0017              #pragma debug struct_end
 321  0017              #pragma debug union_end
 321  0017              #pragma debug union_end
 321  0017              #pragma debug variable 143 1 ___ptm2c0 "__ptm2c0" 1
 321  0017              #pragma debug struct_end
 321  0017              #pragma debug struct_end
 321  0017              #pragma debug union_end
 321  0017              #pragma debug union_end
 321  0017              #pragma debug variable 145 1 ___ptm2c1 "__ptm2c1" 1
 321  0017              #pragma debug variable 8 1 ___ptm2al "__ptm2al" 1
 321  0017              #pragma debug variable 8 1 ___ptm2ah "__ptm2ah" 1
 321  0017              #pragma debug struct_end
 321  0017              #pragma debug struct_end
 321  0017              #pragma debug union_end
 321  0017              #pragma debug union_end
 321  0017              #pragma debug variable 147 1 ___ifs1 "__ifs1" 1
 321  0017              #pragma debug struct_end
 321  0017              #pragma debug struct_end
 321  0017              #pragma debug union_end
 321  0017              #pragma debug union_end
 321  0017              #pragma debug variable 149 1 ___pas0 "__pas0" 1
 321  0017              #pragma debug struct_end
 321  0017              #pragma debug struct_end
 321  0017              #pragma debug union_end
 321  0017              #pragma debug union_end
 321  0017              #pragma debug variable 151 1 ___pas1 "__pas1" 1
文件：SYSINT.c     编译器版本 HGASM 0202 页次21

 321  0017              #pragma debug struct_end
 321  0017              #pragma debug struct_end
 321  0017              #pragma debug union_end
 321  0017              #pragma debug union_end
 321  0017              #pragma debug variable 153 1 ___pbs0 "__pbs0" 1
 321  0017              #pragma debug struct_end
 321  0017              #pragma debug struct_end
 321  0017              #pragma debug union_end
 321  0017              #pragma debug union_end
 321  0017              #pragma debug variable 155 1 ___pcs0 "__pcs0" 1
 321  0017              #pragma debug struct_end
 321  0017              #pragma debug struct_end
 321  0017              #pragma debug union_end
 321  0017              #pragma debug union_end
 321  0017              #pragma debug variable 157 1 ___pcs1 "__pcs1" 1
 321  0017              #pragma debug struct_end
 321  0017              #pragma debug struct_end
 321  0017              #pragma debug union_end
 321  0017              #pragma debug union_end
 321  0017              #pragma debug variable 159 1 ___pds0 "__pds0" 1
 321  0017              #pragma debug struct_end
 321  0017              #pragma debug struct_end
 321  0017              #pragma debug union_end
 321  0017              #pragma debug union_end
 321  0017              #pragma debug variable 161 1 ___pds1 "__pds1" 1
 321  0017              #pragma debug struct_end
 321  0017              #pragma debug struct_end
 321  0017              #pragma debug union_end
 321  0017              #pragma debug union_end
 321  0017              #pragma debug variable 163 1 ___pes0 "__pes0" 1
 321  0017              #pragma debug struct_end
 321  0017              #pragma debug struct_end
 321  0017              #pragma debug union_end
 321  0017              #pragma debug union_end
 321  0017              #pragma debug variable 165 1 ___pes1 "__pes1" 1
 321  0017              #pragma debug variable 8 1 ___iar1 "__iar1" 1
 321  0017              #pragma debug variable 10 1 _PLSFTM "PLSFTM" 2
 321  0017              #pragma debug variable 8 1 _PLSFTM0 "PLSFTM0" 1
 321  0017              #pragma debug variable 8 1 _MAXIHB "MAXIHB" 1
 321  0017              #pragma debug variable 8 1 _MINIHB "MINIHB" 1
 321  0017              #pragma debug variable 8 1 _IHB_COUNT "IHB_COUNT" 1
 321  0017              #pragma debug variable 10 1 _pres_ad_0 "pres_ad_0" 2
 321  0017              #pragma debug variable 10 1 _pres_ad_100 "pres_ad_100" 2
 321  0017              #pragma debug variable 10 1 _pres_ad_200 "pres_ad_200" 2
 321  0017              #pragma debug variable 10 1 _pres_ad_300 "pres_ad_300" 2
 321  0017              #pragma debug variable 8 1 _BAS_L1 "BAS_L1" 1
 321  0017              #pragma debug variable 8 1 _counter2ms "counter2ms" 1
 321  0017              #pragma debug variable 8 1 _Over300 "Over300" 1
 321  0017              #pragma debug variable 8 1 _po1 "po1" 1
 321  0017              #pragma debug variable 8 1 _max616 "max616" 1
 321  0017              #pragma debug variable 8 1 _max816 "max816" 1
 321  0017              #pragma debug variable 8 1 _COUNT1_XIA "COUNT1_XIA" 1
 321  0017              #pragma debug variable 8 1 _OLD_M1_PH "OLD_M1_PH" 1
 321  0017              #pragma debug variable 8 1 _OLD_M1_PL "OLD_M1_PL" 1
 321  0017              #pragma debug variable 8 1 _M1_PL "M1_PL" 1
 321  0017              #pragma debug variable 8 1 _M1_PH "M1_PH" 1
 321  0017              #pragma debug variable 8 1 _M1_PRE "M1_PRE" 1
 321  0017              #pragma debug variable 8 1 _OLD_PRE "OLD_PRE" 1
 321  0017              #pragma debug variable 8 1 _DASP1 "DASP1" 1
 321  0017              #pragma debug variable 8 1 _WAVE_count "WAVE_count" 1
文件：SYSINT.c     编译器版本 HGASM 0202 页次22

 321  0017              #pragma debug variable 8 1 _MAX_WAVE "MAX_WAVE" 1
 321  0017              #pragma debug variable 8 1 _PLSCNT "PLSCNT" 1
 321  0017              #pragma debug array 166 12 8 1
 321  0017              #pragma debug array 166 12 8 1
 321  0017              #pragma debug variable 166 1 _P1_ad "P1_ad" 16
 321  0017              
 321  0017              ; output external variables
 321  0017              extern _gu8v_uart_flag:byte
 321  0017              extern _R2FLAG:byte
 321  0017              extern _ERFLAG:byte
 321  0017              extern _SBR_EEPROM_READDATA:near
 321  0017              extern _builtin_holtek_udivmodhi4_2:byte
 321  0017              extern _builtin_holtek_udivmodhi4:near
 321  0017              
 321  0017              ; 
 321  0017              ; Generated by holtek-gcc v3.19, Tue Jul 26 12:07:00 2022
 321  0017              ; Rebuild 718
 321  0017              ; end of file


        0 Errors, 0