文件：Variable.c   编译器版本 HGASM 0202 页次1


   1  0000              ; Generated by holtek-gcc v3.19, Tue Jul 26 12:07:01 2022
   2  0000              ; 
   3  0000              ; Configuration:
   4  0000              ;       with long instruction
   5  0000              ;       Multi-ROM, Multi-RAM
   6  0000              ;       bits_per_rom_unit:16
   7  0000              ;       with mp1
   8  0000              ;       with tbhp, address(0x9)
   9  0000              ;          Use tabrd-const
  10  0000              ;       
  11  0000              ; SFR address of long-instruction arch:
  12  0000              ;    mp0 = -1,1,0
  13  0000              ;    mp1 = 4,3,2
  14  0000              ;    mp2 = 14,13,12
  15  0000              ;    tbp = 9,7,8
  16  0000              ;    acc = 5
  17  0000              ;    pcl = 6
  18  0000              ;    status = 10
  19  0000              ;    bp = 11
  20  0000              ;    intc = 32
  21  0000              ;       
  22  0000              ;       
  23  0000              ; use 'tabrdc' instead of 'tabrd'
  24  0000              ;       
  25  0000              
  26  0000              #pragma translator "holtek-gcc 4.6.4" "3.19" "build 20130711"
  27  0000              ; Rebuild 718
  28  0000              
  29  0000              ir equ [2]
  30  0000              mp equ [3]
  31  0000              sbp equ [4]
  32  0000              acc equ [5]
  33  0000              bp equ [11]
  34  0000              tblp equ [7]
  35  0000              tbhp equ [9]
  36  0000              status equ [10]
  37  0000              c equ [10].0
  38  0000              ac equ [10].1
  39  0000              z equ [10].2
  40  0000              ov equ [10].3
  41  0000              cz equ [10].6
  42  0000              sc equ [10].7
  43  0000              intc equ [32]
  44  0000              
  45  0000              extern ra:byte
  46  0000              extern rb:byte
  47  0000              extern rc:byte
  48  0000              extern rd:byte
  49  0000              extern re:byte
  50  0000              extern rf:byte
  51  0000              extern rg:byte
  52  0000              extern rh:byte
  53  0000              extern _Crom2Prom:near
  54  0000              extern _Crom2PromNext:near
  55  0000              
  56  0000              RAMBANK 0 @BITDATASEC, @BITDATASEC1
  57  0000              @HCCINIT	.section 'data'
  58  0000              @HCCINIT0	.section 'data'
  59  0000              @BITDATASEC	 .section 'data'
文件：Variable.ASM 编译器版本 HGASM 0202 页次2

  60  0000              @BITDATASEC1	 .section 'data'
  61  0000              
  62  0000              #pragma debug scope 1 1
  63  0000              	extern __DELAY3:near
  64  0000              	extern __DELAYX3:near
  65  0000              	extern __DELAYX6:near
  66  0000              	extern __DELAYY5:near
  67  0000              	extern __DELAYY3:near
  68  0000              	extern _builtin_holtek_delay_2:byte

 159  0000              #line 159 "k:\55555555555555\test\saier-a600n-2260-usa4g-aal-bg95-ui-v1.0-6\Variable.c"
 159  0000              public _gu8v_uart_flag
 159  0000              @HCCINIT0_gu8v_uart_flag .section 'data'
 159  0000              _gu8v_uart_flag	db 0
 159  0001              #pragma debug struct_end
 159  0001              #pragma debug struct_end
 159  0001              #pragma debug union_end
 159  0001              #pragma debug union_end
 159  0001              #pragma debug variable 43 1 _gu8v_uart_flag "gu8v_uart_flag"
 159  0001              
 159  0000              @HCCINIT .section 'data'
 143  0000              #line 143 "k:\55555555555555\test\saier-a600n-2260-usa4g-aal-bg95-ui-v1.0-6\Variable.c"
 143  0000              public _R_IAP_TEMP
 143  0000              @HCCINIT0_R_IAP_TEMP .section 'data'
 143  0000  000A[       _R_IAP_TEMP	db 10 dup(0)
            00
            ]
 143  000A              #pragma debug union_end
 143  000A              #pragma debug union_end
 143  000A              #pragma debug array 45 44 10 1
 143  000A              #pragma debug array 45 44 10 1
 143  000A              #pragma debug variable 45 1 _R_IAP_TEMP "R_IAP_TEMP"
 143  000A              
 143  0000              @HCCINIT .section 'data'
 128  0000              #line 128 "k:\55555555555555\test\saier-a600n-2260-usa4g-aal-bg95-ui-v1.0-6\Variable.c"
 128  0000              public _MODEFLAG
 128  0000              @HCCINIT0_MODEFLAG .section 'data'
 128  0000              _MODEFLAG	db 0
 128  0001              #pragma debug variable 43 1 _MODEFLAG "MODEFLAG"
 128  0001              
 128  0000              @HCCINIT .section 'data'
 123  0000              #line 123 "k:\55555555555555\test\saier-a600n-2260-usa4g-aal-bg95-ui-v1.0-6\Variable.c"
 123  0000              public _Usflag
 123  0000              @HCCINIT0_Usflag .section 'data'
 123  0000              _Usflag	db 0
 123  0001              #pragma debug variable 43 1 _Usflag "Usflag"
 123  0001              
 123  0000              @HCCINIT .section 'data'
 112  0000              #line 112 "k:\55555555555555\test\saier-a600n-2260-usa4g-aal-bg95-ui-v1.0-6\Variable.c"
 112  0000              public _ERFLAG
 112  0000              @HCCINIT0_ERFLAG .section 'data'
 112  0000              _ERFLAG	db 0
 112  0001              #pragma debug variable 43 1 _ERFLAG "ERFLAG"
 112  0001              
 112  0000              @HCCINIT .section 'data'
 100  0000              #line 100 "k:\55555555555555\test\saier-a600n-2260-usa4g-aal-bg95-ui-v1.0-6\Variable.c"
 100  0000              public _R3FLAG
 100  0000              @HCCINIT0_R3FLAG .section 'data'
 100  0000              _R3FLAG	db 0
 100  0001              #pragma debug variable 43 1 _R3FLAG "R3FLAG"
文件：Variable.c   编译器版本 HGASM 0202 页次3

 100  0001              
 100  0000              @HCCINIT .section 'data'
  89  0000              #line 89 "k:\55555555555555\test\saier-a600n-2260-usa4g-aal-bg95-ui-v1.0-6\Variable.c"
  89  0000              public _R2FLAG
  89  0000              @HCCINIT0_R2FLAG .section 'data'
  89  0000              _R2FLAG	db 0
  89  0001              #pragma debug variable 43 1 _R2FLAG "R2FLAG"
  89  0001              
  89  0000              @HCCINIT .section 'data'
  77  0000              #line 77 "k:\55555555555555\test\saier-a600n-2260-usa4g-aal-bg95-ui-v1.0-6\Variable.c"
  77  0000              public _TIMERFLAG
  77  0000              @HCCINIT0_TIMERFLAG .section 'data'
  77  0000              _TIMERFLAG	db 0
  77  0001              #pragma debug variable 43 1 _TIMERFLAG "TIMERFLAG"
  77  0001              
  77  0000              @HCCINIT .section 'data'
  66  0000              #line 66 "k:\55555555555555\test\saier-a600n-2260-usa4g-aal-bg95-ui-v1.0-6\Variable.c"
  66  0000              public _KEYFLAG
  66  0000              @HCCINIT0_KEYFLAG .section 'data'
  66  0000  0002[       _KEYFLAG	db 2 dup(0)
            00
            ]
  66  0002              #pragma debug struct_end
  66  0002              #pragma debug struct_end
  66  0002              #pragma debug union_end
  66  0002              #pragma debug union_end
  66  0002              #pragma debug variable 47 1 _KEYFLAG "KEYFLAG"
  66  0002              
  66  0000              @HCCINIT .section 'data'
  65  0000              #line 65 "k:\55555555555555\test\saier-a600n-2260-usa4g-aal-bg95-ui-v1.0-6\Variable.c"
  65  0000              public _R_KEYSTATUS
  65  0000              @HCCINIT0_R_KEYSTATUS .section 'data'
  65  0000              _R_KEYSTATUS	db 0
  65  0001              #pragma debug variable 43 1 _R_KEYSTATUS "R_KEYSTATUS"
  65  0001              
  65  0000              @HCCINIT .section 'data'
  63  0000              #line 63 "k:\55555555555555\test\saier-a600n-2260-usa4g-aal-bg95-ui-v1.0-6\Variable.c"
  63  0000              public _pres_avl
  63  0000              @HCCINIT0_pres_avl .section 'data'
  63  0000  0002[       _pres_avl	db 2 dup(0)
            00
            ]
  63  0002              #pragma debug struct_end
  63  0002              #pragma debug struct_end
  63  0002              #pragma debug union_end
  63  0002              #pragma debug union_end
  63  0002              #pragma debug variable 49 1 _pres_avl "pres_avl"
  63  0002              
  63  0000              @HCCINIT .section 'data'
  62  0000              #line 62 "k:\55555555555555\test\saier-a600n-2260-usa4g-aal-bg95-ui-v1.0-6\Variable.c"
  62  0000              public _ADCVALV
  62  0000              @HCCINIT0_ADCVALV .section 'data'
  62  0000  0002[       _ADCVALV	db 2 dup(0)
            00
            ]
  62  0002              #pragma debug variable 49 1 _ADCVALV "ADCVALV"
  62  0002              
  62  0000              @HCCINIT .section 'data'
  61  0000              #line 61 "k:\55555555555555\test\saier-a600n-2260-usa4g-aal-bg95-ui-v1.0-6\Variable.c"
  61  0000              public _PWMDATA
文件：Variable.c   编译器版本 HGASM 0202 页次4

  61  0000              @HCCINIT0_PWMDATA .section 'data'
  61  0000  0002[       _PWMDATA	db 2 dup(0)
            00
            ]
  61  0002              #pragma debug variable 49 1 _PWMDATA "PWMDATA"
  61  0002              
  61  0000              @HCCINIT .section 'data'
  60  0000              #line 60 "k:\55555555555555\test\saier-a600n-2260-usa4g-aal-bg95-ui-v1.0-6\Variable.c"
  60  0000              public _R_TIMEOUT_SECOND
  60  0000              @HCCINIT0_R_TIMEOUT_SECOND .section 'data'
  60  0000              _R_TIMEOUT_SECOND	db 0
  60  0001              #pragma debug variable 8 1 _R_TIMEOUT_SECOND "R_TIMEOUT_SECOND"
  60  0001              
  60  0000              @HCCINIT .section 'data'
  52  0000              #line 52 "k:\55555555555555\test\saier-a600n-2260-usa4g-aal-bg95-ui-v1.0-6\Variable.c"
  52  0000              public _gu8v_KeyCurrent
  52  0000              @HCCINIT0_gu8v_KeyCurrent .section 'data'
  52  0000              _gu8v_KeyCurrent	db 0
  52  0001              #pragma debug variable 43 1 _gu8v_KeyCurrent "gu8v_KeyCurrent"
  52  0001              
  52  0000              @HCCINIT .section 'data'
  51  0000              #line 51 "k:\55555555555555\test\saier-a600n-2260-usa4g-aal-bg95-ui-v1.0-6\Variable.c"
  51  0000              public _gu8v_Keypress_time
  51  0000              @HCCINIT0_gu8v_Keypress_time .section 'data'
  51  0000  0002[       _gu8v_Keypress_time	db 2 dup(0)
            00
            ]
  51  0002              #pragma debug variable 10 1 _gu8v_Keypress_time "gu8v_Keypress_time"
  51  0002              
  51  0000              @HCCINIT .section 'data'
  50  0000              #line 50 "k:\55555555555555\test\saier-a600n-2260-usa4g-aal-bg95-ui-v1.0-6\Variable.c"
  50  0000              public _gu8v_KeyLast
  50  0000              @HCCINIT0_gu8v_KeyLast .section 'data'
  50  0000              _gu8v_KeyLast	db 0
  50  0001              #pragma debug variable 8 1 _gu8v_KeyLast "gu8v_KeyLast"
  50  0001              
  50  0000              @HCCINIT .section 'data'
  49  0000              #line 49 "k:\55555555555555\test\saier-a600n-2260-usa4g-aal-bg95-ui-v1.0-6\Variable.c"
  49  0000              public _gu8v_KeyUp
  49  0000              @HCCINIT0_gu8v_KeyUp .section 'data'
  49  0000              _gu8v_KeyUp	db 0
  49  0001              #pragma debug variable 43 1 _gu8v_KeyUp "gu8v_KeyUp"
  49  0001              
  49  0000              @HCCINIT .section 'data'
  48  0000              #line 48 "k:\55555555555555\test\saier-a600n-2260-usa4g-aal-bg95-ui-v1.0-6\Variable.c"
  48  0000              public _gu8v_KeyPress
  48  0000              @HCCINIT0_gu8v_KeyPress .section 'data'
  48  0000              _gu8v_KeyPress	db 0
  48  0001              #pragma debug variable 43 1 _gu8v_KeyPress "gu8v_KeyPress"
  48  0001              
  48  0000              @HCCINIT .section 'data'
  47  0000              #line 47 "k:\55555555555555\test\saier-a600n-2260-usa4g-aal-bg95-ui-v1.0-6\Variable.c"
  47  0000              public _gu8v_KeyNoChangedTime
  47  0000              @HCCINIT0_gu8v_KeyNoChangedTime .section 'data'
  47  0000              _gu8v_KeyNoChangedTime	db 0
  47  0001              #pragma debug variable 8 1 _gu8v_KeyNoChangedTime "gu8v_KeyNoChangedTime"
  47  0001              
  47  0000              @HCCINIT .section 'data'
  46  0000              #line 46 "k:\55555555555555\test\saier-a600n-2260-usa4g-aal-bg95-ui-v1.0-6\Variable.c"
  46  0000              public _gu8v_KeyOld
文件：Variable.c   编译器版本 HGASM 0202 页次5

  46  0000              @HCCINIT0_gu8v_KeyOld .section 'data'
  46  0000              _gu8v_KeyOld	db 0
  46  0001              #pragma debug variable 8 1 _gu8v_KeyOld "gu8v_KeyOld"
  46  0001              
  46  0000              @HCCINIT .section 'data'
  45  0000              #line 45 "k:\55555555555555\test\saier-a600n-2260-usa4g-aal-bg95-ui-v1.0-6\Variable.c"
  45  0000              public _gu8v_KeyDown
  45  0000              @HCCINIT0_gu8v_KeyDown .section 'data'
  45  0000              _gu8v_KeyDown	db 0
  45  0001              #pragma debug variable 43 1 _gu8v_KeyDown "gu8v_KeyDown"
  45  0001              
  45  0000              @HCCINIT .section 'data'
  24  0000              #line 24 "k:\55555555555555\test\saier-a600n-2260-usa4g-aal-bg95-ui-v1.0-6\Variable.c"
  24  0000              public _R_alarm_clock
  24  0000              @HCCINIT0_R_alarm_clock .section 'data'
  24  0000              _R_alarm_clock	db 0
  24  0001              #pragma debug variable 43 1 _R_alarm_clock "R_alarm_clock"
  24  0001              
  24  0000              @HCCINIT .section 'data'
  23  0000              #line 23 "k:\55555555555555\test\saier-a600n-2260-usa4g-aal-bg95-ui-v1.0-6\Variable.c"
  23  0000              public _R_10ms_COUNT
  23  0000              @HCCINIT0_R_10ms_COUNT .section 'data'
  23  0000              _R_10ms_COUNT	db 0
  23  0001              #pragma debug variable 8 1 _R_10ms_COUNT "R_10ms_COUNT"
  23  0001              
  23  0000              @HCCINIT .section 'data'
  22  0000              #line 22 "k:\55555555555555\test\saier-a600n-2260-usa4g-aal-bg95-ui-v1.0-6\Variable.c"
  22  0000              public _R_DISPLAY_COUNT
  22  0000              @HCCINIT0_R_DISPLAY_COUNT .section 'data'
  22  0000              _R_DISPLAY_COUNT	db 0
  22  0001              #pragma debug variable 8 1 _R_DISPLAY_COUNT "R_DISPLAY_COUNT"
  22  0001              
  22  0000              @HCCINIT .section 'data'
  21  0000              #line 21 "k:\55555555555555\test\saier-a600n-2260-usa4g-aal-bg95-ui-v1.0-6\Variable.c"
  21  0000              public _R_BK_MP
  21  0000              @HCCINIT0_R_BK_MP .section 'data'
  21  0000              _R_BK_MP	db 0
  21  0001              #pragma debug variable 8 1 _R_BK_MP "R_BK_MP"
  21  0001              
  21  0000              @HCCINIT .section 'data'
  20  0000              #line 20 "k:\55555555555555\test\saier-a600n-2260-usa4g-aal-bg95-ui-v1.0-6\Variable.c"
  20  0000              public _R_TIMEBASE
  20  0000              @HCCINIT0_R_TIMEBASE .section 'data'
  20  0000              _R_TIMEBASE	db 0
  20  0001              #pragma debug variable 8 1 _R_TIMEBASE "R_TIMEBASE"
  20  0001              
  20  0000              @HCCINIT .section 'data'
  19  0000              #line 19 "k:\55555555555555\test\saier-a600n-2260-usa4g-aal-bg95-ui-v1.0-6\Variable.c"
  19  0000              public _R_KEYHOLDTIME
  19  0000              @HCCINIT0_R_KEYHOLDTIME .section 'data'
  19  0000              _R_KEYHOLDTIME	db 0
  19  0001              #pragma debug variable 8 1 _R_KEYHOLDTIME "R_KEYHOLDTIME"
  19  0001              
  19  0000              @HCCINIT .section 'data'
  18  0000              #line 18 "k:\55555555555555\test\saier-a600n-2260-usa4g-aal-bg95-ui-v1.0-6\Variable.c"
  18  0000              public _R_DISPLAYCOUNTER
  18  0000              @HCCINIT0_R_DISPLAYCOUNTER .section 'data'
  18  0000              _R_DISPLAYCOUNTER	db 0
  18  0001              #pragma debug variable 8 1 _R_DISPLAYCOUNTER "R_DISPLAYCOUNTER"
  18  0001              
文件：Variable.c   编译器版本 HGASM 0202 页次6

  18  0000              @HCCINIT .section 'data'
  17  0000              #line 17 "k:\55555555555555\test\saier-a600n-2260-usa4g-aal-bg95-ui-v1.0-6\Variable.c"
  17  0000              public _R_DISPLAYTIME
  17  0000              @HCCINIT0_R_DISPLAYTIME .section 'data'
  17  0000              _R_DISPLAYTIME	db 0
  17  0001              #pragma debug variable 8 1 _R_DISPLAYTIME "R_DISPLAYTIME"
  17  0001              
  17  0000              @HCCINIT .section 'data'
  16  0000              #line 16 "k:\55555555555555\test\saier-a600n-2260-usa4g-aal-bg95-ui-v1.0-6\Variable.c"
  16  0000              public _BCD
  16  0000              @HCCINIT0_BCD .section 'data'
  16  0000  0006[       _BCD	db 6 dup(0)
            00
            ]
  16  0006              #pragma debug array 50 44 6 1
  16  0006              #pragma debug array 50 44 6 1
  16  0006              #pragma debug variable 50 1 _BCD "BCD"
  16  0006              
  16  0000              @HCCINIT .section 'data'
  15  0000              #line 15 "k:\55555555555555\test\saier-a600n-2260-usa4g-aal-bg95-ui-v1.0-6\Variable.c"
  15  0000              public _R_TEMPDATA
  15  0000              @HCCINIT0_R_TEMPDATA .section 'data'
  15  0000  0002[       _R_TEMPDATA	db 2 dup(0)
            00
            ]
  15  0002              #pragma debug variable 49 1 _R_TEMPDATA "R_TEMPDATA"
  15  0002              
  15  0000              @HCCINIT .section 'data'
  14  0000              #line 14 "k:\55555555555555\test\saier-a600n-2260-usa4g-aal-bg95-ui-v1.0-6\Variable.c"
  14  0000              public _GSM_DATA_CNT
  14  0000              @HCCINIT0_GSM_DATA_CNT .section 'data'
  14  0000              _GSM_DATA_CNT	db 0
  14  0001              #pragma debug variable 8 1 _GSM_DATA_CNT "GSM_DATA_CNT"
  14  0001              
  14  0000              @HCCINIT .section 'data'
  13  0000              #line 13 "k:\55555555555555\test\saier-a600n-2260-usa4g-aal-bg95-ui-v1.0-6\Variable.c"
  13  0000              public _keyvalGSM
  13  0000              @HCCINIT0_keyvalGSM .section 'data'
  13  0000              _keyvalGSM	db 0
  13  0001              #pragma debug variable 8 1 _keyvalGSM "keyvalGSM"
  13  0001              
  13  0000              @HCCINIT .section 'data'
  12  0000              #line 12 "k:\55555555555555\test\saier-a600n-2260-usa4g-aal-bg95-ui-v1.0-6\Variable.c"
  12  0000              public _keyval
  12  0000              @HCCINIT0_keyval .section 'data'
  12  0000              _keyval	db 0
  12  0001              #pragma debug variable 8 1 _keyval "keyval"
  12  0001              
  12  0000              @HCCINIT .section 'data'
  11  0000              #line 11 "k:\55555555555555\test\saier-a600n-2260-usa4g-aal-bg95-ui-v1.0-6\Variable.c"
  11  0000              public _R_PLUSE
  11  0000              @HCCINIT0_R_PLUSE .section 'data'
  11  0000              _R_PLUSE	db 0
  11  0001              #pragma debug variable 8 1 _R_PLUSE "R_PLUSE"
  11  0001              
  11  0000              @HCCINIT .section 'data'
   9  0000              #line 9 "k:\55555555555555\test\saier-a600n-2260-usa4g-aal-bg95-ui-v1.0-6\Variable.c"
   9  0000              public _PRE_DIA
   9  0000              @HCCINIT0_PRE_DIA .section 'data'
   9  0000  0002[       _PRE_DIA	db 2 dup(0)
文件：Variable.c   编译器版本 HGASM 0202 页次7

            00
            ]
   9  0002              #pragma debug variable 49 1 _PRE_DIA "PRE_DIA"
   9  0002              
   9  0000              @HCCINIT .section 'data'
   8  0000              #line 8 "k:\55555555555555\test\saier-a600n-2260-usa4g-aal-bg95-ui-v1.0-6\Variable.c"
   8  0000              public _PRE_SYS
   8  0000              @HCCINIT0_PRE_SYS .section 'data'
   8  0000  0002[       _PRE_SYS	db 2 dup(0)
            00
            ]
   8  0002              #pragma debug variable 49 1 _PRE_SYS "PRE_SYS"
   8  0002              
   8  0000              @HCCINIT .section 'data'
   8  0000              
   8  0000              ; 
   8  0000              ; Generated by holtek-gcc v3.19, Tue Jul 26 12:07:01 2022
   8  0000              ; Rebuild 718
   8  0000              ; end of file


        0 Errors, 0